2016-12-06 14:54:09 deinitializing
2016-12-06 14:54:09 Waiting for main to terminate...
2016-12-06 14:54:11 Waiting for client threads to terminate...
2016-12-06 14:54:11 Logfile cache: flushing complete cache.
2016-12-06 16:24:57 deinitializing
2016-12-06 16:24:57 Waiting for main to terminate...
2016-12-06 16:24:57 Waiting for client threads to terminate...
2016-12-06 16:24:57 Logfile cache: flushing complete cache.
2016-12-07 19:08:10 deinitializing
2016-12-07 19:08:10 Waiting for main to terminate...
2016-12-07 19:08:10 Waiting for client threads to terminate...
2016-12-07 19:08:10 Logfile cache: flushing complete cache.
2016-12-07 19:14:25 deinitializing
2016-12-07 19:14:25 Waiting for main to terminate...
2016-12-07 19:14:25 Waiting for client threads to terminate...
2016-12-07 19:14:25 Logfile cache: flushing complete cache.
2016-12-07 19:20:55 deinitializing
2016-12-07 19:20:55 Waiting for main to terminate...
2016-12-07 19:20:57 Waiting for client threads to terminate...
2016-12-07 19:20:57 Logfile cache: flushing complete cache.
2016-12-07 19:33:07 deinitializing
2016-12-07 19:33:07 Waiting for main to terminate...
2016-12-07 19:33:09 Waiting for client threads to terminate...
2016-12-07 19:33:09 Logfile cache: flushing complete cache.
2016-12-07 19:36:10 deinitializing
2016-12-07 19:36:10 Waiting for main to terminate...
2016-12-07 19:36:12 Waiting for client threads to terminate...
2016-12-07 19:36:12 Logfile cache: flushing complete cache.
2016-12-09 08:29:49 deinitializing
2016-12-09 08:29:49 Waiting for main to terminate...
2016-12-09 08:29:49 Waiting for client threads to terminate...
2016-12-09 08:29:49 Logfile cache: flushing complete cache.
2016-12-10 07:32:16 deinitializing
2016-12-10 07:32:16 Waiting for main to terminate...
2016-12-10 07:32:17 Waiting for client threads to terminate...
2016-12-10 07:32:17 Logfile cache: flushing complete cache.
2016-12-10 07:44:30 deinitializing
2016-12-10 07:44:30 Waiting for main to terminate...
2016-12-10 07:44:31 Waiting for client threads to terminate...
2016-12-10 07:44:31 Logfile cache: flushing complete cache.
2016-12-10 10:06:23 deinitializing
2016-12-10 10:06:23 Waiting for main to terminate...
2016-12-10 10:06:24 Waiting for client threads to terminate...
2016-12-10 10:06:24 Logfile cache: flushing complete cache.
2016-12-10 13:29:23 deinitializing
2016-12-10 13:29:23 Waiting for main to terminate...
2016-12-10 13:29:24 Waiting for client threads to terminate...
2016-12-10 13:29:24 Logfile cache: flushing complete cache.
2016-12-10 13:47:30 deinitializing
2016-12-10 13:47:30 Waiting for main to terminate...
2016-12-10 13:47:31 Waiting for client threads to terminate...
2016-12-10 13:47:31 Logfile cache: flushing complete cache.
2016-12-13 12:32:58 deinitializing
2016-12-13 12:32:58 Waiting for main to terminate...
2016-12-13 12:33:00 Waiting for client threads to terminate...
2016-12-13 12:33:00 Logfile cache: flushing complete cache.
2016-12-13 12:42:28 deinitializing
2016-12-13 12:42:28 Waiting for main to terminate...
2016-12-13 12:42:29 Waiting for client threads to terminate...
2016-12-13 12:42:29 Logfile cache: flushing complete cache.
2016-12-13 12:42:59 deinitializing
2016-12-13 12:42:59 Waiting for main to terminate...
2016-12-13 12:43:00 Waiting for client threads to terminate...
2016-12-13 12:43:00 Logfile cache: flushing complete cache.
2016-12-13 12:46:14 deinitializing
2016-12-13 12:46:14 Waiting for main to terminate...
2016-12-13 12:46:16 Waiting for client threads to terminate...
2016-12-13 12:46:16 Logfile cache: flushing complete cache.
2016-12-13 12:56:55 deinitializing
2016-12-13 12:56:55 Waiting for main to terminate...
2016-12-13 12:56:57 Waiting for client threads to terminate...
2016-12-13 12:56:57 Logfile cache: flushing complete cache.
2016-12-13 16:42:04 deinitializing
2016-12-13 16:42:04 Waiting for main to terminate...
2016-12-13 16:42:06 Waiting for client threads to terminate...
2016-12-13 16:42:06 Logfile cache: flushing complete cache.
2016-12-13 16:45:12 deinitializing
2016-12-13 16:45:12 Waiting for main to terminate...
2016-12-13 16:45:15 Waiting for client threads to terminate...
2016-12-13 16:45:15 Logfile cache: flushing complete cache.
2016-12-13 16:54:26 deinitializing
2016-12-13 16:54:26 Waiting for main to terminate...
2016-12-13 16:54:26 Waiting for client threads to terminate...
2016-12-13 16:54:26 Logfile cache: flushing complete cache.
2016-12-13 16:57:35 deinitializing
2016-12-13 16:57:35 Waiting for main to terminate...
2016-12-13 16:57:37 Waiting for client threads to terminate...
2016-12-13 16:57:37 Logfile cache: flushing complete cache.
2016-12-13 17:05:06 deinitializing
2016-12-13 17:05:06 Waiting for main to terminate...
2016-12-13 17:05:08 Waiting for client threads to terminate...
2016-12-13 17:05:08 Logfile cache: flushing complete cache.
2016-12-13 17:05:43 deinitializing
2016-12-13 17:05:43 Waiting for main to terminate...
2016-12-13 17:05:44 Waiting for client threads to terminate...
2016-12-13 17:05:44 Logfile cache: flushing complete cache.
2016-12-14 04:36:31 deinitializing
2016-12-14 04:36:31 Waiting for main to terminate...
2016-12-14 04:36:34 Waiting for client threads to terminate...
2016-12-14 04:36:34 Logfile cache: flushing complete cache.
2016-12-15 03:27:44 deinitializing
2016-12-15 03:27:44 Waiting for main to terminate...
2016-12-15 03:27:46 Waiting for client threads to terminate...
2016-12-15 03:27:46 Logfile cache: flushing complete cache.
2016-12-15 06:55:55 deinitializing
2016-12-15 06:55:55 Waiting for main to terminate...
2016-12-15 06:55:56 Waiting for client threads to terminate...
2016-12-15 06:55:56 Logfile cache: flushing complete cache.
2016-12-16 03:42:36 deinitializing
2016-12-16 03:42:36 Waiting for main to terminate...
2016-12-16 03:42:38 Waiting for client threads to terminate...
2016-12-16 03:42:38 Logfile cache: flushing complete cache.
2016-12-16 18:27:04 deinitializing
2016-12-16 18:27:04 Waiting for main to terminate...
2016-12-16 18:27:04 Waiting for client threads to terminate...
2016-12-16 18:27:04 Logfile cache: flushing complete cache.
2016-12-16 18:32:40 deinitializing
2016-12-16 18:32:40 Waiting for main to terminate...
2016-12-16 18:32:40 Waiting for client threads to terminate...
2016-12-16 18:32:40 Logfile cache: flushing complete cache.
2016-12-17 05:43:44 deinitializing
2016-12-17 05:43:44 Waiting for main to terminate...
2016-12-17 05:43:46 Waiting for client threads to terminate...
2016-12-17 05:43:46 Logfile cache: flushing complete cache.
2016-12-17 05:50:29 deinitializing
2016-12-17 05:50:29 Waiting for main to terminate...
2016-12-17 05:50:30 Waiting for client threads to terminate...
2016-12-17 05:50:30 Logfile cache: flushing complete cache.
2016-12-17 06:14:57 deinitializing
2016-12-17 06:14:57 Waiting for main to terminate...
2016-12-17 06:15:00 Waiting for client threads to terminate...
2016-12-17 06:15:00 Logfile cache: flushing complete cache.
2016-12-17 06:25:30 deinitializing
2016-12-17 06:25:30 Waiting for main to terminate...
2016-12-17 06:25:31 Waiting for client threads to terminate...
2016-12-17 06:25:31 Logfile cache: flushing complete cache.
2016-12-17 06:32:32 deinitializing
2016-12-17 06:32:32 Waiting for main to terminate...
2016-12-17 06:32:32 Waiting for client threads to terminate...
2016-12-17 06:32:32 Logfile cache: flushing complete cache.
2016-12-17 06:37:57 deinitializing
2016-12-17 06:37:57 Waiting for main to terminate...
2016-12-17 06:37:58 Waiting for client threads to terminate...
2016-12-17 06:37:58 Logfile cache: flushing complete cache.
2016-12-17 06:43:21 deinitializing
2016-12-17 06:43:21 Waiting for main to terminate...
2016-12-17 06:43:24 Waiting for client threads to terminate...
2016-12-17 06:43:24 Logfile cache: flushing complete cache.
2016-12-17 07:04:31 deinitializing
2016-12-17 07:04:31 Waiting for main to terminate...
2016-12-17 07:04:31 Waiting for client threads to terminate...
2016-12-17 07:04:31 Logfile cache: flushing complete cache.
2016-12-17 07:05:24 deinitializing
2016-12-17 07:05:24 Waiting for main to terminate...
2016-12-17 07:05:24 Waiting for client threads to terminate...
2016-12-17 07:05:24 Logfile cache: flushing complete cache.
2016-12-17 07:18:51 deinitializing
2016-12-17 07:18:51 Waiting for main to terminate...
2016-12-17 07:18:54 Waiting for client threads to terminate...
2016-12-17 07:18:54 Logfile cache: flushing complete cache.
2016-12-17 07:32:16 deinitializing
2016-12-17 07:32:16 Waiting for main to terminate...
2016-12-17 07:32:16 Waiting for client threads to terminate...
2016-12-17 07:32:16 Logfile cache: flushing complete cache.
2016-12-17 08:02:35 deinitializing
2016-12-17 08:02:35 Waiting for main to terminate...
2016-12-17 08:02:36 Waiting for client threads to terminate...
2016-12-17 08:02:36 Logfile cache: flushing complete cache.
2016-12-17 08:10:47 deinitializing
2016-12-17 08:10:47 Waiting for main to terminate...
2016-12-17 08:10:48 Waiting for client threads to terminate...
2016-12-17 08:10:48 Logfile cache: flushing complete cache.
2016-12-17 08:19:41 deinitializing
2016-12-17 08:19:41 Waiting for main to terminate...
2016-12-17 08:19:42 Waiting for client threads to terminate...
2016-12-17 08:19:42 Logfile cache: flushing complete cache.
2016-12-17 10:32:26 deinitializing
2016-12-17 10:32:26 Waiting for main to terminate...
2016-12-17 10:32:28 Waiting for client threads to terminate...
2016-12-17 10:32:28 Logfile cache: flushing complete cache.
2016-12-17 10:33:13 deinitializing
2016-12-17 10:33:13 Waiting for main to terminate...
2016-12-17 10:33:14 Waiting for client threads to terminate...
2016-12-17 10:33:14 Logfile cache: flushing complete cache.
2016-12-17 10:33:16 deinitializing
2016-12-17 10:33:16 Waiting for main to terminate...
2016-12-17 10:33:17 Waiting for client threads to terminate...
2016-12-17 10:33:17 Logfile cache: flushing complete cache.
2016-12-17 10:40:30 deinitializing
2016-12-17 10:40:30 Waiting for main to terminate...
2016-12-17 10:40:31 Waiting for client threads to terminate...
2016-12-17 10:40:31 Logfile cache: flushing complete cache.
2016-12-17 12:16:43 deinitializing
2016-12-17 12:16:43 Waiting for main to terminate...
2016-12-17 12:16:44 Waiting for client threads to terminate...
2016-12-17 12:16:44 Logfile cache: flushing complete cache.
2016-12-17 15:39:33 deinitializing
2016-12-17 15:39:33 Waiting for main to terminate...
2016-12-17 15:39:35 Waiting for client threads to terminate...
2016-12-17 15:39:35 Logfile cache: flushing complete cache.
2016-12-17 15:47:11 deinitializing
2016-12-17 15:47:11 Waiting for main to terminate...
2016-12-17 15:47:11 Waiting for client threads to terminate...
2016-12-17 15:47:11 Logfile cache: flushing complete cache.
2016-12-17 16:14:09 deinitializing
2016-12-17 16:14:09 Waiting for main to terminate...
2016-12-17 16:14:11 Waiting for client threads to terminate...
2016-12-17 16:14:11 Logfile cache: flushing complete cache.
2016-12-17 16:22:44 deinitializing
2016-12-17 16:22:44 Waiting for main to terminate...
2016-12-17 16:22:45 Waiting for client threads to terminate...
2016-12-17 16:22:45 Logfile cache: flushing complete cache.
2016-12-18 18:48:20 deinitializing
2016-12-18 18:48:20 Waiting for main to terminate...
2016-12-18 18:48:20 Waiting for client threads to terminate...
2016-12-18 18:48:20 Logfile cache: flushing complete cache.
2016-12-18 20:29:54 deinitializing
2016-12-18 20:29:54 Waiting for main to terminate...
2016-12-18 20:29:54 Waiting for client threads to terminate...
2016-12-18 20:29:54 Logfile cache: flushing complete cache.
2016-12-18 20:59:07 deinitializing
2016-12-18 20:59:07 Waiting for main to terminate...
2016-12-18 20:59:08 Waiting for client threads to terminate...
2016-12-18 20:59:08 Logfile cache: flushing complete cache.
2016-12-18 21:06:37 deinitializing
2016-12-18 21:06:37 Waiting for main to terminate...
2016-12-18 21:06:37 Waiting for client threads to terminate...
2016-12-18 21:06:37 Logfile cache: flushing complete cache.
2016-12-18 21:07:28 deinitializing
2016-12-18 21:07:28 Waiting for main to terminate...
2016-12-18 21:07:28 Waiting for client threads to terminate...
2016-12-18 21:07:28 Logfile cache: flushing complete cache.
2016-12-18 21:23:35 deinitializing
2016-12-18 21:23:35 Waiting for main to terminate...
2016-12-18 21:23:35 Waiting for client threads to terminate...
2016-12-18 21:23:35 Logfile cache: flushing complete cache.
2016-12-19 19:46:28 deinitializing
2016-12-19 19:46:28 Waiting for main to terminate...
2016-12-19 19:46:29 Waiting for client threads to terminate...
2016-12-19 19:46:29 Logfile cache: flushing complete cache.
2016-12-23 14:15:07 deinitializing
2016-12-23 14:15:07 Waiting for main to terminate...
2016-12-23 14:15:09 Waiting for client threads to terminate...
2016-12-23 14:15:09 Logfile cache: flushing complete cache.
2016-12-23 14:30:34 deinitializing
2016-12-23 14:30:34 Waiting for main to terminate...
2016-12-23 14:30:34 Waiting for client threads to terminate...
2016-12-23 14:30:34 Logfile cache: flushing complete cache.
2016-12-27 08:47:49 deinitializing
2016-12-27 08:47:49 Waiting for main to terminate...
2016-12-27 08:47:50 Waiting for client threads to terminate...
2016-12-27 08:47:50 Logfile cache: flushing complete cache.
2017-01-20 04:37:19 deinitializing
2017-01-20 04:37:19 Waiting for main to terminate...
2017-01-20 04:37:19 Waiting for client threads to terminate...
2017-01-20 04:37:19 Logfile cache: flushing complete cache.
2017-01-20 04:39:41 deinitializing
2017-01-20 04:39:41 Waiting for main to terminate...
2017-01-20 04:39:42 Waiting for client threads to terminate...
2017-01-20 04:39:42 Logfile cache: flushing complete cache.
2017-01-20 04:48:06 deinitializing
2017-01-20 04:48:06 Waiting for main to terminate...
2017-01-20 04:48:06 Waiting for client threads to terminate...
2017-01-20 04:48:06 Logfile cache: flushing complete cache.
2017-01-20 04:51:22 deinitializing
2017-01-20 04:51:22 Waiting for main to terminate...
2017-01-20 04:51:25 Waiting for client threads to terminate...
2017-01-20 04:51:25 Logfile cache: flushing complete cache.
2017-01-20 04:53:58 deinitializing
2017-01-20 04:53:58 Waiting for main to terminate...
2017-01-20 04:53:58 Waiting for client threads to terminate...
2017-01-20 04:53:58 Logfile cache: flushing complete cache.
2017-01-20 04:55:05 deinitializing
2017-01-20 04:55:05 Waiting for main to terminate...
2017-01-20 04:55:06 Waiting for client threads to terminate...
2017-01-20 04:55:06 Logfile cache: flushing complete cache.
2017-01-20 04:57:31 deinitializing
2017-01-20 04:57:31 Waiting for main to terminate...
2017-01-20 04:57:32 Waiting for client threads to terminate...
2017-01-20 04:57:32 Logfile cache: flushing complete cache.
2017-01-20 05:08:04 deinitializing
2017-01-20 05:08:04 Waiting for main to terminate...
2017-01-20 05:08:06 Waiting for client threads to terminate...
2017-01-20 05:08:06 Logfile cache: flushing complete cache.
2017-01-20 05:19:03 deinitializing
2017-01-20 05:19:03 Waiting for main to terminate...
2017-01-20 05:19:05 Waiting for client threads to terminate...
2017-01-20 05:19:05 Logfile cache: flushing complete cache.
2017-01-20 05:25:19 deinitializing
2017-01-20 05:25:19 Waiting for main to terminate...
2017-01-20 05:25:19 Waiting for client threads to terminate...
2017-01-20 05:25:19 Logfile cache: flushing complete cache.
2017-01-20 06:26:00 deinitializing
2017-01-20 06:26:00 Waiting for main to terminate...
2017-01-20 06:26:02 Waiting for client threads to terminate...
2017-01-20 06:26:02 Logfile cache: flushing complete cache.
2017-01-20 06:37:13 deinitializing
2017-01-20 06:37:13 Waiting for main to terminate...
2017-01-20 06:37:14 Waiting for client threads to terminate...
2017-01-20 06:37:14 Logfile cache: flushing complete cache.
2017-01-20 07:06:24 deinitializing
2017-01-20 07:06:24 Waiting for main to terminate...
2017-01-20 07:06:26 Waiting for client threads to terminate...
2017-01-20 07:06:26 Logfile cache: flushing complete cache.
2017-01-20 07:12:10 deinitializing
2017-01-20 07:12:10 Waiting for main to terminate...
2017-01-20 07:12:13 Waiting for client threads to terminate...
2017-01-20 07:12:13 Logfile cache: flushing complete cache.
2017-01-20 07:17:15 deinitializing
2017-01-20 07:17:15 Waiting for main to terminate...
2017-01-20 07:17:16 Waiting for client threads to terminate...
2017-01-20 07:17:16 Logfile cache: flushing complete cache.
2017-01-20 08:06:05 deinitializing
2017-01-20 08:06:05 Waiting for main to terminate...
2017-01-20 08:06:05 Waiting for client threads to terminate...
2017-01-20 08:06:05 Logfile cache: flushing complete cache.
2017-01-20 08:17:18 deinitializing
2017-01-20 08:17:18 Waiting for main to terminate...
2017-01-20 08:17:20 Waiting for client threads to terminate...
2017-01-20 08:17:20 Logfile cache: flushing complete cache.
2017-01-22 07:01:13 deinitializing
2017-01-22 07:01:13 Waiting for main to terminate...
2017-01-22 07:01:14 Waiting for client threads to terminate...
2017-01-22 07:01:14 Logfile cache: flushing complete cache.
2017-01-22 10:09:26 deinitializing
2017-01-22 10:09:26 Waiting for main to terminate...
2017-01-22 10:09:29 Waiting for client threads to terminate...
2017-01-22 10:09:29 Logfile cache: flushing complete cache.
2017-01-22 10:10:16 deinitializing
2017-01-22 10:10:16 Waiting for main to terminate...
2017-01-22 10:10:17 Waiting for client threads to terminate...
2017-01-22 10:10:17 Logfile cache: flushing complete cache.
2017-01-22 10:10:31 deinitializing
2017-01-22 10:10:31 Waiting for main to terminate...
2017-01-22 10:10:32 Waiting for client threads to terminate...
2017-01-22 10:10:32 Logfile cache: flushing complete cache.
2017-01-22 10:18:03 deinitializing
2017-01-22 10:18:03 Waiting for main to terminate...
2017-01-22 10:18:06 Waiting for client threads to terminate...
2017-01-22 10:18:06 Logfile cache: flushing complete cache.
2017-01-22 10:20:29 deinitializing
2017-01-22 10:20:29 Waiting for main to terminate...
2017-01-22 10:20:29 Waiting for client threads to terminate...
2017-01-22 10:20:29 Logfile cache: flushing complete cache.
2017-01-23 12:42:01 deinitializing
2017-01-23 12:42:01 Waiting for main to terminate...
2017-01-23 12:42:01 Waiting for client threads to terminate...
2017-01-23 12:42:01 Logfile cache: flushing complete cache.
2017-01-23 12:52:04 deinitializing
2017-01-23 12:52:04 Waiting for main to terminate...
2017-01-23 12:52:05 Waiting for client threads to terminate...
2017-01-23 12:52:05 Logfile cache: flushing complete cache.
2017-01-23 12:57:16 deinitializing
2017-01-23 12:57:16 Waiting for main to terminate...
2017-01-23 12:57:18 Waiting for client threads to terminate...
2017-01-23 12:57:18 Logfile cache: flushing complete cache.
2017-01-23 12:59:00 deinitializing
2017-01-23 12:59:00 Waiting for main to terminate...
2017-01-23 12:59:01 Waiting for client threads to terminate...
2017-01-23 12:59:01 Logfile cache: flushing complete cache.
2017-01-23 12:59:28 deinitializing
2017-01-23 12:59:28 Waiting for main to terminate...
2017-01-23 12:59:30 Waiting for client threads to terminate...
2017-01-23 12:59:30 Logfile cache: flushing complete cache.
2017-01-23 13:00:30 deinitializing
2017-01-23 13:00:30 Waiting for main to terminate...
2017-01-23 13:00:31 Waiting for client threads to terminate...
2017-01-23 13:00:31 Logfile cache: flushing complete cache.
2017-01-23 13:02:47 deinitializing
2017-01-23 13:02:47 Waiting for main to terminate...
2017-01-23 13:02:49 Waiting for client threads to terminate...
2017-01-23 13:02:49 Logfile cache: flushing complete cache.
2017-01-23 13:32:39 deinitializing
2017-01-23 13:32:39 Waiting for main to terminate...
2017-01-23 13:32:41 Waiting for client threads to terminate...
2017-01-23 13:32:41 Logfile cache: flushing complete cache.
2017-01-23 13:37:36 deinitializing
2017-01-23 13:37:36 Waiting for main to terminate...
2017-01-23 13:37:38 Waiting for client threads to terminate...
2017-01-23 13:37:38 Logfile cache: flushing complete cache.
2017-01-23 13:49:37 deinitializing
2017-01-23 13:49:37 Waiting for main to terminate...
2017-01-23 13:49:37 Waiting for client threads to terminate...
2017-01-23 13:49:37 Logfile cache: flushing complete cache.
2017-02-12 16:17:41 deinitializing
2017-02-12 16:17:41 Waiting for main to terminate...
2017-02-12 16:17:42 Waiting for client threads to terminate...
2017-02-12 16:17:42 Logfile cache: flushing complete cache.
2017-02-12 16:19:09 deinitializing
2017-02-12 16:19:09 Waiting for main to terminate...
2017-02-12 16:19:10 Waiting for client threads to terminate...
2017-02-12 16:19:10 Logfile cache: flushing complete cache.
2017-02-12 16:57:24 deinitializing
2017-02-12 16:57:24 Waiting for main to terminate...
2017-02-12 16:57:24 Waiting for client threads to terminate...
2017-02-12 16:57:24 Logfile cache: flushing complete cache.
2017-02-12 17:09:51 deinitializing
2017-02-12 17:09:51 Waiting for main to terminate...
2017-02-12 17:09:53 Waiting for client threads to terminate...
2017-02-12 17:09:53 Logfile cache: flushing complete cache.
2017-02-12 17:26:53 deinitializing
2017-02-12 17:26:53 Waiting for main to terminate...
2017-02-12 17:26:53 Waiting for client threads to terminate...
2017-02-12 17:26:53 Logfile cache: flushing complete cache.
2017-02-12 17:38:18 deinitializing
2017-02-12 17:38:18 Waiting for main to terminate...
2017-02-12 17:38:20 Waiting for client threads to terminate...
2017-02-12 17:38:20 Logfile cache: flushing complete cache.
2017-02-12 17:41:30 deinitializing
2017-02-12 17:41:30 Waiting for main to terminate...
2017-02-12 17:41:31 Waiting for client threads to terminate...
2017-02-12 17:41:31 Logfile cache: flushing complete cache.
2017-02-13 02:50:51 deinitializing
2017-02-13 02:50:51 Waiting for main to terminate...
2017-02-13 02:50:52 Waiting for client threads to terminate...
2017-02-13 02:50:52 Logfile cache: flushing complete cache.
2017-02-13 03:00:28 deinitializing
2017-02-13 03:00:28 Waiting for main to terminate...
2017-02-13 03:00:28 Waiting for client threads to terminate...
2017-02-13 03:00:28 Logfile cache: flushing complete cache.
2017-02-13 03:12:31 deinitializing
2017-02-13 03:12:31 Waiting for main to terminate...
2017-02-13 03:12:34 Waiting for client threads to terminate...
2017-02-13 03:12:34 Logfile cache: flushing complete cache.
2017-02-13 03:16:46 deinitializing
2017-02-13 03:16:46 Waiting for main to terminate...
2017-02-13 03:16:47 Waiting for client threads to terminate...
2017-02-13 03:16:47 Logfile cache: flushing complete cache.
2017-02-13 03:23:41 deinitializing
2017-02-13 03:23:41 Waiting for main to terminate...
2017-02-13 03:23:43 Waiting for client threads to terminate...
2017-02-13 03:23:43 Logfile cache: flushing complete cache.
2017-02-13 03:29:14 deinitializing
2017-02-13 03:29:14 Waiting for main to terminate...
2017-02-13 03:29:14 Waiting for client threads to terminate...
2017-02-13 03:29:14 Logfile cache: flushing complete cache.
2017-02-13 05:49:35 deinitializing
2017-02-13 05:49:35 Waiting for main to terminate...
2017-02-13 05:49:36 Waiting for client threads to terminate...
2017-02-13 05:49:36 Logfile cache: flushing complete cache.
2017-02-13 06:05:44 deinitializing
2017-02-13 06:05:44 Waiting for main to terminate...
2017-02-13 06:05:45 Waiting for client threads to terminate...
2017-02-13 06:05:45 Logfile cache: flushing complete cache.
2017-02-13 06:11:47 deinitializing
2017-02-13 06:11:47 Waiting for main to terminate...
2017-02-13 06:11:49 Waiting for client threads to terminate...
2017-02-13 06:11:49 Logfile cache: flushing complete cache.
2017-02-13 06:19:38 deinitializing
2017-02-13 06:19:38 Waiting for main to terminate...
2017-02-13 06:19:38 Waiting for client threads to terminate...
2017-02-13 06:19:38 Logfile cache: flushing complete cache.
2017-02-13 06:32:12 deinitializing
2017-02-13 06:32:12 Waiting for main to terminate...
2017-02-13 06:32:14 Waiting for client threads to terminate...
2017-02-13 06:32:14 Logfile cache: flushing complete cache.
2017-02-13 07:13:38 deinitializing
2017-02-13 07:13:38 Waiting for main to terminate...
2017-02-13 07:13:39 Waiting for client threads to terminate...
2017-02-13 07:13:39 Logfile cache: flushing complete cache.
2017-02-13 07:17:31 deinitializing
2017-02-13 07:17:31 Waiting for main to terminate...
2017-02-13 07:17:33 Waiting for client threads to terminate...
2017-02-13 07:17:33 Logfile cache: flushing complete cache.
2017-02-13 07:33:22 deinitializing
2017-02-13 07:33:22 Waiting for main to terminate...
2017-02-13 07:33:22 Waiting for client threads to terminate...
2017-02-13 07:33:22 Logfile cache: flushing complete cache.
2017-02-13 07:36:31 deinitializing
2017-02-13 07:36:31 Waiting for main to terminate...
2017-02-13 07:36:33 Waiting for client threads to terminate...
2017-02-13 07:36:33 Logfile cache: flushing complete cache.
2017-02-13 07:42:02 deinitializing
2017-02-13 07:42:02 Waiting for main to terminate...
2017-02-13 07:42:04 Waiting for client threads to terminate...
2017-02-13 07:42:04 Logfile cache: flushing complete cache.
2017-02-13 07:44:46 deinitializing
2017-02-13 07:44:46 Waiting for main to terminate...
2017-02-13 07:44:47 Waiting for client threads to terminate...
2017-02-13 07:44:47 Logfile cache: flushing complete cache.
2017-02-13 08:03:34 deinitializing
2017-02-13 08:03:34 Waiting for main to terminate...
2017-02-13 08:03:34 Waiting for client threads to terminate...
2017-02-13 08:03:34 Logfile cache: flushing complete cache.
2017-02-13 08:07:20 deinitializing
2017-02-13 08:07:20 Waiting for main to terminate...
2017-02-13 08:07:21 Waiting for client threads to terminate...
2017-02-13 08:07:21 Logfile cache: flushing complete cache.
2017-02-13 08:40:17 deinitializing
2017-02-13 08:40:17 Waiting for main to terminate...
2017-02-13 08:40:18 Waiting for client threads to terminate...
2017-02-13 08:40:18 Logfile cache: flushing complete cache.
2017-02-13 09:17:40 deinitializing
2017-02-13 09:17:40 Waiting for main to terminate...
2017-02-13 09:17:41 Waiting for client threads to terminate...
2017-02-13 09:17:41 Logfile cache: flushing complete cache.
2017-02-13 09:21:58 deinitializing
2017-02-13 09:21:58 Waiting for main to terminate...
2017-02-13 09:21:59 Waiting for client threads to terminate...
2017-02-13 09:21:59 Logfile cache: flushing complete cache.
2017-02-13 09:37:57 deinitializing
2017-02-13 09:37:57 Waiting for main to terminate...
2017-02-13 09:37:57 Waiting for client threads to terminate...
2017-02-13 09:37:57 Logfile cache: flushing complete cache.
2017-02-13 09:49:43 deinitializing
2017-02-13 09:49:43 Waiting for main to terminate...
2017-02-13 09:49:45 Waiting for client threads to terminate...
2017-02-13 09:49:45 Logfile cache: flushing complete cache.
2017-02-13 09:57:39 deinitializing
2017-02-13 09:57:39 Waiting for main to terminate...
2017-02-13 09:57:41 Waiting for client threads to terminate...
2017-02-13 09:57:41 Logfile cache: flushing complete cache.
2017-02-13 12:52:17 deinitializing
2017-02-13 12:52:17 Waiting for main to terminate...
2017-02-13 12:52:17 Waiting for client threads to terminate...
2017-02-13 12:52:17 Logfile cache: flushing complete cache.
2017-02-13 13:16:48 deinitializing
2017-02-13 13:16:48 Waiting for main to terminate...
2017-02-13 13:16:50 Waiting for client threads to terminate...
2017-02-13 13:16:50 Logfile cache: flushing complete cache.
2017-02-13 13:19:00 deinitializing
2017-02-13 13:19:00 Waiting for main to terminate...
2017-02-13 13:19:02 Waiting for client threads to terminate...
2017-02-13 13:19:02 Logfile cache: flushing complete cache.
2017-02-13 13:20:00 deinitializing
2017-02-13 13:20:00 Waiting for main to terminate...
2017-02-13 13:20:00 Waiting for client threads to terminate...
2017-02-13 13:20:00 Logfile cache: flushing complete cache.
2017-02-13 13:42:48 deinitializing
2017-02-13 13:42:48 Waiting for main to terminate...
2017-02-13 13:42:50 Waiting for client threads to terminate...
2017-02-13 13:42:50 Logfile cache: flushing complete cache.
2017-02-14 02:20:32 deinitializing
2017-02-14 02:20:32 Waiting for main to terminate...
2017-02-14 02:20:32 Waiting for client threads to terminate...
2017-02-14 02:20:32 Logfile cache: flushing complete cache.
2017-02-14 02:20:59 deinitializing
2017-02-14 02:20:59 Waiting for main to terminate...
2017-02-14 02:21:01 Waiting for client threads to terminate...
2017-02-14 02:21:01 Logfile cache: flushing complete cache.
2017-02-24 09:45:32 deinitializing
2017-02-24 09:45:32 Waiting for main to terminate...
2017-02-24 09:45:32 Waiting for client threads to terminate...
2017-02-24 09:45:32 Logfile cache: flushing complete cache.
2017-02-24 11:03:21 deinitializing
2017-02-24 11:03:21 Waiting for main to terminate...
2017-02-24 11:03:22 Waiting for client threads to terminate...
2017-02-24 11:03:22 Logfile cache: flushing complete cache.
2017-02-28 14:35:28 deinitializing
2017-02-28 14:35:28 Waiting for main to terminate...
2017-02-28 14:35:29 Waiting for client threads to terminate...
2017-02-28 14:35:29 Logfile cache: flushing complete cache.
2017-02-28 14:38:21 deinitializing
2017-02-28 14:38:21 Waiting for main to terminate...
2017-02-28 14:38:22 Waiting for client threads to terminate...
2017-02-28 14:38:22 Logfile cache: flushing complete cache.
2017-02-28 14:39:17 deinitializing
2017-02-28 14:39:17 Waiting for main to terminate...
2017-02-28 14:39:18 Waiting for client threads to terminate...
2017-02-28 14:39:18 Logfile cache: flushing complete cache.
2017-02-28 14:49:38 deinitializing
2017-02-28 14:49:38 Waiting for main to terminate...
2017-02-28 14:49:40 Waiting for client threads to terminate...
2017-02-28 14:49:40 Logfile cache: flushing complete cache.
2017-02-28 15:04:19 deinitializing
2017-02-28 15:04:19 Waiting for main to terminate...
2017-02-28 15:04:21 Waiting for client threads to terminate...
2017-02-28 15:04:21 Logfile cache: flushing complete cache.
2017-02-28 15:05:39 deinitializing
2017-02-28 15:05:39 Waiting for main to terminate...
2017-02-28 15:05:39 Waiting for client threads to terminate...
2017-02-28 15:05:39 Logfile cache: flushing complete cache.
2017-02-28 15:07:20 deinitializing
2017-02-28 15:07:20 Waiting for main to terminate...
2017-02-28 15:07:20 Waiting for client threads to terminate...
2017-02-28 15:07:20 Logfile cache: flushing complete cache.
2017-02-28 15:08:35 deinitializing
2017-02-28 15:08:35 Waiting for main to terminate...
2017-02-28 15:08:36 Waiting for client threads to terminate...
2017-02-28 15:08:36 Logfile cache: flushing complete cache.
2017-02-28 15:10:21 deinitializing
2017-02-28 15:10:21 Waiting for main to terminate...
2017-02-28 15:10:22 Waiting for client threads to terminate...
2017-02-28 15:10:22 Logfile cache: flushing complete cache.
2017-02-28 15:11:22 deinitializing
2017-02-28 15:11:22 Waiting for main to terminate...
2017-02-28 15:11:23 Waiting for client threads to terminate...
2017-02-28 15:11:23 Logfile cache: flushing complete cache.
2017-02-28 15:12:20 deinitializing
2017-02-28 15:12:20 Waiting for main to terminate...
2017-02-28 15:12:21 Waiting for client threads to terminate...
2017-02-28 15:12:21 Logfile cache: flushing complete cache.
2017-02-28 15:33:37 deinitializing
2017-02-28 15:33:37 Waiting for main to terminate...
2017-02-28 15:33:38 Waiting for client threads to terminate...
2017-02-28 15:33:38 Logfile cache: flushing complete cache.
2017-02-28 15:37:42 deinitializing
2017-02-28 15:37:42 Waiting for main to terminate...
2017-02-28 15:37:44 Waiting for client threads to terminate...
2017-02-28 15:37:44 Logfile cache: flushing complete cache.
2017-02-28 17:45:47 deinitializing
2017-02-28 17:45:47 Waiting for main to terminate...
2017-02-28 17:45:48 Waiting for client threads to terminate...
2017-02-28 17:45:48 Logfile cache: flushing complete cache.
2017-02-28 17:46:19 deinitializing
2017-02-28 17:46:19 Waiting for main to terminate...
2017-02-28 17:46:22 Waiting for client threads to terminate...
2017-02-28 17:46:22 Logfile cache: flushing complete cache.
2017-02-28 17:47:53 deinitializing
2017-02-28 17:47:53 Waiting for main to terminate...
2017-02-28 17:47:55 Waiting for client threads to terminate...
2017-02-28 17:47:55 Logfile cache: flushing complete cache.
2017-02-28 17:51:08 deinitializing
2017-02-28 17:51:08 Waiting for main to terminate...
2017-02-28 17:51:09 Waiting for client threads to terminate...
2017-02-28 17:51:09 Logfile cache: flushing complete cache.
2017-02-28 18:49:27 deinitializing
2017-02-28 18:49:27 Waiting for main to terminate...
2017-02-28 18:49:28 Waiting for client threads to terminate...
2017-02-28 18:49:28 Logfile cache: flushing complete cache.
2017-02-28 18:51:34 deinitializing
2017-02-28 18:51:34 Waiting for main to terminate...
2017-02-28 18:51:35 Waiting for client threads to terminate...
2017-02-28 18:51:35 Logfile cache: flushing complete cache.
2017-02-28 18:52:56 deinitializing
2017-02-28 18:52:56 Waiting for main to terminate...
2017-02-28 18:52:56 Waiting for client threads to terminate...
2017-02-28 18:52:56 Logfile cache: flushing complete cache.
2017-02-28 19:02:02 deinitializing
2017-02-28 19:02:02 Waiting for main to terminate...
2017-02-28 19:02:05 Waiting for client threads to terminate...
2017-02-28 19:02:05 Logfile cache: flushing complete cache.
2017-02-28 19:03:33 deinitializing
2017-02-28 19:03:33 Waiting for main to terminate...
2017-02-28 19:03:33 Waiting for client threads to terminate...
2017-02-28 19:03:33 Logfile cache: flushing complete cache.
2017-02-28 19:11:08 deinitializing
2017-02-28 19:11:08 Waiting for main to terminate...
2017-02-28 19:11:10 Waiting for client threads to terminate...
2017-02-28 19:11:10 Logfile cache: flushing complete cache.
2017-02-28 19:11:25 deinitializing
2017-02-28 19:11:25 Waiting for main to terminate...
2017-02-28 19:11:26 Waiting for client threads to terminate...
2017-02-28 19:11:26 Logfile cache: flushing complete cache.
2017-02-28 19:13:28 deinitializing
2017-02-28 19:13:28 Waiting for main to terminate...
2017-02-28 19:13:29 Waiting for client threads to terminate...
2017-02-28 19:13:29 Logfile cache: flushing complete cache.
2017-02-28 19:32:08 deinitializing
2017-02-28 19:32:08 Waiting for main to terminate...
2017-02-28 19:32:11 Waiting for client threads to terminate...
2017-02-28 19:32:11 Logfile cache: flushing complete cache.
2017-02-28 19:54:54 deinitializing
2017-02-28 19:54:54 Waiting for main to terminate...
2017-02-28 19:54:55 Waiting for client threads to terminate...
2017-02-28 19:54:55 Logfile cache: flushing complete cache.
2017-03-01 16:57:42 deinitializing
2017-03-01 16:57:42 Waiting for main to terminate...
2017-03-01 16:57:43 Waiting for client threads to terminate...
2017-03-01 16:57:43 Logfile cache: flushing complete cache.
2017-03-01 16:59:58 deinitializing
2017-03-01 16:59:58 Waiting for main to terminate...
2017-03-01 16:59:59 Waiting for client threads to terminate...
2017-03-01 16:59:59 Logfile cache: flushing complete cache.
2017-03-01 17:02:22 deinitializing
2017-03-01 17:02:22 Waiting for main to terminate...
2017-03-01 17:02:22 Waiting for client threads to terminate...
2017-03-01 17:02:22 Logfile cache: flushing complete cache.
2017-03-01 17:02:55 deinitializing
2017-03-01 17:02:55 Waiting for main to terminate...
2017-03-01 17:02:56 Waiting for client threads to terminate...
2017-03-01 17:02:56 Logfile cache: flushing complete cache.
2017-03-01 17:04:50 deinitializing
2017-03-01 17:04:50 Waiting for main to terminate...
2017-03-01 17:04:50 Waiting for client threads to terminate...
2017-03-01 17:04:50 Logfile cache: flushing complete cache.
2017-03-01 17:07:57 deinitializing
2017-03-01 17:07:57 Waiting for main to terminate...
2017-03-01 17:07:59 Waiting for client threads to terminate...
2017-03-01 17:07:59 Logfile cache: flushing complete cache.
2017-03-01 17:09:53 deinitializing
2017-03-01 17:09:53 Waiting for main to terminate...
2017-03-01 17:09:55 Waiting for client threads to terminate...
2017-03-01 17:09:55 Logfile cache: flushing complete cache.
2017-03-01 17:11:24 deinitializing
2017-03-01 17:11:24 Waiting for main to terminate...
2017-03-01 17:11:26 Waiting for client threads to terminate...
2017-03-01 17:11:26 Logfile cache: flushing complete cache.
2017-03-01 17:12:07 deinitializing
2017-03-01 17:12:07 Waiting for main to terminate...
2017-03-01 17:12:08 Waiting for client threads to terminate...
2017-03-01 17:12:08 Logfile cache: flushing complete cache.
2017-03-01 17:14:01 deinitializing
2017-03-01 17:14:01 Waiting for main to terminate...
2017-03-01 17:14:01 Waiting for client threads to terminate...
2017-03-01 17:14:01 Logfile cache: flushing complete cache.
2017-03-01 17:21:16 deinitializing
2017-03-01 17:21:16 Waiting for main to terminate...
2017-03-01 17:21:17 Waiting for client threads to terminate...
2017-03-01 17:21:17 Logfile cache: flushing complete cache.
2017-03-01 17:23:33 deinitializing
2017-03-01 17:23:33 Waiting for main to terminate...
2017-03-01 17:23:34 Waiting for client threads to terminate...
2017-03-01 17:23:34 Logfile cache: flushing complete cache.
2017-03-01 17:29:40 deinitializing
2017-03-01 17:29:40 Waiting for main to terminate...
2017-03-01 17:29:42 Waiting for client threads to terminate...
2017-03-01 17:29:42 Logfile cache: flushing complete cache.
2017-03-01 17:41:18 deinitializing
2017-03-01 17:41:18 Waiting for main to terminate...
2017-03-01 17:41:19 Waiting for client threads to terminate...
2017-03-01 17:41:19 Logfile cache: flushing complete cache.
2017-03-01 17:49:29 deinitializing
2017-03-01 17:49:29 Waiting for main to terminate...
2017-03-01 17:49:29 Waiting for client threads to terminate...
2017-03-01 17:49:29 Logfile cache: flushing complete cache.
2017-03-01 18:14:37 deinitializing
2017-03-01 18:14:37 Waiting for main to terminate...
2017-03-01 18:14:39 Waiting for client threads to terminate...
2017-03-01 18:14:39 Logfile cache: flushing complete cache.
2017-03-02 02:28:21 deinitializing
2017-03-02 02:28:21 Waiting for main to terminate...
2017-03-02 02:28:21 Waiting for client threads to terminate...
2017-03-02 02:28:21 Logfile cache: flushing complete cache.
2017-03-02 02:33:57 deinitializing
2017-03-02 02:33:57 Waiting for main to terminate...
2017-03-02 02:33:57 Waiting for client threads to terminate...
2017-03-02 02:33:57 Logfile cache: flushing complete cache.
2017-03-02 17:58:36 deinitializing
2017-03-02 17:58:36 Waiting for main to terminate...
2017-03-02 17:58:36 Waiting for client threads to terminate...
2017-03-02 17:58:36 Logfile cache: flushing complete cache.
2017-03-04 12:38:48 deinitializing
2017-03-04 12:38:48 Waiting for main to terminate...
2017-03-04 12:38:48 Waiting for client threads to terminate...
2017-03-04 12:38:48 Logfile cache: flushing complete cache.
2017-03-05 17:07:00 deinitializing
2017-03-05 17:07:00 Waiting for main to terminate...
2017-03-05 17:07:01 Waiting for client threads to terminate...
2017-03-05 17:07:01 Logfile cache: flushing complete cache.
2017-03-05 17:28:57 deinitializing
2017-03-05 17:28:57 Waiting for main to terminate...
2017-03-05 17:28:58 Waiting for client threads to terminate...
2017-03-05 17:28:58 Logfile cache: flushing complete cache.
2017-03-05 17:36:27 deinitializing
2017-03-05 17:36:27 Waiting for main to terminate...
2017-03-05 17:36:29 Waiting for client threads to terminate...
2017-03-05 17:36:29 Logfile cache: flushing complete cache.
2017-03-05 17:40:40 deinitializing
2017-03-05 17:40:40 Waiting for main to terminate...
2017-03-05 17:40:40 Waiting for client threads to terminate...
2017-03-05 17:40:40 Logfile cache: flushing complete cache.
2017-03-05 17:55:04 deinitializing
2017-03-05 17:55:04 Waiting for main to terminate...
2017-03-05 17:55:04 Waiting for client threads to terminate...
2017-03-05 17:55:04 Logfile cache: flushing complete cache.
2017-03-05 17:56:02 deinitializing
2017-03-05 17:56:02 Waiting for main to terminate...
2017-03-05 17:56:03 Waiting for client threads to terminate...
2017-03-05 17:56:03 Logfile cache: flushing complete cache.
2017-03-05 17:56:50 deinitializing
2017-03-05 17:56:50 Waiting for main to terminate...
2017-03-05 17:56:51 Waiting for client threads to terminate...
2017-03-05 17:56:51 Logfile cache: flushing complete cache.
2017-03-05 17:58:00 deinitializing
2017-03-05 17:58:00 Waiting for main to terminate...
2017-03-05 17:58:01 Waiting for client threads to terminate...
2017-03-05 17:58:01 Logfile cache: flushing complete cache.
2017-03-05 17:58:32 deinitializing
2017-03-05 17:58:32 Waiting for main to terminate...
2017-03-05 17:58:33 Waiting for client threads to terminate...
2017-03-05 17:58:33 Logfile cache: flushing complete cache.
2017-03-05 18:00:22 deinitializing
2017-03-05 18:00:22 Waiting for main to terminate...
2017-03-05 18:00:23 Waiting for client threads to terminate...
2017-03-05 18:00:23 Logfile cache: flushing complete cache.
2017-03-05 18:00:25 deinitializing
2017-03-05 18:00:25 Waiting for main to terminate...
2017-03-05 18:00:26 Waiting for client threads to terminate...
2017-03-05 18:00:26 Logfile cache: flushing complete cache.
2017-03-05 18:00:58 deinitializing
2017-03-05 18:00:58 Waiting for main to terminate...
2017-03-05 18:01:00 Waiting for client threads to terminate...
2017-03-05 18:01:00 Logfile cache: flushing complete cache.
2017-03-05 18:01:59 deinitializing
2017-03-05 18:01:59 Waiting for main to terminate...
2017-03-05 18:02:00 Waiting for client threads to terminate...
2017-03-05 18:02:00 Logfile cache: flushing complete cache.
2017-03-05 18:10:10 deinitializing
2017-03-05 18:10:10 Waiting for main to terminate...
2017-03-05 18:10:11 Waiting for client threads to terminate...
2017-03-05 18:10:11 Logfile cache: flushing complete cache.
2017-03-07 18:33:29 deinitializing
2017-03-07 18:33:29 Waiting for main to terminate...
2017-03-07 18:33:31 Waiting for client threads to terminate...
2017-03-07 18:33:31 Logfile cache: flushing complete cache.
2017-03-08 13:24:43 deinitializing
2017-03-08 13:24:43 Waiting for main to terminate...
2017-03-08 13:24:45 Waiting for client threads to terminate...
2017-03-08 13:24:45 Logfile cache: flushing complete cache.
2017-03-08 15:49:36 deinitializing
2017-03-08 15:49:36 Waiting for main to terminate...
2017-03-08 15:49:38 Waiting for client threads to terminate...
2017-03-08 15:49:38 Logfile cache: flushing complete cache.
2017-03-08 15:53:00 deinitializing
2017-03-08 15:53:00 Waiting for main to terminate...
2017-03-08 15:53:01 Waiting for client threads to terminate...
2017-03-08 15:53:01 Logfile cache: flushing complete cache.
2017-03-19 03:57:42 deinitializing
2017-03-19 03:57:42 Waiting for main to terminate...
2017-03-19 03:57:43 Waiting for client threads to terminate...
2017-03-19 03:57:43 Logfile cache: flushing complete cache.
2017-03-19 04:00:06 deinitializing
2017-03-19 04:00:06 Waiting for main to terminate...
2017-03-19 04:00:07 Waiting for client threads to terminate...
2017-03-19 04:00:07 Logfile cache: flushing complete cache.
2017-03-19 04:01:38 deinitializing
2017-03-19 04:01:38 Waiting for main to terminate...
2017-03-19 04:01:38 Waiting for client threads to terminate...
2017-03-19 04:01:38 Logfile cache: flushing complete cache.
2017-03-20 16:29:00 deinitializing
2017-03-20 16:29:00 Waiting for main to terminate...
2017-03-20 16:29:01 Waiting for client threads to terminate...
2017-03-20 16:29:01 Logfile cache: flushing complete cache.
2017-03-20 16:29:07 deinitializing
2017-03-20 16:29:07 Waiting for main to terminate...
2017-03-20 16:29:07 Waiting for client threads to terminate...
2017-03-20 16:29:07 Logfile cache: flushing complete cache.
2017-03-24 06:34:25 deinitializing
2017-03-24 06:34:25 Waiting for main to terminate...
2017-03-24 06:34:26 Waiting for client threads to terminate...
2017-03-24 06:34:26 Logfile cache: flushing complete cache.
2017-03-27 20:49:49 deinitializing
2017-03-27 20:49:49 Waiting for main to terminate...
2017-03-27 20:49:51 Waiting for client threads to terminate...
2017-03-27 20:49:51 Logfile cache: flushing complete cache.
2017-03-27 20:52:29 deinitializing
2017-03-27 20:52:29 Waiting for main to terminate...
2017-03-27 20:52:31 Waiting for client threads to terminate...
2017-03-27 20:52:31 Logfile cache: flushing complete cache.
2017-03-30 06:04:01 deinitializing
2017-03-30 06:04:01 Waiting for main to terminate...
2017-03-30 06:04:01 Waiting for client threads to terminate...
2017-03-30 06:04:01 Logfile cache: flushing complete cache.
2017-04-04 07:31:11 deinitializing
2017-04-04 07:31:11 Waiting for main to terminate...
2017-04-04 07:31:12 Waiting for client threads to terminate...
2017-04-04 07:31:12 Logfile cache: flushing complete cache.
2017-04-04 07:54:29 deinitializing
2017-04-04 07:54:29 Waiting for main to terminate...
2017-04-04 07:54:29 Waiting for client threads to terminate...
2017-04-04 07:54:29 Logfile cache: flushing complete cache.
2017-04-04 08:02:58 deinitializing
2017-04-04 08:02:58 Waiting for main to terminate...
2017-04-04 08:02:59 Waiting for client threads to terminate...
2017-04-04 08:02:59 Logfile cache: flushing complete cache.
2017-04-04 09:45:36 deinitializing
2017-04-04 09:45:36 Waiting for main to terminate...
2017-04-04 09:45:38 Waiting for client threads to terminate...
2017-04-04 09:45:38 Logfile cache: flushing complete cache.
2017-04-16 08:09:57 deinitializing
2017-04-16 08:09:57 Waiting for main to terminate...
2017-04-16 08:09:59 Waiting for client threads to terminate...
2017-04-16 08:09:59 Logfile cache: flushing complete cache.
2017-04-22 13:45:18 deinitializing
2017-04-22 13:45:19 Waiting for main to terminate...
2017-04-22 13:45:21 Waiting for client threads to terminate...
2017-04-22 13:45:21 Logfile cache: flushing complete cache.
2017-04-25 05:00:45 deinitializing
2017-04-25 05:00:45 Waiting for main to terminate...
2017-04-25 05:00:45 Waiting for client threads to terminate...
2017-04-25 05:00:45 Logfile cache: flushing complete cache.
2017-04-25 07:03:49 deinitializing
2017-04-25 07:03:49 Waiting for main to terminate...
2017-04-25 07:03:50 Waiting for client threads to terminate...
2017-04-25 07:03:50 Logfile cache: flushing complete cache.
2017-04-30 05:13:38 deinitializing
2017-04-30 05:13:38 Waiting for main to terminate...
2017-04-30 05:13:40 Waiting for client threads to terminate...
2017-04-30 05:13:40 Logfile cache: flushing complete cache.
