[1493524800] LOG ROTATION: DAILY
[1493524800] LOG VERSION: 2.0
[1493524800] CURRENT HOST STATE: FTTH-AFZ01;UP;HARD;1;PING OK - Packet loss = 0%, RTA = 1.40 ms
[1493524800] CURRENT HOST STATE: FTTH-AMERICAN_DATA01;UP;HARD;1;PING OK - Packet loss = 0%, RTA = 1.69 ms
[1493524800] CURRENT HOST STATE: FTTH-AMERICAN_DATA02;UP;HARD;1;PING OK - Packet loss = 0%, RTA = 4.42 ms
[1493524800] CURRENT HOST STATE: FTTH-BD_FIBRA;UP;HARD;1;PING OK - Packet loss = 0%, RTA = 6.87 ms
[1493524800] CURRENT HOST STATE: FTTH-CIS01;UP;HARD;1;PING OK - Packet loss = 0%, RTA = 5.10 ms
[1493524800] CURRENT HOST STATE: FTTH-LUMINET01;UP;HARD;1;PING OK - Packet loss = 0%, RTA = 1.58 ms
[1493524800] CURRENT HOST STATE: FTTH-MERIDIANO01;UP;HARD;1;PING OK - Packet loss = 0%, RTA = 1.60 ms
[1493524800] CURRENT HOST STATE: FTTH-SABANA01;UP;HARD;1;PING OK - Packet loss = 0%, RTA = 1.13 ms
[1493524800] CURRENT HOST STATE: FTTH-SANTA_ANA01;UP;HARD;1;PING OK - Packet loss = 0%, RTA = 2.20 ms
[1493524800] CURRENT HOST STATE: FTTH-SANTA_ANA02;UP;HARD;1;PING OK - Packet loss = 0%, RTA = 1.84 ms
[1493524800] CURRENT HOST STATE: FTTH-SANTA_ANA03;UP;HARD;1;PING OK - Packet loss = 0%, RTA = 4.86 ms
[1493524800] CURRENT HOST STATE: FTTH-VOICE;UP;HARD;1;PING OK - Packet loss = 0%, RTA = 0.05 ms
[1493524800] CURRENT HOST STATE: FTTH-WORLDCOM01;UP;HARD;1;PING OK - Packet loss = 0%, RTA = 1.10 ms
[1493524800] CURRENT HOST STATE: FTTH-ZAPOTE01;UP;HARD;1;PING OK - Packet loss = 0%, RTA = 7.00 ms
[1493524800] CURRENT HOST STATE: INASOL-A1_MOTORCYCLES;UP;HARD;1;PING OK - Packet loss = 0%, RTA = 0.84 ms
[1493524800] CURRENT HOST STATE: INASOL-BGP01;UP;HARD;1;PING OK - Packet loss = 0%, RTA = 0.42 ms
[1493524800] CURRENT HOST STATE: INASOL-CyM_ABOGADOS;UP;HARD;1;PING OK - Packet loss = 0%, RTA = 1.11 ms
[1493524800] CURRENT HOST STATE: INASOL-ENCUENTRA24;UP;HARD;1;PING OK - Packet loss = 0%, RTA = 14.86 ms
[1493524800] CURRENT HOST STATE: INASOL-OFICINA;UP;HARD;1;PING OK - Packet loss = 0%, RTA = 1.13 ms
[1493524800] CURRENT HOST STATE: INASOL-RESINTECH;UP;HARD;1;PING OK - Packet loss = 0%, RTA = 1.04 ms
[1493524800] CURRENT HOST STATE: INASOL-STEVEN;UP;HARD;1;PING OK - Packet loss = 0%, RTA = 9.43 ms
[1493524800] CURRENT HOST STATE: INASOL-TIRRASES;UP;HARD;1;PING OK - Packet loss = 0%, RTA = 4.33 ms
[1493524800] CURRENT HOST STATE: INASOL-VOICE;UP;HARD;1;PING OK - Packet loss = 0%, RTA = 0.44 ms
[1493524800] CURRENT HOST STATE: OS-MONITOREO;UP;HARD;1;PING OK - Packet loss = 0%, RTA = 0.08 ms
[1493524800] CURRENT SERVICE STATE: FTTH-AFZ01;AMERICAN DATA [ALMACEN FISCAL - F0/4];OK;HARD;1;OK - Average IN: 38.00Mb (38.00%)13168416.03 , Average OUT: 25.10Mb (25.10%)Total RX: 107875.66Gbits, Total TX: 30449.49Gbits
[1493524800] CURRENT SERVICE STATE: FTTH-AFZ01;AMERICAN DATA [BOSH - F0/2];OK;HARD;1;OK - Average IN: 2.20Kb (0.00%)64203.62 , Average OUT: 1.37Kb (0.00%)Total RX: 525.96Gbits, Total TX: 622.04Gbits
[1493524800] CURRENT SERVICE STATE: FTTH-AFZ01;AMERICAN DATA [CITRIX - F0/5];OK;HARD;1;OK - Average IN: 7.68Kb (0.01%)11278.12 , Average OUT: 6.00Kb (0.01%)Total RX: 92.39Gbits, Total TX: 137.04Gbits
[1493524800] CURRENT SERVICE STATE: FTTH-AFZ01;AMERICAN DATA [COGNIZANT - F0/1];OK;HARD;1;OK - Average IN: 0b (0.00%)6778.91 , Average OUT: 535.6b (0.00%)Total RX: 55.53Gbits, Total TX: 60.32Gbits
[1493524800] CURRENT SERVICE STATE: FTTH-AFZ01;AMERICAN DATA [FIDELITAS - F0/6];OK;HARD;1;OK - Average IN: 29.07Kb (0.03%)954644.06 , Average OUT: 460.78Kb (0.46%)Total RX: 7820.44Gbits, Total TX: 55250.92Gbits
[1493524800] CURRENT SERVICE STATE: FTTH-AFZ01;TRONCAL [SANTA_ANA03 - G0/1];OK;HARD;1;OK - Average IN: 28.96Mb (2.90%)11992731.67 , Average OUT: 41.79Mb (4.18%)Total RX: 98244.46Gbits, Total TX: 118961.25Gbits
[1493524800] CURRENT SERVICE STATE: FTTH-AFZ01;WORLDCOM [PEUGEOT - F0/7];OK;HARD;1;OK - Average IN: 26.65Kb (0.03%)71648.53 , Average OUT: 88.48Kb (0.09%)Total RX: 586.94Gbits, Total TX: 2787.57Gbits
[1493524800] CURRENT SERVICE STATE: FTTH-AMERICAN_DATA01;AMERICAN DATA [AGATHA - F0/2];OK;HARD;1;OK - Average IN: 23.47Kb (0.02%)359596.06 , Average OUT: 8.64Kb (0.01%)Total RX: 2945.81Gbits, Total TX: 149.15Gbits
[1493524800] CURRENT SERVICE STATE: FTTH-AMERICAN_DATA01;AMERICAN DATA [ALMACEN FISCAL - F0/22];OK;HARD;1;OK - Average IN: 27.59Mb (27.59%)4337532.70 , Average OUT: 40.97Mb (40.97%)Total RX: 35533.07Gbits, Total TX: 120843.91Gbits
[1493524800] CURRENT SERVICE STATE: FTTH-AMERICAN_DATA01;AMERICAN DATA [BLUE CROSS - F0/13];OK;HARD;1;OK - Average IN: 3.30Mb (3.30%)6047774.02 , Average OUT: 681.24Kb (0.68%)Total RX: 49543.36Gbits, Total TX: 7116.14Gbits
[1493524800] CURRENT SERVICE STATE: FTTH-AMERICAN_DATA01;AMERICAN DATA [BOSH - F0/17];OK;HARD;1;OK - Average IN: 1.09Kb (0.00%)85450.61 , Average OUT: 2.70Kb (0.00%)Total RX: 700.01Gbits, Total TX: 598.80Gbits
[1493524800] CURRENT SERVICE STATE: FTTH-AMERICAN_DATA01;AMERICAN DATA [CELLISTIC - F0/14];OK;HARD;1;OK - Average IN: 10.08Kb (0.01%)104918.20 , Average OUT: 9.62Kb (0.01%)Total RX: 859.49Gbits, Total TX: 229.66Gbits
[1493524800] CURRENT SERVICE STATE: FTTH-AMERICAN_DATA01;AMERICAN DATA [COGNISAN - F0/6];OK;HARD;1;OK - Average IN: 191.44b (0.00%)7951.07 , Average OUT: 449.6b (0.00%)Total RX: 65.14Gbits, Total TX: 71.24Gbits
[1493524800] CURRENT SERVICE STATE: FTTH-AMERICAN_DATA01;AMERICAN DATA [DEL MONTE - F0/1];OK;HARD;1;OK - Average IN: 8.34Mb (8.34%)11980451.36 , Average OUT: 675.16Kb (0.68%)Total RX: 98143.86Gbits, Total TX: 25291.05Gbits
[1493524800] CURRENT SERVICE STATE: FTTH-AMERICAN_DATA01;AMERICAN DATA [FRUTICA - F0/12];OK;HARD;1;OK - Average IN: 12.70Kb (0.01%)694464.56 , Average OUT: 7.94Kb (0.01%)Total RX: 5689.05Gbits, Total TX: 2889.11Gbits
[1493524800] CURRENT SERVICE STATE: FTTH-AMERICAN_DATA01;AMERICAN DATA [FSC - F0/24];OK;HARD;1;OK - Average IN: 866.65Kb (0.87%)5433795.42 , Average OUT: 33.03Mb (33.03%)Total RX: 44513.65Gbits, Total TX: 31927.89Gbits
[1493524800] CURRENT SERVICE STATE: FTTH-AMERICAN_DATA01;AMERICAN DATA [GEOTEK - F0/23];OK;HARD;1;OK - Average IN: 624.83Kb (0.62%)241301.58 , Average OUT: 22.45Kb (0.02%)Total RX: 1976.74Gbits, Total TX: 4780.81Gbits
[1493524800] CURRENT SERVICE STATE: FTTH-AMERICAN_DATA01;AMERICAN DATA [INTCOMEX - F0/4];OK;HARD;1;OK - Average IN: 187.42Kb (0.19%)3508686.23 , Average OUT: 6.15Mb (6.15%)Total RX: 28743.16Gbits, Total TX: 43828.20Gbits
[1493524800] CURRENT SERVICE STATE: FTTH-AMERICAN_DATA01;AMERICAN DATA [NHC - F0/15];OK;HARD;1;OK - Average IN: 117.56Kb (0.12%)140389.46 , Average OUT: 126.78Kb (0.13%)Total RX: 1150.07Gbits, Total TX: 1094.10Gbits
[1493524800] CURRENT SERVICE STATE: FTTH-AMERICAN_DATA01;AMERICAN DATA [OBELISCO - F0/9];OK;HARD;1;OK - Average IN: 53.48Kb (0.05%)2615081.41 , Average OUT: 564.21Kb (0.56%)Total RX: 21422.75Gbits, Total TX: 33803.44Gbits
[1493524800] CURRENT SERVICE STATE: FTTH-AMERICAN_DATA01;AMERICAN DATA [OFICINA DENTAL - F0/19];OK;HARD;1;OK - Average IN: 73.53Kb (0.07%)388877.32 , Average OUT: 60.64Kb (0.06%)Total RX: 3185.68Gbits, Total TX: 18886.99Gbits
[1493524800] CURRENT SERVICE STATE: FTTH-AMERICAN_DATA01;AMERICAN DATA [OFICINA DENTAL[ISP] - F0/20];OK;HARD;1;OK - Average IN: 247.66Kb (0.25%)2305556.05 , Average OUT: 78.77Kb (0.08%)Total RX: 18887.12Gbits, Total TX: 3189.33Gbits
[1493524800] CURRENT SERVICE STATE: FTTH-AMERICAN_DATA01;AMERICAN DATA [PRISMAN BUSSINESS - F0/7];WARNING;HARD;4;ALERTA - TRAFICO MINIMO -  entrada: (170.45),  salida: (552.62)
[1493524800] CURRENT SERVICE STATE: FTTH-AMERICAN_DATA01;AMERICAN DATA [TACO BELL - F0/16];OK;HARD;1;OK - Average IN: 578.90Kb (0.58%)5483938.33 , Average OUT: 362.03Kb (0.36%)Total RX: 44924.42Gbits, Total TX: 8253.52Gbits
[1493524800] CURRENT SERVICE STATE: FTTH-AMERICAN_DATA01;AMERICAN DATA [TECHNOMED - F0/5];OK;HARD;1;OK - Average IN: 6.63Kb (0.01%)257733.60 , Average OUT: 619.36b (0.00%)Total RX: 2111.35Gbits, Total TX: 154.35Gbits
[1493524800] CURRENT SERVICE STATE: FTTH-AMERICAN_DATA01;TRONCAL [SANTA_ANA01 - G0/1];OK;HARD;1;OK - Average IN: 39.76Mb (3.98%)26002103.71 , Average OUT: 6.03Kb (0.00%)Total RX: 213009.23Gbits, Total TX: 62.85Gbits
[1493524800] CURRENT SERVICE STATE: FTTH-AMERICAN_DATA01;TRONCAL [SANTA_ANA01 - G0/2];OK;HARD;1;OK - Average IN: 39.83Mb (3.98%)10857929.90 , Average OUT: 37.96Mb (3.80%)Total RX: 88948.16Gbits, Total TX: 380602.20Gbits
[1493524800] CURRENT SERVICE STATE: FTTH-AMERICAN_DATA01;TRONCAL [SANTA_ANA01 - Po1[G0/1 - G0/2]];OK;HARD;1;OK - Average IN: 81.64Mb (4.08%)36860227.50 , Average OUT: 36.41Mb (1.82%)Total RX: 301958.98Gbits, Total TX: 380666.18Gbits
[1493524800] CURRENT SERVICE STATE: FTTH-AMERICAN_DATA02;AMERICAN DATA [AVON - G0/5];OK;HARD;1;OK - Average IN: 4.25Kb (0.00%)163109.10 , Average OUT: 5.59Kb (0.00%)Total RX: 1336.19Gbits, Total TX: 1291.74Gbits
[1493524800] CURRENT SERVICE STATE: FTTH-AMERICAN_DATA02;AMERICAN DATA [CERVECERIA - G0/7];OK;HARD;1;OK - Average IN: 3.16Mb (0.32%)18019175.44 , Average OUT: 46.15Mb (4.62%)Total RX: 147613.09Gbits, Total TX: 287507.86Gbits
[1493524800] CURRENT SERVICE STATE: FTTH-AMERICAN_DATA02;AMERICAN DATA [CITRIX - G0/8];OK;HARD;1;OK - Average IN: 5.43Kb (0.00%)16752.62 , Average OUT: 6.66Kb (0.00%)Total RX: 137.24Gbits, Total TX: 98.96Gbits
[1493524800] CURRENT SERVICE STATE: FTTH-AMERICAN_DATA02;AMERICAN DATA [COLEGIO LINCOLN - G0/14];OK;HARD;1;OK - Average IN: 317.32Kb (0.03%)22803671.05 , Average OUT: 751.86Kb (0.08%)Total RX: 186807.67Gbits, Total TX: 35398.21Gbits
[1493524800] CURRENT SERVICE STATE: FTTH-AMERICAN_DATA02;AMERICAN DATA [EXOUTCODING - G0/11];OK;HARD;1;OK - Average IN: 275.19Kb (0.03%)11348678.14 , Average OUT: 621.04b (0.00%)Total RX: 92968.37Gbits, Total TX: 10180.39Gbits
[1493524800] CURRENT SERVICE STATE: FTTH-AMERICAN_DATA02;AMERICAN DATA [EZUGI - G0/3];OK;HARD;1;OK - Average IN: 866.36Kb (0.09%)1999181.35 , Average OUT: 14.23Mb (1.42%)Total RX: 16377.29Gbits, Total TX: 96157.35Gbits
[1493524800] CURRENT SERVICE STATE: FTTH-AMERICAN_DATA02;AMERICAN DATA [FIDELITAS - F0/10];OK;HARD;1;OK - Average IN: 559.82Kb (0.06%)7561815.27 , Average OUT: 29.84Kb (0.00%)Total RX: 61946.39Gbits, Total TX: 8598.31Gbits
[1493524800] CURRENT SERVICE STATE: FTTH-AMERICAN_DATA02;AMERICAN DATA [HOTEL - G0/12];OK;HARD;1;OK - Average IN: 2.51Mb (0.25%)11892226.92 , Average OUT: 165.86Kb (0.02%)Total RX: 97421.12Gbits, Total TX: 20143.01Gbits
[1493524800] CURRENT SERVICE STATE: FTTH-AMERICAN_DATA02;AMERICAN DATA [LINDORA - G0/9];OK;HARD;1;OK - Average IN: 13.94Mb (1.39%)37896178.64 , Average OUT: 16.33Mb (1.63%)Total RX: 310445.50Gbits, Total TX: 86387.01Gbits
[1493524800] CURRENT SERVICE STATE: FTTH-AMERICAN_DATA02;AMERICAN DATA [MURANO - G0/6];OK;HARD;1;OK - Average IN: 13.30Mb (1.33%)44008255.93 , Average OUT: 1.76Mb (0.18%)Total RX: 360515.63Gbits, Total TX: 90067.99Gbits
[1493524800] CURRENT SERVICE STATE: FTTH-AMERICAN_DATA02;AMERICAN DATA [OFFICE SPACE - G0/2];OK;HARD;1;OK - Average IN: 5.51Kb (0.00%)1001295.34 , Average OUT: 8.68Kb (0.00%)Total RX: 8202.61Gbits, Total TX: 2906.34Gbits
[1493524800] CURRENT SERVICE STATE: FTTH-AMERICAN_DATA02;AMERICAN DATA [PLAZA MAYOR - G0/15];CRITICAL;HARD;4;CRITICAL: Interface is 'down' (interface: 10115 status: 2)
[1493524800] CURRENT SERVICE STATE: FTTH-AMERICAN_DATA02;AMERICAN DATA [RON HOME - G0/18];OK;HARD;1;OK - Average IN: 39.36Kb (0.00%)188692.52 , Average OUT: 804.87Kb (0.08%)Total RX: 1545.77Gbits, Total TX: 862.57Gbits
[1493524800] CURRENT SERVICE STATE: FTTH-AMERICAN_DATA02;TRONCAL [SABANA01 - G0/26];OK;HARD;1;OK - Average IN: 56.98Mb (5.70%)63037867.13 , Average OUT: 6.49Kb (0.00%)Total RX: 516406.21Gbits, Total TX: 11762.30Gbits
[1493524800] CURRENT SERVICE STATE: FTTH-AMERICAN_DATA02;TRONCAL [SABANA01 - G0/27];OK;HARD;1;OK - Average IN: 22.24Mb (2.22%)27920132.45 , Average OUT: 34.93Mb (3.49%)Total RX: 228721.73Gbits, Total TX: 1547584.24Gbits
[1493524800] CURRENT SERVICE STATE: FTTH-AMERICAN_DATA02;TRONCAL [SABANA01 Po5[G0/26 - G0/27]];OK;HARD;1;OK - Average IN: 79.56Mb (2.65%)87453784.93 , Average OUT: 34.50Mb (1.15%)Total RX: 716421.41Gbits, Total TX: 1536170.20Gbits
[1493524800] CURRENT SERVICE STATE: FTTH-CIS01;AMERICAN DATA [EFS - Port6];OK;HARD;1;OK - Average IN: 33.29Mb (3.33%)3896880.17 , Average OUT: 872.83Kb (0.09%)Total RX: 31923.24Gbits, Total TX: 44516.16Gbits
[1493524800] CURRENT SERVICE STATE: FTTH-CIS01;AMERICAN DATA [LINDORA - Port4];OK;HARD;1;OK - Average IN: 13.42Mb (1.34%)10544703.98 , Average OUT: 14.64Mb (1.46%)Total RX: 86382.22Gbits, Total TX: 310447.27Gbits
[1493524800] CURRENT SERVICE STATE: FTTH-CIS01;AMERICAN DATA [OFFICE SPACE - Port2];OK;HARD;1;OK - Average IN: 6.65Kb (0.00%)354182.38 , Average OUT: 4.75Kb (0.00%)Total RX: 2901.46Gbits, Total TX: 8205.32Gbits
[1493524800] CURRENT SERVICE STATE: FTTH-CIS01;INASOL [INTERNET REDCA - Port17];OK;HARD;1;OK - Average IN: 2.80Mb (0.28%)5842458.21 , Average OUT: 5.17Mb (0.52%)Total RX: 47861.42Gbits, Total TX: 70808.62Gbits
[1493524800] CURRENT SERVICE STATE: FTTH-CIS01;LUMINET [FLEXIPARK - Port16];OK;HARD;1;OK - Average IN: 3.45Kb (0.00%)297639.96 , Average OUT: 3.47Kb (0.00%)Total RX: 2438.27Gbits, Total TX: 11672.52Gbits
[1493524800] CURRENT SERVICE STATE: FTTH-CIS01;TRONCAL [INASOL ASR1002 - Port24];OK;HARD;1;OK - Average IN: 5.41Mb (0.54%)8613018.25 , Average OUT: 2.82Mb (0.28%)Total RX: 70557.85Gbits, Total TX: 51188.64Gbits
[1493524800] CURRENT SERVICE STATE: FTTH-CIS01;TRONCAL [LUMINET01 - Port20];OK;HARD;1;OK - Average IN: 4.40Kb (0.00%)1430932.63 , Average OUT: 3.98Kb (0.00%)Total RX: 11722.20Gbits, Total TX: 5538.84Gbits
[1493524800] CURRENT SERVICE STATE: FTTH-CIS01;TRONCAL [SANTA_ANA02 - Port25];OK;HARD;1;OK - Average IN: 22.59Mb (2.26%)65939829.85 , Average OUT: 56.01Mb (5.60%)Total RX: 540179.09Gbits, Total TX: 248427.31Gbits
[1493524800] CURRENT SERVICE STATE: FTTH-CIS01;WORLDCOM [COCOY - Port3];OK;HARD;1;OK - Average IN: 2.85Kb (0.00%)632407.67 , Average OUT: 2.56Kb (0.00%)Total RX: 5180.68Gbits, Total TX: 42197.48Gbits
[1493524800] CURRENT SERVICE STATE: FTTH-CIS01;WORLDCOM [PAPA JOHNS - Port5];OK;HARD;1;OK - Average IN: 3.23Kb (0.00%)256033.65 , Average OUT: 2.84Kb (0.00%)Total RX: 2097.43Gbits, Total TX: 9244.23Gbits
[1493524800] CURRENT SERVICE STATE: FTTH-LUMINET01;TRONCAL [CIS01 - F0/24];OK;HARD;1;OK - Average IN: 5.36Kb (0.01%)77585.42 , Average OUT: 4.72Kb (0.00%)Total RX: 635.58Gbits, Total TX: 5208.17Gbits
[1493524800] CURRENT SERVICE STATE: FTTH-LUMINET01;TRONCAL [LUMINET - F0/1];OK;HARD;1;OK - Average IN: 3.71Kb (0.00%)635550.05 , Average OUT: 5.27Kb (0.01%)Total RX: 5206.43Gbits, Total TX: 635.59Gbits
[1493524800] CURRENT SERVICE STATE: FTTH-MERIDIANO01;TRONCAL - SANTA_ANA02;OK;HARD;1;OK - Average IN: 18.86Kb (0.00%)18825632.08 , Average OUT: 4.37Kb (0.00%)Total RX: 154219.58Gbits, Total TX: 560075.87Gbits
[1493524800] CURRENT SERVICE STATE: FTTH-MERIDIANO01;WORLDCOM [SJONHSON - G0/1];OK;HARD;1;OK - Average IN: 6.24Kb (0.00%)61269.45 , Average OUT: 1.72Kb (0.00%)Total RX: 501.92Gbits, Total TX: 1116.67Gbits
[1493524800] CURRENT SERVICE STATE: FTTH-SABANA01;AMERICAN DATA [COLEGIO LINCOLN - G1/6];OK;HARD;1;OK - Average IN: 736.55Kb (0.07%)1134331.59 , Average OUT: 318.02Kb (0.03%)Total RX: 9292.44Gbits, Total TX: 51862.30Gbits
[1493524800] CURRENT SERVICE STATE: FTTH-SABANA01;AMERICAN DATA [HOTEL - G1/4];OK;HARD;1;OK - Average IN: 143.12Kb (0.01%)592925.82 , Average OUT: 2.09Mb (0.21%)Total RX: 4857.25Gbits, Total TX: 20679.73Gbits
[1493524800] CURRENT SERVICE STATE: FTTH-SABANA01;AMERICAN DATA [INTCOMEX - G0/7];OK;HARD;1;OK - Average IN: 6.16Mb (0.62%)1159692.59 , Average OUT: 187.48Kb (0.02%)Total RX: 9500.20Gbits, Total TX: 6045.86Gbits
[1493524800] CURRENT SERVICE STATE: FTTH-SABANA01;AMERICAN DATA [PLAZA MAYOR - G1/2];OK;HARD;1;OK - Average IN: 0b (0.00%)1628657.39 , Average OUT: 305.04b (0.00%)Total RX: 13341.96Gbits, Total TX: 51949.18Gbits
[1493524800] CURRENT SERVICE STATE: FTTH-SABANA01;AMERICAN DATA [RON HOME - G1/10];OK;HARD;1;OK - Average IN: 5.08Mb (0.51%)2380642.89 , Average OUT: 2.70Mb (0.27%)Total RX: 19502.23Gbits, Total TX: 14846.17Gbits
[1493524800] CURRENT SERVICE STATE: FTTH-SABANA01;INASOL [A1 MOTORCYCLES - G1/5];OK;HARD;1;OK - Average IN: 5.30Kb (0.00%)29381.29 , Average OUT: 58.76Kb (0.01%)Total RX: 240.69Gbits, Total TX: 1238.97Gbits
[1493524800] CURRENT SERVICE STATE: FTTH-SABANA01;INASOL [INASOL EPL - G1/9];OK;HARD;1;OK - Average IN: 5.64Kb (0.00%)32189.38 , Average OUT: 8.81Kb (0.00%)Total RX: 263.70Gbits, Total TX: 1334.58Gbits
[1493524800] CURRENT SERVICE STATE: FTTH-SABANA01;INASOL [INTERNET REDCA - G1/8];OK;HARD;1;OK - Average IN: 3.85Mb (0.39%)2380614.36 , Average OUT: 2.44Mb (0.24%)Total RX: 19501.99Gbits, Total TX: 14846.05Gbits
[1493524800] CURRENT SERVICE STATE: FTTH-SABANA01;TRONCAL [AMERICAN_DATA02 - G1/23];OK;HARD;1;OK - Average IN: 6.47Kb (0.00%)1554.27 , Average OUT: 57.23Mb (5.72%)Total RX: 12.73Gbits, Total TX: 117313.63Gbits
[1493524800] CURRENT SERVICE STATE: FTTH-SABANA01;TRONCAL [AMERICAN_DATA02 - G1/24];OK;HARD;1;OK - Average IN: 35.69Mb (3.57%)43457906.73 , Average OUT: 23.26Mb (2.33%)Total RX: 356007.17Gbits, Total TX: 49629.34Gbits
[1493524800] CURRENT SERVICE STATE: FTTH-SABANA01;TRONCAL [AMERICAN_DATA02 - Po5[G1/23 - G1/24]];OK;HARD;1;OK - Average IN: 35.26Mb (1.76%)43459586.16 , Average OUT: 81.19Mb (4.06%)Total RX: 356020.93Gbits, Total TX: 166943.33Gbits
[1493524800] CURRENT SERVICE STATE: FTTH-SABANA01;TRONCAL [SANTA_ANA03 - 10G1/1];OK;HARD;1;OK - Average IN: 90.21Mb (0.90%)21974151.59 , Average OUT: 46.71Mb (0.47%)Total RX: 180012.25Gbits, Total TX: 268209.65Gbits
[1493524800] CURRENT SERVICE STATE: FTTH-SABANA01;WORLDCOM [CEDRAL - G1/1];OK;HARD;1;OK - Average IN: 1.09Kb (0.00%)74322.33 , Average OUT: 1.62Kb (0.00%)Total RX: 608.85Gbits, Total TX: 2338.10Gbits
[1493524800] CURRENT SERVICE STATE: FTTH-SANTA_ANA01;AMERICAN DATA [AGATHA - F0/2];OK;HARD;1;OK - Average IN: 8.19Kb (0.01%)17675.85 , Average OUT: 23.69Kb (0.02%)Total RX: 144.80Gbits, Total TX: 2950.16Gbits
[1493524800] CURRENT SERVICE STATE: FTTH-SANTA_ANA01;AMERICAN DATA [CELLISTIC - F0/12];OK;HARD;1;OK - Average IN: 9.11Kb (0.01%)27482.99 , Average OUT: 9.92Kb (0.01%)Total RX: 225.14Gbits, Total TX: 856.30Gbits
[1493524800] CURRENT SERVICE STATE: FTTH-SANTA_ANA01;AMERICAN DATA [DEL MONTE - F0/1];OK;HARD;1;OK - Average IN: 674.89Kb (0.67%)3085277.57 , Average OUT: 9.65Mb (9.65%)Total RX: 25274.59Gbits, Total TX: 98108.80Gbits
[1493524800] CURRENT SERVICE STATE: FTTH-SANTA_ANA01;AMERICAN DATA [FRUTICA - F0/3];OK;HARD;1;OK - Average IN: 7.71Kb (0.01%)352096.55 , Average OUT: 13.20Kb (0.01%)Total RX: 2884.37Gbits, Total TX: 5687.15Gbits
[1493524800] CURRENT SERVICE STATE: FTTH-SANTA_ANA01;AMERICAN DATA [OBELISCO - F0/18];OK;HARD;1;OK - Average IN: 11.78Kb (0.01%)106029.30 , Average OUT: 61.50Kb (0.06%)Total RX: 868.59Gbits, Total TX: 6263.88Gbits
[1493524800] CURRENT SERVICE STATE: FTTH-SANTA_ANA01;TRONCAL [AMERICAN_DATA01 - G0/1];OK;HARD;1;OK - Average IN: 6.21Kb (0.00%)7670.63 , Average OUT: 40.88Mb (4.09%)Total RX: 62.84Gbits, Total TX: 212970.45Gbits
[1493524800] CURRENT SERVICE STATE: FTTH-SANTA_ANA01;TRONCAL [AMERICAN_DATA01 - G0/3];OK;HARD;1;OK - Average IN: 38.24Mb (3.82%)46453699.43 , Average OUT: 39.99Mb (4.00%)Total RX: 380548.71Gbits, Total TX: 86720.87Gbits
[1493524800] CURRENT SERVICE STATE: FTTH-SANTA_ANA01;TRONCAL [AMERICAN_DATA01 Po1[G0/1 - G0/3]];OK;HARD;1;OK - Average IN: 37.33Mb (1.87%)46461373.69 , Average OUT: 79.70Mb (3.99%)Total RX: 380611.57Gbits, Total TX: 299690.73Gbits
[1493524800] CURRENT SERVICE STATE: FTTH-SANTA_ANA01;TRONCAL [SANTA_ANA03 - G0/4];OK;HARD;1;OK - Average IN: 82.22Mb (8.22%)43023986.87 , Average OUT: 32.15Mb (3.21%)Total RX: 352452.50Gbits, Total TX: 262347.48Gbits
[1493524800] CURRENT SERVICE STATE: FTTH-SANTA_ANA01;WORLDCOM [OBELISCO - F0/17];OK;HARD;1;OK - Average IN: 6.92Kb (0.01%)106029.30 , Average OUT: 100.23Kb (0.10%)Total RX: 868.59Gbits, Total TX: 6263.88Gbits
[1493524800] CURRENT SERVICE STATE: FTTH-SANTA_ANA02;TRONCAL [CIS01 - G1/0/24];OK;HARD;1;OK - Average IN: 58.59Mb (5.86%)77121522.49 , Average OUT: 23.67Mb (2.37%)Total RX: 631779.51Gbits, Total TX: 1663860.02Gbits
[1493524800] CURRENT SERVICE STATE: FTTH-SANTA_ANA02;TRONCAL [MERIDIANO01 - G1/0/26];OK;HARD;1;OK - Average IN: 4.32Kb (0.00%)60964042.03 , Average OUT: 18.75Kb (0.00%)Total RX: 499417.43Gbits, Total TX: 145922.89Gbits
[1493524800] CURRENT SERVICE STATE: FTTH-SANTA_ANA02;TRONCAL [SANTA_ANA03 - G1/0/23];OK;HARD;1;OK - Average IN: 21.93Mb (2.19%)118015734.08 , Average OUT: 54.34Mb (5.43%)Total RX: 966784.89Gbits, Total TX: 488277.91Gbits
[1493524800] CURRENT SERVICE STATE: FTTH-SANTA_ANA03;AMERICAN DATA [AVON - G1/4];OK;HARD;1;OK - Average IN: 5.12Kb (0.00%)157091.13 , Average OUT: 4.78Kb (0.00%)Total RX: 1286.89Gbits, Total TX: 2081.75Gbits
[1493524800] CURRENT SERVICE STATE: FTTH-SANTA_ANA03;AMERICAN DATA [CERVECERIA - G1/6];OK;HARD;1;OK - Average IN: 45.33Mb (4.53%)35097485.81 , Average OUT: 3.11Mb (0.31%)Total RX: 287518.60Gbits, Total TX: 148353.41Gbits
[1493524800] CURRENT SERVICE STATE: FTTH-SANTA_ANA03;AMERICAN DATA [EZUGI - G1/8];OK;HARD;1;OK - Average IN: 14.97Mb (1.50%)11745537.35 , Average OUT: 860.90Kb (0.09%)Total RX: 96219.44Gbits, Total TX: 17117.91Gbits
[1493524800] CURRENT SERVICE STATE: FTTH-SANTA_ANA03;AMERICAN DATA [MURANO - G1/5];OK;HARD;1;OK - Average IN: 1.70Mb (0.17%)10994085.96 , Average OUT: 13.05Mb (1.31%)Total RX: 90063.55Gbits, Total TX: 361255.56Gbits
[1493524800] CURRENT SERVICE STATE: FTTH-SANTA_ANA03;TRONCAL [AFZ01 - G1/21];OK;HARD;1;OK - Average IN: 41.74Mb (4.17%)16233420.46 , Average OUT: 28.78Mb (2.88%)Total RX: 132984.18Gbits, Total TX: 110106.31Gbits
[1493524800] CURRENT SERVICE STATE: FTTH-SANTA_ANA03;TRONCAL [SABANA01 - 10G1/1];OK;HARD;1;OK - Average IN: 47.52Mb (0.48%)139624262.66 , Average OUT: 93.55Mb (0.94%)Total RX: 1143801.96Gbits, Total TX: 731031.78Gbits
[1493524800] CURRENT SERVICE STATE: FTTH-SANTA_ANA03;TRONCAL [SANTA_ANA01 - G1/24];OK;HARD;1;OK - Average IN: 29.43Mb (2.94%)31477881.60 , Average OUT: 79.06Mb (7.91%)Total RX: 257866.81Gbits, Total TX: 351097.95Gbits
[1493524800] CURRENT SERVICE STATE: FTTH-SANTA_ANA03;TRONCAL [SANTA_ANA02 - G1/23];OK;HARD;1;OK - Average IN: 52.47Mb (5.25%)30333552.22 , Average OUT: 22.04Mb (2.20%)Total RX: 248492.46Gbits, Total TX: 536332.46Gbits
[1493524800] CURRENT SERVICE STATE: FTTH-VOICE;HTTP [ELASTIX];OK;HARD;1;HTTP OK: HTTP/1.1 200 OK - 663 bytes in 0.023 second response time
[1493524800] CURRENT SERVICE STATE: FTTH-VOICE;SSH;OK;HARD;1;SSH OK - OpenSSH_6.6.1 (protocol 2.0)
[1493524800] CURRENT SERVICE STATE: FTTH-WORLDCOM01;TRONCAL [ZAPOTE01 - G1/0/25];OK;HARD;1;OK - Average IN: 8.70Mb (0.87%)16033739.46 , Average OUT: 9.62Mb (0.96%)Total RX: 131348.39Gbits, Total TX: 233106.79Gbits
[1493524800] CURRENT SERVICE STATE: FTTH-WORLDCOM01;WORLDCOM [AS DE OROS - G1/0/9];OK;HARD;1;OK - Average IN: 10.67Kb (0.00%)3814944.60 , Average OUT: 20.58Kb (0.00%)Total RX: 31252.03Gbits, Total TX: 5043.96Gbits
[1493524800] CURRENT SERVICE STATE: FTTH-WORLDCOM01;WORLDCOM [BIOQUIN - G1/0/3];OK;HARD;1;OK - Average IN: 1.55Kb (0.00%)810537.59 , Average OUT: 2.79Kb (0.00%)Total RX: 6639.92Gbits, Total TX: 1368.69Gbits
[1493524800] CURRENT SERVICE STATE: FTTH-WORLDCOM01;WORLDCOM [CEDRAL - G1/0/10];OK;HARD;1;OK - Average IN: 1.33Kb (0.00%)286722.99 , Average OUT: 1.58Kb (0.00%)Total RX: 2348.83Gbits, Total TX: 623.10Gbits
[1493524800] CURRENT SERVICE STATE: FTTH-WORLDCOM01;WORLDCOM [COCOY - G1/0/6];OK;HARD;1;OK - Average IN: 4.11Kb (0.00%)5313047.82 , Average OUT: 4.47Kb (0.00%)Total RX: 43524.49Gbits, Total TX: 5387.31Gbits
[1493524800] CURRENT SERVICE STATE: FTTH-WORLDCOM01;WORLDCOM [IMESA - G1/0/2];OK;HARD;1;OK - Average IN: 8.32Kb (0.00%)1022637.76 , Average OUT: 20.01Kb (0.00%)Total RX: 8377.45Gbits, Total TX: 1695.14Gbits
[1493524800] CURRENT SERVICE STATE: FTTH-WORLDCOM01;WORLDCOM [IXP - G1/0/1];OK;HARD;1;OK - Average IN: 921.61Kb (0.09%)2353116.75 , Average OUT: 4.90Mb (0.49%)Total RX: 19276.73Gbits, Total TX: 76616.01Gbits
[1493524800] CURRENT SERVICE STATE: FTTH-WORLDCOM01;WORLDCOM [OBELISCO - G1/0/7];OK;HARD;1;OK - Average IN: 62.94Kb (0.01%)996390.99 , Average OUT: 13.18Kb (0.00%)Total RX: 8162.43Gbits, Total TX: 1103.51Gbits
[1493524800] CURRENT SERVICE STATE: FTTH-WORLDCOM01;WORLDCOM [PAPA JOHNS - G1/0/11];OK;HARD;1;OK - Average IN: 2.70Kb (0.00%)1575715.49 , Average OUT: 3.77Kb (0.00%)Total RX: 12908.26Gbits, Total TX: 3676.36Gbits
[1493524800] CURRENT SERVICE STATE: FTTH-WORLDCOM01;WORLDCOM [PEUGEOT - G1/0/12];OK;HARD;1;OK - Average IN: 86.98Kb (0.01%)519718.35 , Average OUT: 26.87Kb (0.00%)Total RX: 4257.53Gbits, Total TX: 957.01Gbits
[1493524800] CURRENT SERVICE STATE: FTTH-WORLDCOM01;WORLDCOM [SJONHSON - G1/0/4];OK;HARD;1;OK - Average IN: 1.38Kb (0.00%)6898.14 , Average OUT: 3.56Kb (0.00%)Total RX: 56.51Gbits, Total TX: 101.38Gbits
[1493524800] CURRENT SERVICE STATE: FTTH-WORLDCOM01;WORLDCOM [VOLIO - G1/0/8];OK;HARD;1;OK - Average IN: 16.17Kb (0.00%)120956.53 , Average OUT: 15.83Kb (0.00%)Total RX: 990.88Gbits, Total TX: 2741.76Gbits
[1493524800] CURRENT SERVICE STATE: FTTH-ZAPOTE01;AMERICAN DATA [BLUE CROSS - F0/2];OK;HARD;1;OK - Average IN: 659.26Kb (0.66%)137445.63 , Average OUT: 3.14Mb (3.14%)Total RX: 1125.95Gbits, Total TX: 6031.47Gbits
[1493524800] CURRENT SERVICE STATE: FTTH-ZAPOTE01;AMERICAN DATA [EXOUTCODING - G0/4];OK;HARD;1;OK - Average IN: 120.8b (0.00%)190068.41 , Average OUT: 319.70Kb (0.03%)Total RX: 1557.04Gbits, Total TX: 6472.92Gbits
[1493524800] CURRENT SERVICE STATE: FTTH-ZAPOTE01;AMERICAN DATA [GEOTEK - F0/10];OK;HARD;1;OK - Average IN: 19.91Kb (0.02%)43853.76 , Average OUT: 641.60Kb (0.64%)Total RX: 359.25Gbits, Total TX: 1942.19Gbits
[1493524800] CURRENT SERVICE STATE: FTTH-ZAPOTE01;AMERICAN DATA [NHC - F0/8];OK;HARD;1;OK - Average IN: 124.11Kb (0.12%)11277.23 , Average OUT: 114.10Kb (0.11%)Total RX: 92.38Gbits, Total TX: 96.08Gbits
[1493524800] CURRENT SERVICE STATE: FTTH-ZAPOTE01;AMERICAN DATA [TACO BELL - F0/4];OK;HARD;1;OK - Average IN: 361.77Kb (0.36%)73600.79 , Average OUT: 578.62Kb (0.58%)Total RX: 602.94Gbits, Total TX: 4218.46Gbits
[1493524800] CURRENT SERVICE STATE: FTTH-ZAPOTE01;AMERICAN DATA [TECNOMED - F0/9];OK;HARD;1;OK - Average IN: 221.92b (0.00%)23.67 , Average OUT: 1.24Kb (0.00%)Total RX: 193.94Mbits, Total TX: 409.28Gbits
[1493524800] CURRENT SERVICE STATE: FTTH-ZAPOTE01;INASOL [PLAZA DOMUS - F0/12];OK;HARD;1;OK - Average IN: 2.65Mb (2.65%)424381.98 , Average OUT: 3.94Mb (3.94%)Total RX: 3476.54Gbits, Total TX: 4739.35Gbits
[1493524800] CURRENT SERVICE STATE: FTTH-ZAPOTE01;TRONCAL [WORLDCOM01 - G0/2];OK;HARD;1;OK - Average IN: 13.04Mb (1.30%)3545547.19 , Average OUT: 9.42Mb (0.94%)Total RX: 29045.12Gbits, Total TX: 12650.19Gbits
[1493524800] CURRENT SERVICE STATE: FTTH-ZAPOTE01;WORLDCOM [AS DE OROS - F0/14];OK;HARD;1;OK - Average IN: 18.41Kb (0.02%)35304.05 , Average OUT: 16.17Kb (0.02%)Total RX: 289.21Gbits, Total TX: 2324.26Gbits
[1493524800] CURRENT SERVICE STATE: FTTH-ZAPOTE01;WORLDCOM [BIOQUIN - F0/3];OK;HARD;1;OK - Average IN: 2.13Kb (0.00%)10835.24 , Average OUT: 1.81Kb (0.00%)Total RX: 88.76Gbits, Total TX: 304.02Gbits
[1493524800] CURRENT SERVICE STATE: FTTH-ZAPOTE01;WORLDCOM [CAFE VOLIO - F0/13];OK;HARD;1;OK - Average IN: 13.38Kb (0.01%)54686.52 , Average OUT: 13.46Kb (0.01%)Total RX: 447.99Gbits, Total TX: 124.58Gbits
[1493524800] CURRENT SERVICE STATE: FTTH-ZAPOTE01;WORLDCOM [IMESA - F0/6];OK;HARD;1;OK - Average IN: 19.71Kb (0.02%)11054.40 , Average OUT: 8.76Kb (0.01%)Total RX: 90.56Gbits, Total TX: 613.90Gbits
[1493524800] CURRENT SERVICE STATE: FTTH-ZAPOTE01;WORLDCOM [IXP - F0/5];OK;HARD;1;OK - Average IN: 5.85Mb (5.85%)540291.31 , Average OUT: 853.78Kb (0.85%)Total RX: 4426.07Gbits, Total TX: 1518.50Gbits
[1493524800] CURRENT SERVICE STATE: INASOL-A1_MOTORCYCLES;INASOL - A1_MOTORCYCLES;OK;HARD;1;OK - Average IN: 51.96Kb (0.05%)144399.63 , Average OUT: 7.01Kb (0.01%)Total RX: 1182.92Gbits, Total TX: 220.26Gbits
[1493524800] CURRENT SERVICE STATE: INASOL-BGP01;INASOL [ACCESO FTTH - G0/0/1.1000];OK;HARD;1;OK - Average IN: 13.34Kb (0.00%)20848.80 , Average OUT: 12.09Kb (0.00%)Total RX: 170.79Gbits, Total TX: 152.14Gbits
[1493524800] CURRENT SERVICE STATE: INASOL-BGP01;INASOL [DATACENTER - G0/0/3];OK;HARD;1;OK - Average IN: 69.09Kb (0.01%)122998.37 , Average OUT: 53.02Kb (0.01%)Total RX: 1007.60Gbits, Total TX: 1128.16Gbits
[1493524800] CURRENT SERVICE STATE: INASOL-BGP01;INASOL [EMPRESARIAL - G0/0/1.402];OK;HARD;1;OK - Average IN: 2.81Mb (0.28%)7977931.71 , Average OUT: 5.49Mb (0.55%)Total RX: 65355.22Gbits, Total TX: 88316.37Gbits
[1493524800] CURRENT SERVICE STATE: INASOL-BGP01;INASOL [FTTH - G0/0/1];OK;HARD;1;OK - Average IN: 2.79Mb (0.28%)10858941.19 , Average OUT: 4.70Mb (0.47%)Total RX: 88956.45Gbits, Total TX: 88449.21Gbits
[1493524800] CURRENT SERVICE STATE: INASOL-BGP01;INASOL [INTERNET REDCA - G0/0/0];OK;HARD;1;OK - Average IN: 5.51Mb (5.51%)10810087.83 , Average OUT: 2.79Mb (2.79%)Total RX: 88556.24Gbits, Total TX: 64935.85Gbits
[1493524800] CURRENT SERVICE STATE: INASOL-CyM_ABOGADOS;INASOL - CyM_ABOGADOS;OK;HARD;1;OK - Average IN: 275.84b (0.00%)42429.10 , Average OUT: 261.36b (0.00%)Total RX: 347.58Gbits, Total TX: 28.43Gbits
[1493524800] CURRENT SERVICE STATE: INASOL-ENCUENTRA24;INASOL - ENCUENTRA24;OK;HARD;1;(No output on stdout) stderr:
[1493524800] CURRENT SERVICE STATE: INASOL-RESINTECH;INASOL - RESINTECH;OK;HARD;1;OK - Average IN: 5.18Mb (5.18%)106873.90 , Average OUT: 124.54Kb (0.12%)Total RX: 875.51Gbits, Total TX: 61.55Gbits
[1493524800] CURRENT SERVICE STATE: INASOL-STEVEN;INASOL - STEVEN;OK;HARD;1;(No output on stdout) stderr:
[1493524800] CURRENT SERVICE STATE: INASOL-VOICE;HTTP [ELASTIX];OK;HARD;1;HTTP OK: HTTP/1.1 302 Found - 420 bytes in 0.019 second response time
[1493524800] CURRENT SERVICE STATE: INASOL-VOICE;SSH;OK;HARD;1;SSH OK - OpenSSH_6.6.1 (protocol 2.0)
[1493524800] CURRENT SERVICE STATE: OS-MONITOREO;Carga OS-MONITOREO;OK;HARD;1;OK - load average: 0.61, 1.32, 1.56
[1493524800] CURRENT SERVICE STATE: OS-MONITOREO;Espacio en disco OS-MONITOREO;OK;HARD;1;DISK OK - free space: / 499289 MB (99% inode=99%):
[1493524800] CURRENT SERVICE STATE: OS-MONITOREO;Espacio en swap OS-MONITOREO;OK;HARD;1;SWAP OK - 100% free (8191 MB out of 8191 MB)
[1493524800] CURRENT SERVICE STATE: OS-MONITOREO;PING OS-MONITOREO;OK;HARD;1;PING OK - Packet loss = 0%, RTA = 0.07 ms
[1493524800] CURRENT SERVICE STATE: OS-MONITOREO;Procesos OS-MONITOREO;OK;HARD;1;PROCS OK: 67 processes with STATE = RSZDT
[1493524800] CURRENT SERVICE STATE: OS-MONITOREO;SSH OS-MONITOREO;OK;HARD;1;SSH OK - OpenSSH_6.6.1 (protocol 2.0)
[1493524800] CURRENT SERVICE STATE: OS-MONITOREO;Usuarios conectados OS-MONITOREO;OK;HARD;1;USERS OK - 0 users currently logged in
[1493524800] CURRENT SERVICE STATE: OS-MONITOREO;WEB Nagios OS-MONITOREO;OK;HARD;1;HTTP OK: HTTP/1.1 200 OK - 663 bytes in 0.031 second response time
[1493524800] TIMEPERIOD TRANSITION: 24x7;1;1
[1493524800] TIMEPERIOD TRANSITION: 8x5;0;0
[1493524800] TIMEPERIOD TRANSITION: feriados-cr;0;0
[1493524800] TIMEPERIOD TRANSITION: vacaciones;0;0
[1493524956] SERVICE ALERT: FTTH-SABANA01;TRONCAL [AMERICAN_DATA02 - Po5[G1/23 - G1/24]];CRITICAL;SOFT;1;CRITICAL - OUT bandwidth (122978293800.06%) too high
[1493525015] SERVICE ALERT: FTTH-SABANA01;TRONCAL [AMERICAN_DATA02 - Po5[G1/23 - G1/24]];OK;SOFT;2;OK - Average IN: 41.81Mb (2.09%)43460721.17 , Average OUT: 84.36Mb (4.22%)Total RX: 356030.23Gbits, Total TX: 166928.09Gbits
[1493525030] Auto-save of retention data completed successfully.
[1493525196] SERVICE ALERT: FTTH-SABANA01;TRONCAL [AMERICAN_DATA02 - Po5[G1/23 - G1/24]];CRITICAL;SOFT;1;CRITICAL - IN bandwidth (120962256194.72%) too high
[1493525256] SERVICE ALERT: FTTH-SABANA01;TRONCAL [AMERICAN_DATA02 - Po5[G1/23 - G1/24]];OK;SOFT;2;OK - Average IN: 44.10Mb (2.20%)43457671.52 , Average OUT: 653.39Mb (32.67%)Total RX: 356005.25Gbits, Total TX: 166981.81Gbits
[1493525375] SERVICE ALERT: FTTH-SABANA01;TRONCAL [AMERICAN_DATA02 - Po5[G1/23 - G1/24]];CRITICAL;SOFT;1;CRITICAL - OUT bandwidth (125062671660.87%) too high
[1493525436] SERVICE ALERT: FTTH-SABANA01;TRONCAL [AMERICAN_DATA02 - Po5[G1/23 - G1/24]];OK;SOFT;2;OK - Average IN: 55.89Mb (2.79%)43458699.84 , Average OUT: 76.09Mb (3.80%)Total RX: 356013.67Gbits, Total TX: 166960.98Gbits
[1493525795] SERVICE ALERT: FTTH-SABANA01;TRONCAL [AMERICAN_DATA02 - Po5[G1/23 - G1/24]];CRITICAL;SOFT;1;CRITICAL - OUT bandwidth (125062671660.85%) too high
[1493525856] SERVICE ALERT: FTTH-SABANA01;TRONCAL [AMERICAN_DATA02 - Po5[G1/23 - G1/24]];OK;SOFT;2;OK - Average IN: 44.09Mb (2.20%)43465125.54 , Average OUT: 649.44Mb (32.47%)Total RX: 356066.31Gbits, Total TX: 167029.18Gbits
[1493525915] SERVICE ALERT: FTTH-SABANA01;TRONCAL [AMERICAN_DATA02 - Po5[G1/23 - G1/24]];CRITICAL;SOFT;1;CRITICAL - IN bandwidth (125062671660.23%) too high
[1493525976] SERVICE ALERT: FTTH-SABANA01;TRONCAL [AMERICAN_DATA02 - Po5[G1/23 - G1/24]];OK;SOFT;2;OK - Average IN: 50.82Mb (2.54%)43461768.65 , Average OUT: 81.33Mb (4.07%)Total RX: 356038.81Gbits, Total TX: 167039.05Gbits
[1493526216] SERVICE ALERT: FTTH-SABANA01;TRONCAL [AMERICAN_DATA02 - Po5[G1/23 - G1/24]];CRITICAL;SOFT;1;CRITICAL - OUT bandwidth (120962256196.77%) too high
[1493526275] SERVICE ALERT: FTTH-SABANA01;TRONCAL [AMERICAN_DATA02 - Po5[G1/23 - G1/24]];OK;SOFT;2;OK - Average IN: 38.80Mb (1.94%)43467518.56 , Average OUT: 80.93Mb (4.05%)Total RX: 356085.91Gbits, Total TX: 167028.73Gbits
[1493526696] SERVICE ALERT: FTTH-SABANA01;TRONCAL [AMERICAN_DATA02 - Po5[G1/23 - G1/24]];CRITICAL;SOFT;1;CRITICAL - OUT bandwidth (120962256196.72%) too high
[1493526755] SERVICE ALERT: FTTH-SABANA01;TRONCAL [AMERICAN_DATA02 - Po5[G1/23 - G1/24]];CRITICAL;SOFT;2;CRITICAL - IN bandwidth (125062671659.01%) too high
[1493526816] SERVICE ALERT: FTTH-SABANA01;TRONCAL [AMERICAN_DATA02 - Po5[G1/23 - G1/24]];OK;SOFT;3;OK - Average IN: 37.93Mb (1.90%)43465940.17 , Average OUT: 84.32Mb (4.22%)Total RX: 356072.98Gbits, Total TX: 167070.52Gbits
[1493527116] SERVICE ALERT: FTTH-SABANA01;TRONCAL [AMERICAN_DATA02 - Po5[G1/23 - G1/24]];CRITICAL;SOFT;1;CRITICAL - OUT bandwidth (122978293800.78%) too high
[1493527175] SERVICE ALERT: FTTH-SABANA01;TRONCAL [AMERICAN_DATA02 - Po5[G1/23 - G1/24]];OK;SOFT;2;OK - Average IN: 37.03Mb (1.85%)43471708.34 , Average OUT: 75.63Mb (3.78%)Total RX: 356120.23Gbits, Total TX: 167099.98Gbits
[1493527536] SERVICE ALERT: FTTH-SABANA01;TRONCAL [AMERICAN_DATA02 - Po5[G1/23 - G1/24]];CRITICAL;SOFT;1;CRITICAL - OUT bandwidth (122978293800.30%) too high
[1493527595] SERVICE ALERT: FTTH-SABANA01;TRONCAL [AMERICAN_DATA02 - Po5[G1/23 - G1/24]];OK;SOFT;2;OK - Average IN: 50.12Mb (2.51%)43473714.71 , Average OUT: 81.06Mb (4.05%)Total RX: 356136.67Gbits, Total TX: 167133.75Gbits
[1493527656] SERVICE ALERT: FTTH-SABANA01;TRONCAL [AMERICAN_DATA02 - Po5[G1/23 - G1/24]];CRITICAL;SOFT;1;CRITICAL - IN bandwidth (120962256194.94%) too high
[1493527715] SERVICE ALERT: FTTH-SABANA01;TRONCAL [AMERICAN_DATA02 - Po5[G1/23 - G1/24]];OK;SOFT;2;OK - Average IN: 38.03Mb (1.90%)43470101.27 , Average OUT: 75.12Mb (3.76%)Total RX: 356107.07Gbits, Total TX: 167143.24Gbits
[1493528376] SERVICE ALERT: FTTH-SABANA01;TRONCAL [AMERICAN_DATA02 - Po5[G1/23 - G1/24]];CRITICAL;SOFT;1;CRITICAL - OUT bandwidth (120962256197.20%) too high
[1493528435] SERVICE ALERT: FTTH-SABANA01;TRONCAL [AMERICAN_DATA02 - Po5[G1/23 - G1/24]];OK;SOFT;2;OK - Average IN: 36.72Mb (1.84%)43477788.33 , Average OUT: 659.31Mb (32.97%)Total RX: 356170.04Gbits, Total TX: 167236.28Gbits
[1493528555] SERVICE ALERT: FTTH-SABANA01;TRONCAL [AMERICAN_DATA02 - Po5[G1/23 - G1/24]];CRITICAL;SOFT;1;CRITICAL - IN bandwidth (125062671658.86%) too high
[1493528616] SERVICE ALERT: FTTH-SABANA01;TRONCAL [AMERICAN_DATA02 - Po5[G1/23 - G1/24]];OK;SOFT;2;OK - Average IN: 43.84Mb (2.19%)43474453.37 , Average OUT: 63.88Mb (3.19%)Total RX: 356142.72Gbits, Total TX: 167249.00Gbits
[1493528630] Auto-save of retention data completed successfully.
[1493528856] SERVICE ALERT: FTTH-SABANA01;TRONCAL [AMERICAN_DATA02 - Po5[G1/23 - G1/24]];CRITICAL;SOFT;1;CRITICAL - OUT bandwidth (122978293799.78%) too high
[1493528915] SERVICE ALERT: FTTH-SABANA01;TRONCAL [AMERICAN_DATA02 - Po5[G1/23 - G1/24]];OK;SOFT;2;OK - Average IN: 44.61Mb (2.23%)43480113.51 , Average OUT: 78.38Mb (3.92%)Total RX: 356189.09Gbits, Total TX: 167237.22Gbits
[1493529276] SERVICE ALERT: FTTH-SABANA01;TRONCAL [AMERICAN_DATA02 - Po5[G1/23 - G1/24]];CRITICAL;SOFT;1;CRITICAL - OUT bandwidth (120962256197.12%) too high
[1493529335] SERVICE ALERT: FTTH-SABANA01;TRONCAL [AMERICAN_DATA02 - Po5[G1/23 - G1/24]];CRITICAL;SOFT;2;CRITICAL - IN bandwidth (125062671660.01%) too high
[1493529395] SERVICE ALERT: FTTH-SABANA01;TRONCAL [AMERICAN_DATA02 - Po5[G1/23 - G1/24]];OK;SOFT;3;OK - Average IN: 63.20Mb (3.16%)43478789.84 , Average OUT: 88.97Mb (4.45%)Total RX: 356178.25Gbits, Total TX: 167276.33Gbits
[1493529636] SERVICE ALERT: FTTH-SABANA01;TRONCAL [AMERICAN_DATA02 - Po5[G1/23 - G1/24]];CRITICAL;SOFT;1;CRITICAL - OUT bandwidth (120962256197.86%) too high
[1493529696] SERVICE ALERT: FTTH-SABANA01;TRONCAL [AMERICAN_DATA02 - Po5[G1/23 - G1/24]];OK;SOFT;2;OK - Average IN: 51.35Mb (2.57%)43485008.74 , Average OUT: 96.57Mb (4.83%)Total RX: 356229.19Gbits, Total TX: 167304.55Gbits
[1493529936] SERVICE ALERT: FTTH-SABANA01;TRONCAL [AMERICAN_DATA02 - Po5[G1/23 - G1/24]];CRITICAL;SOFT;1;CRITICAL - IN bandwidth (120962256195.61%) too high
[1493529996] SERVICE ALERT: FTTH-SABANA01;TRONCAL [AMERICAN_DATA02 - Po5[G1/23 - G1/24]];CRITICAL;SOFT;2;CRITICAL - OUT bandwidth (122978293801.12%) too high
[1493530055] SERVICE ALERT: FTTH-SABANA01;TRONCAL [AMERICAN_DATA02 - Po5[G1/23 - G1/24]];OK;SOFT;3;OK - Average IN: 82.07Mb (4.10%)43483543.92 , Average OUT: 88.47Mb (4.42%)Total RX: 356217.19Gbits, Total TX: 167340.78Gbits
[1493530355] SERVICE ALERT: FTTH-SABANA01;TRONCAL [AMERICAN_DATA02 - Po5[G1/23 - G1/24]];CRITICAL;SOFT;1;CRITICAL - OUT bandwidth (125062671661.78%) too high
[1493530416] SERVICE ALERT: FTTH-SABANA01;TRONCAL [AMERICAN_DATA02 - Po5[G1/23 - G1/24]];CRITICAL;SOFT;2;CRITICAL - IN bandwidth (120962256196.44%) too high
[1493530476] SERVICE ALERT: FTTH-SABANA01;TRONCAL [AMERICAN_DATA02 - Po5[G1/23 - G1/24]];OK;SOFT;3;OK - Average IN: 74.46Mb (3.72%)43487470.59 , Average OUT: 89.74Mb (4.49%)Total RX: 356249.36Gbits, Total TX: 167379.81Gbits
[1493530956] SERVICE ALERT: FTTH-SABANA01;TRONCAL [AMERICAN_DATA02 - Po5[G1/23 - G1/24]];CRITICAL;SOFT;1;CRITICAL - IN bandwidth (120962256196.55%) too high
[1493531016] SERVICE ALERT: FTTH-SABANA01;TRONCAL [AMERICAN_DATA02 - Po5[G1/23 - G1/24]];OK;SOFT;2;OK - Average IN: 77.27Mb (3.86%)43491760.91 , Average OUT: 671.14Mb (33.56%)Total RX: 356284.51Gbits, Total TX: 167461.67Gbits
[1493531436] SERVICE ALERT: FTTH-SABANA01;TRONCAL [AMERICAN_DATA02 - Po5[G1/23 - G1/24]];CRITICAL;SOFT;1;CRITICAL - IN bandwidth (120962256196.19%) too high
[1493531495] SERVICE ALERT: FTTH-SABANA01;TRONCAL [AMERICAN_DATA02 - Po5[G1/23 - G1/24]];CRITICAL;SOFT;2;CRITICAL - OUT bandwidth (125062671660.99%) too high
[1493531556] SERVICE ALERT: FTTH-SABANA01;TRONCAL [AMERICAN_DATA02 - Po5[G1/23 - G1/24]];OK;SOFT;3;OK - Average IN: 68.59Mb (3.43%)43496299.74 , Average OUT: 655.02Mb (32.75%)Total RX: 356321.69Gbits, Total TX: 167511.72Gbits
[1493531856] SERVICE ALERT: FTTH-SABANA01;TRONCAL [AMERICAN_DATA02 - Po5[G1/23 - G1/24]];CRITICAL;SOFT;1;CRITICAL - OUT bandwidth (122978293800.45%) too high
[1493531915] SERVICE ALERT: FTTH-SABANA01;TRONCAL [AMERICAN_DATA02 - Po5[G1/23 - G1/24]];CRITICAL;SOFT;2;CRITICAL - IN bandwidth (125062671660.95%) too high
[1493531976] SERVICE ALERT: FTTH-SABANA01;TRONCAL [AMERICAN_DATA02 - Po5[G1/23 - G1/24]];OK;SOFT;3;OK - Average IN: 97.47Mb (4.87%)43500230.00 , Average OUT: 86.95Mb (4.35%)Total RX: 356353.88Gbits, Total TX: 167515.13Gbits
[1493532230] Auto-save of retention data completed successfully.
[1493532336] SERVICE ALERT: FTTH-SABANA01;TRONCAL [AMERICAN_DATA02 - Po5[G1/23 - G1/24]];CRITICAL;SOFT;1;CRITICAL - IN bandwidth (122978293799.46%) too high
[1493532396] SERVICE ALERT: FTTH-SABANA01;TRONCAL [AMERICAN_DATA02 - Po5[G1/23 - G1/24]];OK;SOFT;2;OK - Average IN: 85.72Mb (4.29%)43504188.07 , Average OUT: 93.43Mb (4.67%)Total RX: 356386.31Gbits, Total TX: 167548.24Gbits
[1493532695] SERVICE ALERT: FTTH-SABANA01;TRONCAL [AMERICAN_DATA02 - Po5[G1/23 - G1/24]];CRITICAL;SOFT;1;CRITICAL - OUT bandwidth (125062671661.73%) too high
[1493532756] SERVICE ALERT: FTTH-SABANA01;TRONCAL [AMERICAN_DATA02 - Po5[G1/23 - G1/24]];OK;SOFT;2;OK - Average IN: 79.21Mb (3.96%)43511605.85 , Average OUT: 102.15Mb (5.11%)Total RX: 356447.08Gbits, Total TX: 167580.55Gbits
[1493532815] SERVICE ALERT: FTTH-SABANA01;TRONCAL [AMERICAN_DATA02 - Po5[G1/23 - G1/24]];CRITICAL;SOFT;1;CRITICAL - IN bandwidth (125062671661.31%) too high
[1493532875] SERVICE ALERT: FTTH-SABANA01;TRONCAL [AMERICAN_DATA02 - Po5[G1/23 - G1/24]];OK;SOFT;2;OK - Average IN: 104.34Mb (5.22%)43508790.12 , Average OUT: 85.70Mb (4.29%)Total RX: 356424.01Gbits, Total TX: 167591.31Gbits
[1493533056] SERVICE ALERT: FTTH-SABANA01;TRONCAL [AMERICAN_DATA02 - Po5[G1/23 - G1/24]];CRITICAL;SOFT;1;CRITICAL - OUT bandwidth (122978293800.38%) too high
[1493533116] SERVICE ALERT: FTTH-SABANA01;TRONCAL [AMERICAN_DATA02 - Po5[G1/23 - G1/24]];CRITICAL;SOFT;2;CRITICAL - IN bandwidth (122978293801.58%) too high
[1493533176] SERVICE ALERT: FTTH-SABANA01;TRONCAL [AMERICAN_DATA02 - Po5[G1/23 - G1/24]];OK;SOFT;3;OK - Average IN: 103.79Mb (5.19%)43512705.86 , Average OUT: 75.62Mb (3.78%)Total RX: 356456.09Gbits, Total TX: 167617.74Gbits
[1493533416] SERVICE ALERT: FTTH-SABANA01;TRONCAL [AMERICAN_DATA02 - Po5[G1/23 - G1/24]];CRITICAL;SOFT;1;CRITICAL - IN bandwidth (122978293801.75%) too high
[1493533476] SERVICE ALERT: FTTH-SABANA01;TRONCAL [AMERICAN_DATA02 - Po5[G1/23 - G1/24]];CRITICAL;SOFT;2;CRITICAL - OUT bandwidth (122978293801.31%) too high
[1493533535] SERVICE ALERT: FTTH-SABANA01;TRONCAL [AMERICAN_DATA02 - Po5[G1/23 - G1/24]];OK;SOFT;3;OK - Average IN: 692.09Mb (34.60%)43521852.73 , Average OUT: 86.16Mb (4.31%)Total RX: 356531.02Gbits, Total TX: 167650.03Gbits
[1493533716] SERVICE ALERT: FTTH-SABANA01;TRONCAL [AMERICAN_DATA02 - Po5[G1/23 - G1/24]];CRITICAL;SOFT;1;CRITICAL - IN bandwidth (122978293802.13%) too high
[1493533775] SERVICE ALERT: FTTH-SABANA01;TRONCAL [AMERICAN_DATA02 - Po5[G1/23 - G1/24]];OK;SOFT;2;OK - Average IN: 83.74Mb (4.19%)43520887.72 , Average OUT: 113.42Mb (5.67%)Total RX: 356523.11Gbits, Total TX: 167707.84Gbits
[1493533836] SERVICE ALERT: FTTH-SABANA01;TRONCAL [AMERICAN_DATA02 - Po5[G1/23 - G1/24]];CRITICAL;SOFT;1;CRITICAL - OUT bandwidth (120962256198.02%) too high
[1493533895] SERVICE ALERT: FTTH-SABANA01;TRONCAL [AMERICAN_DATA02 - Po5[G1/23 - G1/24]];OK;SOFT;2;OK - Average IN: 676.09Mb (33.80%)43526339.55 , Average OUT: 697.83Mb (34.89%)Total RX: 356567.77Gbits, Total TX: 167720.91Gbits
[1493534076] SERVICE ALERT: FTTH-SABANA01;TRONCAL [AMERICAN_DATA02 - Po5[G1/23 - G1/24]];CRITICAL;SOFT;1;CRITICAL - IN bandwidth (120962256198.03%) too high
[1493534135] SERVICE ALERT: FTTH-SABANA01;TRONCAL [AMERICAN_DATA02 - Po5[G1/23 - G1/24]];CRITICAL;SOFT;2;CRITICAL - OUT bandwidth (125062671662.13%) too high
[1493534196] SERVICE ALERT: FTTH-SABANA01;TRONCAL [AMERICAN_DATA02 - Po5[G1/23 - G1/24]];OK;SOFT;3;OK - Average IN: 685.31Mb (34.27%)43530167.47 , Average OUT: 101.82Mb (5.09%)Total RX: 356599.13Gbits, Total TX: 167716.53Gbits
[1493534435] SERVICE ALERT: FTTH-SABANA01;TRONCAL [AMERICAN_DATA02 - Po5[G1/23 - G1/24]];CRITICAL;SOFT;1;CRITICAL - IN bandwidth (125062671664.02%) too high
[1493534496] SERVICE ALERT: FTTH-SABANA01;TRONCAL [AMERICAN_DATA02 - Po5[G1/23 - G1/24]];CRITICAL;SOFT;2;CRITICAL - OUT bandwidth (120962256200.28%) too high
[1493534556] SERVICE ALERT: FTTH-SABANA01;TRONCAL [AMERICAN_DATA02 - Po5[G1/23 - G1/24]];OK;SOFT;3;OK - Average IN: 679.57Mb (33.98%)43534909.83 , Average OUT: 150.73Mb (7.54%)Total RX: 356637.98Gbits, Total TX: 167759.58Gbits
[1493534676] SERVICE ALERT: FTTH-SABANA01;TRONCAL [AMERICAN_DATA02 - Po5[G1/23 - G1/24]];CRITICAL;SOFT;1;CRITICAL - IN bandwidth (120962256201.14%) too high
[1493534735] SERVICE ALERT: FTTH-SABANA01;TRONCAL [AMERICAN_DATA02 - Po5[G1/23 - G1/24]];OK;SOFT;2;OK - Average IN: 148.47Mb (7.42%)43533948.79 , Average OUT: 90.84Mb (4.54%)Total RX: 356630.11Gbits, Total TX: 167812.22Gbits
[1493534796] SERVICE ALERT: FTTH-SABANA01;TRONCAL [AMERICAN_DATA02 - Po5[G1/23 - G1/24]];CRITICAL;SOFT;1;CRITICAL - OUT bandwidth (120962256197.41%) too high
[1493534856] SERVICE ALERT: FTTH-SABANA01;TRONCAL [AMERICAN_DATA02 - Po5[G1/23 - G1/24]];OK;SOFT;2;OK - Average IN: 100.93Mb (5.05%)43539862.55 , Average OUT: 95.61Mb (4.78%)Total RX: 356678.55Gbits, Total TX: 167789.11Gbits
[1493534976] SERVICE ALERT: FTTH-SABANA01;TRONCAL [AMERICAN_DATA02 - Po5[G1/23 - G1/24]];CRITICAL;SOFT;1;CRITICAL - IN bandwidth (122978293802.51%) too high
[1493535035] SERVICE ALERT: FTTH-SABANA01;TRONCAL [AMERICAN_DATA02 - Po5[G1/23 - G1/24]];OK;SOFT;2;OK - Average IN: 112.57Mb (5.63%)43538192.29 , Average OUT: 730.47Mb (36.52%)Total RX: 356664.87Gbits, Total TX: 167846.65Gbits
[1493535096] SERVICE ALERT: FTTH-SABANA01;TRONCAL [AMERICAN_DATA02 - Po5[G1/23 - G1/24]];CRITICAL;SOFT;1;CRITICAL - OUT bandwidth (120962256196.76%) too high
[1493535156] SERVICE ALERT: FTTH-SABANA01;TRONCAL [AMERICAN_DATA02 - Po5[G1/23 - G1/24]];OK;SOFT;2;OK - Average IN: 136.21Mb (6.81%)43544308.78 , Average OUT: 649.64Mb (32.48%)Total RX: 356714.98Gbits, Total TX: 167856.00Gbits
[1493535216] SERVICE ALERT: FTTH-SABANA01;TRONCAL [AMERICAN_DATA02 - Po5[G1/23 - G1/24]];CRITICAL;SOFT;1;CRITICAL - IN bandwidth (122978293805.95%) too high
[1493535275] SERVICE ALERT: FTTH-SABANA01;TRONCAL [AMERICAN_DATA02 - Po5[G1/23 - G1/24]];OK;SOFT;2;OK - Average IN: 764.45Mb (38.22%)43547063.22 , Average OUT: 112.26Mb (5.61%)Total RX: 356737.54Gbits, Total TX: 167868.30Gbits
[1493535396] SERVICE ALERT: FTTH-SABANA01;TRONCAL [AMERICAN_DATA02 - Po5[G1/23 - G1/24]];CRITICAL;SOFT;1;CRITICAL - IN bandwidth (122978293805.14%) too high
[1493535455] SERVICE ALERT: FTTH-SABANA01;TRONCAL [AMERICAN_DATA02 - Po5[G1/23 - G1/24]];CRITICAL;SOFT;2;CRITICAL - OUT bandwidth (125062671662.84%) too high
[1493535516] SERVICE ALERT: FTTH-SABANA01;TRONCAL [AMERICAN_DATA02 - Po5[G1/23 - G1/24]];OK;SOFT;3;OK - Average IN: 211.95Mb (10.60%)43552724.47 , Average OUT: 679.55Mb (33.98%)Total RX: 356783.92Gbits, Total TX: 167894.01Gbits
[1493535576] SERVICE ALERT: FTTH-SABANA01;TRONCAL [AMERICAN_DATA02 - Po5[G1/23 - G1/24]];CRITICAL;SOFT;1;CRITICAL - IN bandwidth (122978293805.65%) too high
[1493535635] SERVICE ALERT: FTTH-SABANA01;TRONCAL [AMERICAN_DATA02 - Po5[G1/23 - G1/24]];OK;SOFT;2;OK - Average IN: 792.76Mb (39.64%)43555639.49 , Average OUT: 87.05Mb (4.35%)Total RX: 356807.80Gbits, Total TX: 167905.09Gbits
[1493535756] SERVICE ALERT: FTTH-SABANA01;TRONCAL [AMERICAN_DATA02 - Po5[G1/23 - G1/24]];CRITICAL;SOFT;1;CRITICAL - IN bandwidth (122978293807.41%) too high
[1493535815] SERVICE ALERT: FTTH-SABANA01;TRONCAL [AMERICAN_DATA02 - Po5[G1/23 - G1/24]];CRITICAL;SOFT;2;CRITICAL - OUT bandwidth (125062671662.14%) too high
[1493535830] Auto-save of retention data completed successfully.
[1493535876] SERVICE ALERT: FTTH-SABANA01;TRONCAL [AMERICAN_DATA02 - Po5[G1/23 - G1/24]];OK;SOFT;3;OK - Average IN: 204.11Mb (10.21%)43561819.87 , Average OUT: 94.66Mb (4.73%)Total RX: 356858.43Gbits, Total TX: 167893.04Gbits
[1493535935] SERVICE ALERT: FTTH-SABANA01;TRONCAL [AMERICAN_DATA02 - Po5[G1/23 - G1/24]];CRITICAL;SOFT;1;CRITICAL - IN bandwidth (125062671667.27%) too high
[1493535996] SERVICE ALERT: FTTH-SABANA01;TRONCAL [AMERICAN_DATA02 - Po5[G1/23 - G1/24]];OK;SOFT;2;OK - Average IN: 770.73Mb (38.54%)43564836.73 , Average OUT: 102.49Mb (5.12%)Total RX: 356883.14Gbits, Total TX: 167938.65Gbits
[1493536056] SERVICE ALERT: FTTH-SABANA01;TRONCAL [AMERICAN_DATA02 - Po5[G1/23 - G1/24]];CRITICAL;SOFT;1;CRITICAL - IN bandwidth (122978293805.98%) too high
[1493536115] SERVICE ALERT: FTTH-SABANA01;TRONCAL [AMERICAN_DATA02 - Po5[G1/23 - G1/24]];CRITICAL;SOFT;2;CRITICAL - OUT bandwidth (125062671662.72%) too high
[1493536176] SERVICE ALERT: FTTH-SABANA01;TRONCAL [AMERICAN_DATA02 - Po5[G1/23 - G1/24]];OK;SOFT;3;OK - Average IN: 776.52Mb (38.83%)43569317.56 , Average OUT: 102.86Mb (5.14%)Total RX: 356919.85Gbits, Total TX: 167923.98Gbits
[1493536236] SERVICE ALERT: FTTH-SABANA01;TRONCAL [AMERICAN_DATA02 - Po5[G1/23 - G1/24]];CRITICAL;SOFT;1;CRITICAL - IN bandwidth (122978293808.67%) too high
[1493536296] SERVICE ALERT: FTTH-SABANA01;TRONCAL [AMERICAN_DATA02 - Po5[G1/23 - G1/24]];OK;SOFT;2;OK - Average IN: 882.77Mb (44.14%)43573430.27 , Average OUT: 109.13Mb (5.46%)Total RX: 356953.54Gbits, Total TX: 167937.20Gbits
[1493536355] SERVICE ALERT: FTTH-SABANA01;TRONCAL [AMERICAN_DATA02 - Po5[G1/23 - G1/24]];CRITICAL;SOFT;1;CRITICAL - IN bandwidth (125062671671.14%) too high
[1493536416] SERVICE ALERT: FTTH-SABANA01;TRONCAL [AMERICAN_DATA02 - Po5[G1/23 - G1/24]];OK;SOFT;2;OK - Average IN: 845.95Mb (42.30%)43577564.51 , Average OUT: 93.23Mb (4.66%)Total RX: 356987.41Gbits, Total TX: 167984.58Gbits
[1493536476] SERVICE ALERT: FTTH-SABANA01;TRONCAL [AMERICAN_DATA02 - Po5[G1/23 - G1/24]];CRITICAL;SOFT;1;CRITICAL - IN bandwidth (122978293807.32%) too high
[1493536536] SERVICE ALERT: FTTH-SABANA01;TRONCAL [AMERICAN_DATA02 - Po5[G1/23 - G1/24]];OK;SOFT;2;OK - Average IN: 811.70Mb (40.59%)43580958.54 , Average OUT: 101.08Mb (5.05%)Total RX: 357015.21Gbits, Total TX: 167961.98Gbits
[1493536775] SERVICE ALERT: FTTH-SABANA01;TRONCAL [AMERICAN_DATA02 - Po5[G1/23 - G1/24]];CRITICAL;SOFT;1;CRITICAL - IN bandwidth (125062671669.25%) too high
[1493536836] SERVICE ALERT: FTTH-SABANA01;TRONCAL [AMERICAN_DATA02 - Po5[G1/23 - G1/24]];OK;SOFT;2;OK - Average IN: 793.15Mb (39.66%)43590109.78 , Average OUT: 123.84Mb (6.19%)Total RX: 357090.18Gbits, Total TX: 168029.80Gbits
[1493536895] SERVICE ALERT: FTTH-SABANA01;TRONCAL [AMERICAN_DATA02 - Po5[G1/23 - G1/24]];CRITICAL;SOFT;1;CRITICAL - IN bandwidth (125062671667.63%) too high
[1493536955] SERVICE ALERT: FTTH-SABANA01;TRONCAL [AMERICAN_DATA02 - Po5[G1/23 - G1/24]];OK;SOFT;2;OK - Average IN: 802.57Mb (40.13%)43593318.43 , Average OUT: 94.26Mb (4.71%)Total RX: 357116.46Gbits, Total TX: 168041.37Gbits
[1493537075] SERVICE ALERT: FTTH-SABANA01;TRONCAL [AMERICAN_DATA02 - Po5[G1/23 - G1/24]];CRITICAL;SOFT;1;CRITICAL - IN bandwidth (125062671670.51%) too high
[1493537136] SERVICE ALERT: FTTH-SABANA01;TRONCAL [AMERICAN_DATA02 - Po5[G1/23 - G1/24]];OK;SOFT;2;OK - Average IN: 851.76Mb (42.59%)43599039.93 , Average OUT: 109.13Mb (5.46%)Total RX: 357163.34Gbits, Total TX: 168025.81Gbits
[1493537196] SERVICE ALERT: FTTH-SABANA01;TRONCAL [AMERICAN_DATA02 - Po5[G1/23 - G1/24]];CRITICAL;SOFT;1;CRITICAL - IN bandwidth (122978293811.48%) too high
[1493537256] SERVICE ALERT: FTTH-SABANA01;TRONCAL [AMERICAN_DATA02 - Po5[G1/23 - G1/24]];OK;SOFT;2;OK - Average IN: 789.16Mb (39.46%)43602879.47 , Average OUT: 121.72Mb (6.09%)Total RX: 357194.79Gbits, Total TX: 168075.30Gbits
[1493537315] SERVICE ALERT: FTTH-SABANA01;TRONCAL [AMERICAN_DATA02 - Po5[G1/23 - G1/24]];CRITICAL;SOFT;1;CRITICAL - IN bandwidth (125062671667.50%) too high
[1493537376] SERVICE ALERT: FTTH-SABANA01;TRONCAL [AMERICAN_DATA02 - Po5[G1/23 - G1/24]];CRITICAL;SOFT;2;CRITICAL - OUT bandwidth (120962256198.02%) too high
[1493537436] SERVICE ALERT: FTTH-SABANA01;TRONCAL [AMERICAN_DATA02 - Po5[G1/23 - G1/24]];OK;SOFT;3;OK - Average IN: 229.58Mb (11.48%)43607489.01 , Average OUT: 102.37Mb (5.12%)Total RX: 357232.55Gbits, Total TX: 168060.11Gbits
[1493537496] SERVICE ALERT: FTTH-SABANA01;TRONCAL [AMERICAN_DATA02 - Po5[G1/23 - G1/24]];CRITICAL;SOFT;1;CRITICAL - IN bandwidth (122978293811.06%) too high
[1493537555] SERVICE ALERT: FTTH-SABANA01;TRONCAL [AMERICAN_DATA02 - Po5[G1/23 - G1/24]];OK;SOFT;2;OK - Average IN: 894.97Mb (44.75%)43611932.73 , Average OUT: 689.84Mb (34.49%)Total RX: 357268.95Gbits, Total TX: 168106.83Gbits
[1493537735] SERVICE ALERT: FTTH-SABANA01;TRONCAL [AMERICAN_DATA02 - Po5[G1/23 - G1/24]];CRITICAL;SOFT;1;CRITICAL - OUT bandwidth (122978293801.48%) too high
[1493537796] SERVICE ALERT: FTTH-SABANA01;TRONCAL [AMERICAN_DATA02 - Po5[G1/23 - G1/24]];OK;SOFT;2;OK - Average IN: 303.11Mb (15.16%)43620460.88 , Average OUT: 109.07Mb (5.45%)Total RX: 357338.82Gbits, Total TX: 168099.20Gbits
[1493537855] SERVICE ALERT: FTTH-SABANA01;TRONCAL [AMERICAN_DATA02 - Po5[G1/23 - G1/24]];CRITICAL;SOFT;1;CRITICAL - IN bandwidth (125062671669.69%) too high
[1493537916] SERVICE ALERT: FTTH-SABANA01;TRONCAL [AMERICAN_DATA02 - Po5[G1/23 - G1/24]];OK;SOFT;2;OK - Average IN: 841.07Mb (42.05%)43624349.62 , Average OUT: 114.10Mb (5.71%)Total RX: 357370.67Gbits, Total TX: 168112.84Gbits
[1493537975] SERVICE ALERT: FTTH-SABANA01;TRONCAL [AMERICAN_DATA02 - Po5[G1/23 - G1/24]];CRITICAL;SOFT;1;CRITICAL - IN bandwidth (125062671671.88%) too high
[1493538036] SERVICE ALERT: FTTH-SABANA01;TRONCAL [AMERICAN_DATA02 - Po5[G1/23 - G1/24]];CRITICAL;SOFT;2;CRITICAL - OUT bandwidth (120962256198.28%) too high
[1493538095] SERVICE ALERT: FTTH-SABANA01;TRONCAL [AMERICAN_DATA02 - Po5[G1/23 - G1/24]];CRITICAL;SOFT;3;CRITICAL - IN bandwidth (125062671669.86%) too high
[1493538156] SERVICE ALERT: FTTH-SABANA01;TRONCAL [AMERICAN_DATA02 - Po5[G1/23 - G1/24]];OK;SOFT;4;OK - Average IN: 878.06Mb (43.90%)43632621.37 , Average OUT: 121.25Mb (6.06%)Total RX: 357438.43Gbits, Total TX: 168175.50Gbits
[1493538335] SERVICE ALERT: FTTH-SABANA01;TRONCAL [AMERICAN_DATA02 - Po5[G1/23 - G1/24]];CRITICAL;SOFT;1;CRITICAL - OUT bandwidth (125062671662.84%) too high
[1493538396] SERVICE ALERT: FTTH-SABANA01;TRONCAL [AMERICAN_DATA02 - Po5[G1/23 - G1/24]];CRITICAL;SOFT;2;CRITICAL - IN bandwidth (120962256207.17%) too high
[1493538455] SERVICE ALERT: FTTH-SABANA01;TRONCAL [AMERICAN_DATA02 - Po5[G1/23 - G1/24]];OK;SOFT;3;OK - Average IN: 837.65Mb (41.88%)43643574.43 , Average OUT: 690.37Mb (34.52%)Total RX: 357528.16Gbits, Total TX: 168208.61Gbits
[1493538576] SERVICE ALERT: FTTH-SABANA01;TRONCAL [AMERICAN_DATA02 - Po5[G1/23 - G1/24]];CRITICAL;SOFT;1;CRITICAL - IN bandwidth (122978293808.99%) too high
[1493538636] SERVICE ALERT: FTTH-SABANA01;TRONCAL [AMERICAN_DATA02 - Po5[G1/23 - G1/24]];CRITICAL;SOFT;2;CRITICAL - OUT bandwidth (122978293802.06%) too high
[1493538695] SERVICE ALERT: FTTH-SABANA01;TRONCAL [AMERICAN_DATA02 - Po5[G1/23 - G1/24]];CRITICAL;SOFT;3;CRITICAL - IN bandwidth (125062671672.61%) too high
[1493538756] SERVICE ALERT: FTTH-SABANA01;TRONCAL [AMERICAN_DATA02 - Po5[G1/23 - G1/24]];OK;SOFT;4;OK - Average IN: 832.77Mb (41.64%)43653219.66 , Average OUT: 111.97Mb (5.60%)Total RX: 357607.18Gbits, Total TX: 168209.93Gbits
[1493538815] SERVICE ALERT: FTTH-SABANA01;TRONCAL [AMERICAN_DATA02 - Po5[G1/23 - G1/24]];CRITICAL;SOFT;1;CRITICAL - IN bandwidth (122978293809.36%) too high
[1493538876] SERVICE ALERT: FTTH-SABANA01;TRONCAL [AMERICAN_DATA02 - Po5[G1/23 - G1/24]];OK;SOFT;2;OK - Average IN: 837.04Mb (41.85%)43657201.51 , Average OUT: 668.50Mb (33.42%)Total RX: 357639.79Gbits, Total TX: 168257.78Gbits
[1493538936] SERVICE ALERT: FTTH-SABANA01;TRONCAL [AMERICAN_DATA02 - Po5[G1/23 - G1/24]];CRITICAL;SOFT;1;CRITICAL - IN bandwidth (122978293810.57%) too high
[1493538995] SERVICE ALERT: FTTH-SABANA01;TRONCAL [AMERICAN_DATA02 - Po5[G1/23 - G1/24]];OK;SOFT;2;OK - Average IN: 868.11Mb (43.41%)43661379.59 , Average OUT: 121.02Mb (6.05%)Total RX: 357674.02Gbits, Total TX: 168271.53Gbits
[1493539056] SERVICE ALERT: FTTH-SABANA01;TRONCAL [AMERICAN_DATA02 - Po5[G1/23 - G1/24]];CRITICAL;SOFT;1;CRITICAL - IN bandwidth (120962256207.67%) too high
[1493539115] SERVICE ALERT: FTTH-SABANA01;TRONCAL [AMERICAN_DATA02 - Po5[G1/23 - G1/24]];OK;SOFT;2;OK - Average IN: 893.04Mb (44.65%)43665819.35 , Average OUT: 117.20Mb (5.86%)Total RX: 357710.39Gbits, Total TX: 168285.82Gbits
[1493539176] SERVICE ALERT: FTTH-SABANA01;TRONCAL [AMERICAN_DATA02 - Po5[G1/23 - G1/24]];CRITICAL;SOFT;1;CRITICAL - IN bandwidth (122978293811.64%) too high
[1493539235] SERVICE ALERT: FTTH-SABANA01;TRONCAL [AMERICAN_DATA02 - Po5[G1/23 - G1/24]];CRITICAL;SOFT;2;CRITICAL - OUT bandwidth (122978293801.71%) too high
[1493539296] SERVICE ALERT: FTTH-SABANA01;TRONCAL [AMERICAN_DATA02 - Po5[G1/23 - G1/24]];CRITICAL;SOFT;3;CRITICAL - IN bandwidth (120962256205.99%) too high
[1493539356] SERVICE ALERT: FTTH-SABANA01;TRONCAL [AMERICAN_DATA02 - Po5[G1/23 - G1/24]];OK;SOFT;4;OK - Average IN: 831.10Mb (41.56%)43673816.02 , Average OUT: 703.83Mb (35.19%)Total RX: 357775.90Gbits, Total TX: 168315.32Gbits
[1493539416] SERVICE ALERT: FTTH-SABANA01;TRONCAL [AMERICAN_DATA02 - Po5[G1/23 - G1/24]];CRITICAL;SOFT;1;CRITICAL - IN bandwidth (122978293808.17%) too high
[1493539430] Auto-save of retention data completed successfully.
[1493539475] SERVICE ALERT: FTTH-SABANA01;TRONCAL [AMERICAN_DATA02 - Po5[G1/23 - G1/24]];CRITICAL;SOFT;2;CRITICAL - OUT bandwidth (125062671662.58%) too high
[1493539507] SERVICE NOTIFICATION: manuel.bozzoli;FTTH-AMERICAN_DATA02;AMERICAN DATA [PLAZA MAYOR - G0/15];CRITICAL;notify-service-by-email;CRITICAL: Interface is 'down' (interface: 10115 status: 2)
[1493539507] SERVICE NOTIFICATION: moises.bonilla;FTTH-AMERICAN_DATA02;AMERICAN DATA [PLAZA MAYOR - G0/15];CRITICAL;notify-service-by-email;CRITICAL: Interface is 'down' (interface: 10115 status: 2)
[1493539536] SERVICE ALERT: FTTH-SABANA01;TRONCAL [AMERICAN_DATA02 - Po5[G1/23 - G1/24]];OK;SOFT;3;OK - Average IN: 262.40Mb (13.12%)43679404.95 , Average OUT: 115.94Mb (5.80%)Total RX: 357821.69Gbits, Total TX: 168301.80Gbits
[1493539655] SERVICE ALERT: FTTH-SABANA01;TRONCAL [AMERICAN_DATA02 - Po5[G1/23 - G1/24]];CRITICAL;SOFT;1;CRITICAL - IN bandwidth (125062671673.10%) too high
[1493539716] SERVICE ALERT: FTTH-SABANA01;TRONCAL [AMERICAN_DATA02 - Po5[G1/23 - G1/24]];OK;SOFT;2;OK - Average IN: 826.72Mb (41.34%)43685696.88 , Average OUT: 682.40Mb (34.12%)Total RX: 357873.23Gbits, Total TX: 168357.14Gbits
[1493539775] SERVICE ALERT: FTTH-SABANA01;TRONCAL [AMERICAN_DATA02 - Po5[G1/23 - G1/24]];CRITICAL;SOFT;1;CRITICAL - OUT bandwidth (125062671662.58%) too high
[1493539836] SERVICE ALERT: FTTH-SABANA01;TRONCAL [AMERICAN_DATA02 - Po5[G1/23 - G1/24]];OK;SOFT;2;OK - Average IN: 251.60Mb (12.58%)43689670.08 , Average OUT: 678.75Mb (33.94%)Total RX: 357905.78Gbits, Total TX: 168370.71Gbits
[1493539956] SERVICE ALERT: FTTH-SABANA01;TRONCAL [AMERICAN_DATA02 - Po5[G1/23 - G1/24]];CRITICAL;SOFT;1;CRITICAL - IN bandwidth (122978293809.98%) too high
[1493540016] SERVICE ALERT: FTTH-SABANA01;TRONCAL [AMERICAN_DATA02 - Po5[G1/23 - G1/24]];OK;SOFT;2;OK - Average IN: 817.81Mb (40.89%)43695325.45 , Average OUT: 122.67Mb (6.13%)Total RX: 357952.11Gbits, Total TX: 168393.36Gbits
[1493540075] SERVICE ALERT: FTTH-SABANA01;TRONCAL [AMERICAN_DATA02 - Po5[G1/23 - G1/24]];CRITICAL;SOFT;1;CRITICAL - IN bandwidth (125062671668.80%) too high
[1493540136] SERVICE ALERT: FTTH-SABANA01;TRONCAL [AMERICAN_DATA02 - Po5[G1/23 - G1/24]];OK;SOFT;2;OK - Average IN: 821.99Mb (41.10%)43698944.01 , Average OUT: 124.58Mb (6.23%)Total RX: 357981.75Gbits, Total TX: 168374.85Gbits
[1493540196] SERVICE ALERT: FTTH-SABANA01;TRONCAL [AMERICAN_DATA02 - Po5[G1/23 - G1/24]];CRITICAL;SOFT;1;CRITICAL - IN bandwidth (122978293810.96%) too high
[1493540255] SERVICE ALERT: FTTH-SABANA01;TRONCAL [AMERICAN_DATA02 - Po5[G1/23 - G1/24]];OK;SOFT;2;OK - Average IN: 909.74Mb (45.49%)43703478.78 , Average OUT: 123.00Mb (6.15%)Total RX: 358018.90Gbits, Total TX: 168424.70Gbits
[1493540316] SERVICE ALERT: FTTH-SABANA01;TRONCAL [AMERICAN_DATA02 - Po5[G1/23 - G1/24]];CRITICAL;SOFT;1;CRITICAL - IN bandwidth (120962256208.17%) too high
[1493540375] SERVICE ALERT: FTTH-SABANA01;TRONCAL [AMERICAN_DATA02 - Po5[G1/23 - G1/24]];OK;SOFT;2;OK - Average IN: 907.88Mb (45.39%)43708100.30 , Average OUT: 132.92Mb (6.65%)Total RX: 358056.76Gbits, Total TX: 168405.99Gbits
[1493540495] SERVICE ALERT: FTTH-SABANA01;TRONCAL [AMERICAN_DATA02 - Po5[G1/23 - G1/24]];CRITICAL;SOFT;1;CRITICAL - IN bandwidth (122978293813.54%) too high
[1493540556] SERVICE ALERT: FTTH-SABANA01;TRONCAL [AMERICAN_DATA02 - Po5[G1/23 - G1/24]];OK;SOFT;2;OK - Average IN: 912.36Mb (45.62%)43715993.12 , Average OUT: 692.48Mb (34.62%)Total RX: 358121.42Gbits, Total TX: 168461.94Gbits
[1493540616] SERVICE ALERT: FTTH-SABANA01;TRONCAL [AMERICAN_DATA02 - Po5[G1/23 - G1/24]];CRITICAL;SOFT;1;CRITICAL - OUT bandwidth (122978293802.59%) too high
[1493540675] SERVICE ALERT: FTTH-SABANA01;TRONCAL [AMERICAN_DATA02 - Po5[G1/23 - G1/24]];CRITICAL;SOFT;2;CRITICAL - IN bandwidth (125062671677.03%) too high
[1493540736] SERVICE ALERT: FTTH-SABANA01;TRONCAL [AMERICAN_DATA02 - Po5[G1/23 - G1/24]];OK;SOFT;3;OK - Average IN: 977.29Mb (48.86%)43724843.03 , Average OUT: 673.24Mb (33.66%)Total RX: 358193.91Gbits, Total TX: 168483.44Gbits
[1493540856] SERVICE ALERT: FTTH-SABANA01;TRONCAL [AMERICAN_DATA02 - Po5[G1/23 - G1/24]];CRITICAL;SOFT;1;CRITICAL - IN bandwidth (120962256214.82%) too high
[1493540915] SERVICE ALERT: FTTH-SABANA01;TRONCAL [AMERICAN_DATA02 - Po5[G1/23 - G1/24]];OK;SOFT;2;OK - Average IN: 390.59Mb (19.53%)43729850.29 , Average OUT: 150.63Mb (7.53%)Total RX: 358234.93Gbits, Total TX: 168508.80Gbits
[1493540945] SERVICE ALERT: OS-MONITOREO;Carga OS-MONITOREO;WARNING;SOFT;1;WARNING - load average: 4.62, 3.08, 2.20
[1493541006] SERVICE ALERT: OS-MONITOREO;Carga OS-MONITOREO;OK;SOFT;2;OK - load average: 3.58, 2.99, 2.22
[1493541096] SERVICE ALERT: FTTH-SABANA01;TRONCAL [AMERICAN_DATA02 - Po5[G1/23 - G1/24]];CRITICAL;SOFT;1;CRITICAL - IN bandwidth (120962256214.54%) too high
[1493541155] SERVICE ALERT: FTTH-SABANA01;TRONCAL [AMERICAN_DATA02 - Po5[G1/23 - G1/24]];OK;SOFT;2;OK - Average IN: 994.14Mb (49.71%)43746458.87 , Average OUT: 136.61Mb (6.83%)Total RX: 358370.99Gbits, Total TX: 168508.54Gbits
[1493541275] SERVICE ALERT: FTTH-SABANA01;TRONCAL [AMERICAN_DATA02 - Po5[G1/23 - G1/24]];CRITICAL;SOFT;1;CRITICAL - IN bandwidth (125062671676.01%) too high
[1493541336] SERVICE ALERT: FTTH-SABANA01;TRONCAL [AMERICAN_DATA02 - Po5[G1/23 - G1/24]];OK;SOFT;2;OK - Average IN: 926.58Mb (46.33%)43754515.71 , Average OUT: 137.09Mb (6.85%)Total RX: 358436.99Gbits, Total TX: 168567.37Gbits
[1493541395] SERVICE ALERT: FTTH-SABANA01;TRONCAL [AMERICAN_DATA02 - Po5[G1/23 - G1/24]];CRITICAL;SOFT;1;CRITICAL - OUT bandwidth (125062671664.37%) too high
[1493541456] SERVICE ALERT: FTTH-SABANA01;TRONCAL [AMERICAN_DATA02 - Po5[G1/23 - G1/24]];CRITICAL;SOFT;2;CRITICAL - IN bandwidth (120962256212.52%) too high
[1493541485] SERVICE ALERT: OS-MONITOREO;Carga OS-MONITOREO;WARNING;SOFT;1;WARNING - load average: 4.62, 3.18, 2.51
[1493541516] SERVICE ALERT: FTTH-SABANA01;TRONCAL [AMERICAN_DATA02 - Po5[G1/23 - G1/24]];OK;SOFT;3;OK - Average IN: 934.63Mb (46.73%)43763130.92 , Average OUT: 139.28Mb (6.96%)Total RX: 358507.57Gbits, Total TX: 168557.78Gbits
[1493541545] SERVICE ALERT: OS-MONITOREO;Carga OS-MONITOREO;WARNING;SOFT;2;WARNING - load average: 5.14, 3.40, 2.61
[1493541605] SERVICE ALERT: OS-MONITOREO;Carga OS-MONITOREO;WARNING;SOFT;3;WARNING - load average: 3.48, 3.24, 2.61
[1493541635] SERVICE ALERT: FTTH-SABANA01;TRONCAL [AMERICAN_DATA02 - Po5[G1/23 - G1/24]];CRITICAL;SOFT;1;CRITICAL - IN bandwidth (125062671675.31%) too high
[1493541665] SERVICE ALERT: OS-MONITOREO;Carga OS-MONITOREO;WARNING;HARD;4;WARNING - load average: 2.25, 3.02, 2.57
[1493541696] SERVICE ALERT: FTTH-SABANA01;TRONCAL [AMERICAN_DATA02 - Po5[G1/23 - G1/24]];OK;SOFT;2;OK - Average IN: 902.01Mb (45.10%)43770604.76 , Average OUT: 125.84Mb (6.29%)Total RX: 358568.79Gbits, Total TX: 168582.80Gbits
[1493541755] SERVICE ALERT: FTTH-SABANA01;TRONCAL [AMERICAN_DATA02 - Po5[G1/23 - G1/24]];CRITICAL;SOFT;1;CRITICAL - IN bandwidth (125062671673.98%) too high
[1493541816] SERVICE ALERT: FTTH-SABANA01;TRONCAL [AMERICAN_DATA02 - Po5[G1/23 - G1/24]];OK;SOFT;2;OK - Average IN: 887.89Mb (44.39%)43775461.42 , Average OUT: 118.68Mb (5.93%)Total RX: 358608.58Gbits, Total TX: 168631.72Gbits
[1493541875] SERVICE ALERT: FTTH-SABANA01;TRONCAL [AMERICAN_DATA02 - Po5[G1/23 - G1/24]];CRITICAL;SOFT;1;CRITICAL - OUT bandwidth (125062671662.92%) too high
[1493541936] SERVICE ALERT: FTTH-SABANA01;TRONCAL [AMERICAN_DATA02 - Po5[G1/23 - G1/24]];CRITICAL;SOFT;2;CRITICAL - IN bandwidth (120962256210.26%) too high
[1493541996] SERVICE ALERT: FTTH-SABANA01;TRONCAL [AMERICAN_DATA02 - Po5[G1/23 - G1/24]];OK;SOFT;3;OK - Average IN: 917.66Mb (45.88%)43782946.07 , Average OUT: 200.56Mb (10.03%)Total RX: 358669.89Gbits, Total TX: 168659.71Gbits
[1493542056] SERVICE ALERT: FTTH-SABANA01;TRONCAL [AMERICAN_DATA02 - Po5[G1/23 - G1/24]];CRITICAL;SOFT;1;CRITICAL - IN bandwidth (122978293813.67%) too high
[1493542115] SERVICE ALERT: FTTH-SABANA01;TRONCAL [AMERICAN_DATA02 - Po5[G1/23 - G1/24]];CRITICAL;SOFT;2;CRITICAL - OUT bandwidth (125062671663.80%) too high
[1493542176] SERVICE ALERT: FTTH-SABANA01;TRONCAL [AMERICAN_DATA02 - Po5[G1/23 - G1/24]];OK;SOFT;3;OK - Average IN: 328.53Mb (16.43%)43790562.92 , Average OUT: 131.16Mb (6.56%)Total RX: 358732.29Gbits, Total TX: 168649.50Gbits
[1493542205] SERVICE ALERT: OS-MONITOREO;Carga OS-MONITOREO;CRITICAL;HARD;4;CRITICAL - load average: 4.70, 3.61, 3.05
[1493542236] SERVICE ALERT: FTTH-SABANA01;TRONCAL [AMERICAN_DATA02 - Po5[G1/23 - G1/24]];CRITICAL;SOFT;1;CRITICAL - IN bandwidth (122978293816.91%) too high
[1493542296] SERVICE ALERT: FTTH-SABANA01;TRONCAL [AMERICAN_DATA02 - Po5[G1/23 - G1/24]];OK;SOFT;2;OK - Average IN: 886.76Mb (44.34%)43795911.59 , Average OUT: 126.32Mb (6.32%)Total RX: 358776.11Gbits, Total TX: 168699.07Gbits
[1493542355] SERVICE ALERT: FTTH-SABANA01;TRONCAL [AMERICAN_DATA02 - Po5[G1/23 - G1/24]];CRITICAL;SOFT;1;CRITICAL - IN bandwidth (125062671672.14%) too high
[1493542416] SERVICE ALERT: FTTH-SABANA01;TRONCAL [AMERICAN_DATA02 - Po5[G1/23 - G1/24]];OK;SOFT;2;OK - Average IN: 845.46Mb (42.27%)43800186.27 , Average OUT: 125.21Mb (6.26%)Total RX: 358811.13Gbits, Total TX: 168680.22Gbits
[1493542536] SERVICE ALERT: FTTH-SABANA01;TRONCAL [AMERICAN_DATA02 - Po5[G1/23 - G1/24]];CRITICAL;SOFT;1;CRITICAL - IN bandwidth (120962256213.57%) too high
[1493542595] SERVICE ALERT: FTTH-SABANA01;TRONCAL [AMERICAN_DATA02 - Po5[G1/23 - G1/24]];OK;SOFT;2;OK - Average IN: 1.01Gb (50.73%)43808926.07 , Average OUT: 127.18Mb (6.36%)Total RX: 358882.72Gbits, Total TX: 168702.84Gbits
[1493542716] SERVICE ALERT: FTTH-SABANA01;TRONCAL [AMERICAN_DATA02 - Po5[G1/23 - G1/24]];CRITICAL;SOFT;1;CRITICAL - IN bandwidth (122978293815.07%) too high
[1493542776] SERVICE ALERT: FTTH-SABANA01;TRONCAL [AMERICAN_DATA02 - Po5[G1/23 - G1/24]];OK;SOFT;2;OK - Average IN: 919.63Mb (45.98%)43817442.20 , Average OUT: 131.18Mb (6.56%)Total RX: 358952.49Gbits, Total TX: 168760.94Gbits
[1493542896] SERVICE ALERT: FTTH-SABANA01;TRONCAL [AMERICAN_DATA02 - Po5[G1/23 - G1/24]];CRITICAL;SOFT;1;CRITICAL - IN bandwidth (120962256211.58%) too high
[1493542955] SERVICE ALERT: FTTH-SABANA01;TRONCAL [AMERICAN_DATA02 - Po5[G1/23 - G1/24]];OK;SOFT;2;OK - Average IN: 959.28Mb (47.96%)43825802.66 , Average OUT: 705.59Mb (35.28%)Total RX: 359020.98Gbits, Total TX: 168783.85Gbits
[1493543030] Auto-save of retention data completed successfully.
[1493543075] SERVICE ALERT: FTTH-SABANA01;TRONCAL [AMERICAN_DATA02 - Po5[G1/23 - G1/24]];CRITICAL;SOFT;1;CRITICAL - IN bandwidth (125062671674.84%) too high
[1493543136] SERVICE ALERT: FTTH-SABANA01;TRONCAL [AMERICAN_DATA02 - Po5[G1/23 - G1/24]];OK;SOFT;2;OK - Average IN: 941.66Mb (47.08%)43833967.31 , Average OUT: 129.30Mb (6.46%)Total RX: 359087.86Gbits, Total TX: 168806.90Gbits
[1493543196] SERVICE ALERT: FTTH-SABANA01;TRONCAL [AMERICAN_DATA02 - Po5[G1/23 - G1/24]];CRITICAL;SOFT;1;CRITICAL - OUT bandwidth (122978293802.84%) too high
[1493543255] SERVICE ALERT: FTTH-SABANA01;TRONCAL [AMERICAN_DATA02 - Po5[G1/23 - G1/24]];OK;SOFT;2;OK - Average IN: 459.93Mb (23.00%)43840481.06 , Average OUT: 127.86Mb (6.39%)Total RX: 359141.22Gbits, Total TX: 168788.17Gbits
[1493543316] SERVICE ALERT: FTTH-SABANA01;TRONCAL [AMERICAN_DATA02 - Po5[G1/23 - G1/24]];CRITICAL;SOFT;1;CRITICAL - IN bandwidth (120962256210.31%) too high
[1493543375] SERVICE ALERT: FTTH-SABANA01;TRONCAL [AMERICAN_DATA02 - Po5[G1/23 - G1/24]];OK;SOFT;2;OK - Average IN: 1.01Gb (50.54%)43846161.28 , Average OUT: 137.92Mb (6.90%)Total RX: 359187.75Gbits, Total TX: 168838.37Gbits
[1493543390] SERVICE NOTIFICATION: moises.bonilla;FTTH-AMERICAN_DATA01;AMERICAN DATA [PRISMAN BUSSINESS - F0/7];WARNING;notify-service-by-email;ALERTA - TRAFICO MINIMO -  entrada: (170.75),  salida: (553.64)
[1493543436] SERVICE ALERT: FTTH-SABANA01;TRONCAL [AMERICAN_DATA02 - Po5[G1/23 - G1/24]];CRITICAL;SOFT;1;CRITICAL - OUT bandwidth (120962256199.95%) too high
[1493543495] SERVICE ALERT: FTTH-SABANA01;TRONCAL [AMERICAN_DATA02 - Po5[G1/23 - G1/24]];CRITICAL;SOFT;2;CRITICAL - IN bandwidth (125062671679.10%) too high
[1493543555] SERVICE ALERT: FTTH-SABANA01;TRONCAL [AMERICAN_DATA02 - Po5[G1/23 - G1/24]];OK;SOFT;3;OK - Average IN: 964.62Mb (48.23%)43855586.06 , Average OUT: 137.76Mb (6.89%)Total RX: 359264.96Gbits, Total TX: 168829.33Gbits
[1493543618] Caught SIGTERM, shutting down...
[1493543618] Successfully shutdown... (PID=27229)
[1493543618] Event broker module 'NERD' deinitialized successfully.
[1493543620] livestatus: Socket thread has terminated
[1493543620] Event broker module '/usr/local/lib/mk-livestatus/livestatus.o' deinitialized successfully.
[1493543620] Nagios 4.2.4 starting... (PID=19620)
[1493543620] Local time is Sun Apr 30 05:13:40 EDT 2017
[1493543620] LOG VERSION: 2.0
[1493543620] qh: Socket '/usr/local/nagios/var/rw/nagios.qh' successfully initialized
[1493543620] qh: core query handler registered
[1493543620] nerd: Channel hostchecks registered successfully
[1493543620] nerd: Channel servicechecks registered successfully
[1493543620] nerd: Channel opathchecks registered successfully
[1493543620] nerd: Fully initialized and ready to rock!
[1493543620] wproc: Successfully registered manager as @wproc with query handler
[1493543620] wproc: Registry request: name=Core Worker 19622;pid=19622
[1493543620] wproc: Registry request: name=Core Worker 19625;pid=19625
[1493543620] wproc: Registry request: name=Core Worker 19623;pid=19623
[1493543620] wproc: Registry request: name=Core Worker 19626;pid=19626
[1493543620] wproc: Registry request: name=Core Worker 19627;pid=19627
[1493543620] wproc: Registry request: name=Core Worker 19624;pid=19624
[1493543620] livestatus: Livestatus 1.2.8p4 by Mathias Kettner. Socket: '/usr/local/nagios/var/rw/live'
[1493543620] livestatus: Please visit us at http://mathias-kettner.de/
[1493543620] livestatus: Hint: please try out OMD - the Open Monitoring Distribution
[1493543620] livestatus: Please visit OMD at http://omdistro.org
[1493543620] livestatus: Finished initialization. Further log messages go to /usr/local/nagios/var/livestatus.log
[1493543620] Event broker module '/usr/local/lib/mk-livestatus/livestatus.o' initialized successfully.
[1493543620] Error: Could not find a service matching host name 'INASOL-CTP01' and description 'INASOL - CTP01' (config file '/usr/local/nagios/etc/objects/servicegroup-inasol.cfg', starting on line 15)
[1493543620] Error: Could not find a service matching host name 'FTTH-ZAPOTE01' and description 'WORLDCOM [PROMERICA - F0/11]' (config file '/usr/local/nagios/etc/objects/servicegroup-ftth.cfg', starting on line 31)
[1493543620] Error: Could not find a service matching host name 'FTTH-WORLDCOM01' and description 'WORLDCOM [PROMERICA - G1/0/5]' (config file '/usr/local/nagios/etc/objects/servicegroup-ftth.cfg', starting on line 24)
[1493543620] Error: Could not find a service matching host name 'FTTH-SANTA_ANA01' and description 'AMERICAN DATA [PRISMAN BUSSINES - F0/6]' (config file '/usr/local/nagios/etc/objects/servicegroup-ftth.cfg', starting on line 15)
[1493543620] Error: Could not find a service matching host name 'FTTH-AMERICAN_DATA01' and description 'AMERICAN DATA [PLAZA MAYOR - F0/8]' (config file '/usr/local/nagios/etc/objects/servicegroup-ftth.cfg', starting on line 8)
[1493543620] Warning: Service 'Carga OS-MONITOREO' on host 'OS-MONITOREO' has no default contacts or contactgroups defined!
[1493543620] Warning: Service 'Espacio en disco OS-MONITOREO' on host 'OS-MONITOREO' has no default contacts or contactgroups defined!
[1493543620] Warning: Service 'Espacio en swap OS-MONITOREO' on host 'OS-MONITOREO' has no default contacts or contactgroups defined!
[1493543620] Warning: Service 'PING OS-MONITOREO' on host 'OS-MONITOREO' has no default contacts or contactgroups defined!
[1493543620] Warning: Service 'Procesos OS-MONITOREO' on host 'OS-MONITOREO' has no default contacts or contactgroups defined!
[1493543620] Warning: Service 'SSH OS-MONITOREO' on host 'OS-MONITOREO' has no default contacts or contactgroups defined!
[1493543620] Warning: Service 'Usuarios conectados OS-MONITOREO' on host 'OS-MONITOREO' has no default contacts or contactgroups defined!
[1493543620] Warning: Service 'WEB Nagios OS-MONITOREO' on host 'OS-MONITOREO' has no default contacts or contactgroups defined!
[1493543620] Warning: Host 'INASOL-OFICINA' has no default contacts or contactgroups defined!
[1493543620] Warning: Host 'INASOL-STEVEN' has no default contacts or contactgroups defined!
[1493543620] Warning: Host 'OS-MONITOREO' has no default contacts or contactgroups defined!
[1493543620] Successfully launched command file worker with pid 19629
[1493543620] TIMEPERIOD TRANSITION: 24x7;-1;1
[1493543620] TIMEPERIOD TRANSITION: 8x5;-1;0
[1493543620] TIMEPERIOD TRANSITION: feriados-cr;-1;0
[1493543620] TIMEPERIOD TRANSITION: vacaciones;-1;0
[1493543676] SERVICE ALERT: FTTH-SABANA01;TRONCAL [AMERICAN_DATA02 - Po5[G1/23 - G1/24]];CRITICAL;SOFT;1;CRITICAL - IN bandwidth (122978293814.47%) too high
[1493543736] SERVICE ALERT: FTTH-SABANA01;TRONCAL [AMERICAN_DATA02 - Po5[G1/23 - G1/24]];OK;SOFT;2;OK - Average IN: 956.82Mb (47.84%)43864013.09 , Average OUT: 129.73Mb (6.49%)Total RX: 359334.00Gbits, Total TX: 168852.87Gbits
[1493543916] SERVICE ALERT: FTTH-SABANA01;TRONCAL [AMERICAN_DATA02 - Po5[G1/23 - G1/24]];CRITICAL;SOFT;1;CRITICAL - IN bandwidth (122978293814.68%) too high
[1493543976] SERVICE ALERT: FTTH-SABANA01;TRONCAL [AMERICAN_DATA02 - Po5[G1/23 - G1/24]];OK;SOFT;2;OK - Average IN: 928.39Mb (46.42%)43875209.57 , Average OUT: 144.60Mb (7.23%)Total RX: 359425.72Gbits, Total TX: 168920.77Gbits
[1493544036] SERVICE ALERT: FTTH-SABANA01;TRONCAL [AMERICAN_DATA02 - Po5[G1/23 - G1/24]];CRITICAL;SOFT;1;CRITICAL - IN bandwidth (122978293814.40%) too high
[1493544095] SERVICE ALERT: FTTH-SABANA01;TRONCAL [AMERICAN_DATA02 - Po5[G1/23 - G1/24]];OK;SOFT;2;OK - Average IN: 924.22Mb (46.21%)43880352.35 , Average OUT: 142.37Mb (7.12%)Total RX: 359467.85Gbits, Total TX: 168937.60Gbits
[1493544215] SERVICE ALERT: FTTH-SABANA01;TRONCAL [AMERICAN_DATA02 - Po5[G1/23 - G1/24]];CRITICAL;SOFT;1;CRITICAL - IN bandwidth (125062671679.24%) too high
[1493544276] SERVICE ALERT: FTTH-SABANA01;TRONCAL [AMERICAN_DATA02 - Po5[G1/23 - G1/24]];OK;SOFT;2;OK - Average IN: 429.36Mb (21.47%)43885368.87 , Average OUT: 693.67Mb (34.68%)Total RX: 359508.94Gbits, Total TX: 168962.00Gbits
[1493544456] SERVICE ALERT: FTTH-SABANA01;TRONCAL [AMERICAN_DATA02 - Po5[G1/23 - G1/24]];CRITICAL;SOFT;1;CRITICAL - IN bandwidth (122978293814.99%) too high
[1493544516] SERVICE ALERT: FTTH-SABANA01;TRONCAL [AMERICAN_DATA02 - Po5[G1/23 - G1/24]];OK;SOFT;2;OK - Average IN: 992.04Mb (49.60%)43901023.04 , Average OUT: 133.50Mb (6.67%)Total RX: 359637.18Gbits, Total TX: 168960.15Gbits
[1493544605] SERVICE ALERT: OS-MONITOREO;Carga OS-MONITOREO;WARNING;HARD;4;WARNING - load average: 1.16, 2.20, 2.94
[1493544636] SERVICE ALERT: FTTH-SABANA01;TRONCAL [AMERICAN_DATA02 - Po5[G1/23 - G1/24]];CRITICAL;SOFT;1;CRITICAL - IN bandwidth (122978293816.56%) too high
[1493544695] SERVICE ALERT: FTTH-SABANA01;TRONCAL [AMERICAN_DATA02 - Po5[G1/23 - G1/24]];CRITICAL;SOFT;2;CRITICAL - OUT bandwidth (125062671665.70%) too high
[1493544756] SERVICE ALERT: FTTH-SABANA01;TRONCAL [AMERICAN_DATA02 - Po5[G1/23 - G1/24]];OK;SOFT;3;OK - Average IN: 427.26Mb (21.36%)43913261.01 , Average OUT: 165.36Mb (8.27%)Total RX: 359737.43Gbits, Total TX: 168998.30Gbits
[1493544936] SERVICE ALERT: FTTH-SABANA01;TRONCAL [AMERICAN_DATA02 - Po5[G1/23 - G1/24]];CRITICAL;SOFT;1;CRITICAL - IN bandwidth (120962256217.25%) too high
[1493544996] SERVICE ALERT: FTTH-SABANA01;TRONCAL [AMERICAN_DATA02 - Po5[G1/23 - G1/24]];OK;SOFT;2;OK - Average IN: 479.14Mb (23.96%)43923210.10 , Average OUT: 152.96Mb (7.65%)Total RX: 359818.94Gbits, Total TX: 169067.60Gbits
[1493545024] SERVICE ALERT: OS-MONITOREO;Carga OS-MONITOREO;OK;HARD;4;OK - load average: 0.97, 1.71, 2.47
[1493545116] SERVICE ALERT: FTTH-SABANA01;TRONCAL [AMERICAN_DATA02 - Po5[G1/23 - G1/24]];CRITICAL;SOFT;1;CRITICAL - OUT bandwidth (120962256200.25%) too high
[1493545176] SERVICE ALERT: FTTH-SABANA01;TRONCAL [AMERICAN_DATA02 - Po5[G1/23 - G1/24]];OK;SOFT;2;OK - Average IN: 490.39Mb (24.52%)43937947.21 , Average OUT: 723.63Mb (36.18%)Total RX: 359939.66Gbits, Total TX: 169094.90Gbits
[1493545235] SERVICE ALERT: FTTH-SABANA01;TRONCAL [AMERICAN_DATA02 - Po5[G1/23 - G1/24]];CRITICAL;SOFT;1;CRITICAL - IN bandwidth (125062671678.68%) too high
[1493545295] SERVICE ALERT: FTTH-SABANA01;TRONCAL [AMERICAN_DATA02 - Po5[G1/23 - G1/24]];OK;SOFT;2;OK - Average IN: 475.41Mb (23.77%)43940350.62 , Average OUT: 148.92Mb (7.45%)Total RX: 359959.35Gbits, Total TX: 169112.36Gbits
[1493545355] SERVICE ALERT: FTTH-SABANA01;TRONCAL [AMERICAN_DATA02 - Po5[G1/23 - G1/24]];CRITICAL;SOFT;1;CRITICAL - OUT bandwidth (122978293802.45%) too high
[1493545414] SERVICE ALERT: FTTH-SABANA01;TRONCAL [AMERICAN_DATA02 - Po5[G1/23 - G1/24]];OK;SOFT;2;OK - Average IN: 472.19Mb (23.61%)43951215.37 , Average OUT: 117.20Mb (5.86%)Total RX: 360048.36Gbits, Total TX: 169092.54Gbits
[1493545655] SERVICE ALERT: FTTH-SABANA01;TRONCAL [AMERICAN_DATA02 - Po5[G1/23 - G1/24]];CRITICAL;SOFT;1;CRITICAL - OUT bandwidth (120962256198.85%) too high
[1493545714] SERVICE ALERT: FTTH-SABANA01;TRONCAL [AMERICAN_DATA02 - Po5[G1/23 - G1/24]];OK;SOFT;2;OK - Average IN: 490.47Mb (24.52%)43970627.03 , Average OUT: 119.78Mb (5.99%)Total RX: 360207.38Gbits, Total TX: 169128.97Gbits
[1493545775] SERVICE ALERT: FTTH-SABANA01;TRONCAL [AMERICAN_DATA02 - Po5[G1/23 - G1/24]];CRITICAL;SOFT;1;CRITICAL - IN bandwidth (120962256217.20%) too high
[1493545835] SERVICE ALERT: FTTH-SABANA01;TRONCAL [AMERICAN_DATA02 - Po5[G1/23 - G1/24]];OK;SOFT;2;OK - Average IN: 503.52Mb (25.18%)43973742.33 , Average OUT: 705.81Mb (35.29%)Total RX: 360232.90Gbits, Total TX: 169178.66Gbits
[1493545955] SERVICE ALERT: FTTH-SABANA01;TRONCAL [AMERICAN_DATA02 - Po5[G1/23 - G1/24]];CRITICAL;SOFT;1;CRITICAL - OUT bandwidth (120962256198.53%) too high
[1493546014] SERVICE ALERT: FTTH-SABANA01;TRONCAL [AMERICAN_DATA02 - Po5[G1/23 - G1/24]];OK;SOFT;2;OK - Average IN: 1.08Gb (54.03%)43989376.79 , Average OUT: 693.92Mb (34.70%)Total RX: 360360.97Gbits, Total TX: 169199.44Gbits
[1493546254] SERVICE ALERT: FTTH-SABANA01;TRONCAL [AMERICAN_DATA02 - Po5[G1/23 - G1/24]];CRITICAL;SOFT;1;CRITICAL - OUT bandwidth (125062671662.25%) too high
[1493546315] SERVICE ALERT: FTTH-SABANA01;TRONCAL [AMERICAN_DATA02 - Po5[G1/23 - G1/24]];CRITICAL;SOFT;2;CRITICAL - IN bandwidth (120962256216.65%) too high
[1493546375] SERVICE ALERT: FTTH-SABANA01;TRONCAL [AMERICAN_DATA02 - Po5[G1/23 - G1/24]];OK;SOFT;3;OK - Average IN: 471.83Mb (23.59%)44006949.01 , Average OUT: 105.08Mb (5.25%)Total RX: 360504.93Gbits, Total TX: 169203.51Gbits
[1493546555] SERVICE ALERT: FTTH-SABANA01;TRONCAL [AMERICAN_DATA02 - Po5[G1/23 - G1/24]];CRITICAL;SOFT;1;CRITICAL - OUT bandwidth (122978293801.69%) too high
[1493546614] SERVICE ALERT: FTTH-SABANA01;TRONCAL [AMERICAN_DATA02 - Po5[G1/23 - G1/24]];CRITICAL;SOFT;2;CRITICAL - IN bandwidth (125062671679.91%) too high
[1493546675] SERVICE ALERT: FTTH-SABANA01;TRONCAL [AMERICAN_DATA02 - Po5[G1/23 - G1/24]];OK;SOFT;3;OK - Average IN: 451.29Mb (22.56%)44023847.88 , Average OUT: 107.92Mb (5.40%)Total RX: 360643.36Gbits, Total TX: 169236.81Gbits
[1493546855] SERVICE ALERT: FTTH-SABANA01;TRONCAL [AMERICAN_DATA02 - Po5[G1/23 - G1/24]];CRITICAL;SOFT;1;CRITICAL - OUT bandwidth (120962256198.84%) too high
[1493546915] SERVICE ALERT: FTTH-SABANA01;TRONCAL [AMERICAN_DATA02 - Po5[G1/23 - G1/24]];CRITICAL;SOFT;2;CRITICAL - IN bandwidth (122978293818.83%) too high
[1493546974] SERVICE ALERT: FTTH-SABANA01;TRONCAL [AMERICAN_DATA02 - Po5[G1/23 - G1/24]];OK;SOFT;3;OK - Average IN: 532.90Mb (26.64%)44041050.90 , Average OUT: 128.30Mb (6.42%)Total RX: 360784.29Gbits, Total TX: 169311.54Gbits
[1493547095] SERVICE ALERT: FTTH-SABANA01;TRONCAL [AMERICAN_DATA02 - Po5[G1/23 - G1/24]];CRITICAL;SOFT;1;CRITICAL - OUT bandwidth (122978293802.27%) too high
[1493547154] SERVICE ALERT: FTTH-SABANA01;TRONCAL [AMERICAN_DATA02 - Po5[G1/23 - G1/24]];OK;SOFT;2;OK - Average IN: 457.92Mb (22.90%)44055331.83 , Average OUT: 133.34Mb (6.67%)Total RX: 360901.28Gbits, Total TX: 169301.16Gbits
[1493547220] Auto-save of retention data completed successfully.
[1493547275] SERVICE ALERT: FTTH-SABANA01;TRONCAL [AMERICAN_DATA02 - Po5[G1/23 - G1/24]];CRITICAL;SOFT;1;CRITICAL - IN bandwidth (122978293815.86%) too high
[1493547335] SERVICE ALERT: FTTH-SABANA01;TRONCAL [AMERICAN_DATA02 - Po5[G1/23 - G1/24]];OK;SOFT;2;OK - Average IN: 1.03Gb (51.61%)44064970.17 , Average OUT: 680.26Mb (34.01%)Total RX: 360980.24Gbits, Total TX: 169354.46Gbits
[1493547394] SERVICE ALERT: FTTH-SABANA01;TRONCAL [AMERICAN_DATA02 - Po5[G1/23 - G1/24]];CRITICAL;SOFT;1;CRITICAL - OUT bandwidth (125062671662.80%) too high
[1493547454] SERVICE ALERT: FTTH-SABANA01;TRONCAL [AMERICAN_DATA02 - Po5[G1/23 - G1/24]];OK;SOFT;2;OK - Average IN: 451.83Mb (22.59%)44071670.40 , Average OUT: 706.11Mb (35.31%)Total RX: 361035.12Gbits, Total TX: 169369.25Gbits
[1493547574] SERVICE ALERT: FTTH-SABANA01;TRONCAL [AMERICAN_DATA02 - Po5[G1/23 - G1/24]];CRITICAL;SOFT;1;CRITICAL - IN bandwidth (120962256217.48%) too high
[1493547633] SERVICE ALERT: FTTH-SABANA01;TRONCAL [AMERICAN_DATA02 - Po5[G1/23 - G1/24]];OK;SOFT;2;OK - Average IN: 481.88Mb (24.09%)44078375.95 , Average OUT: 138.33Mb (6.92%)Total RX: 361090.06Gbits, Total TX: 169392.21Gbits
[1493547694] SERVICE ALERT: FTTH-SABANA01;TRONCAL [AMERICAN_DATA02 - Po5[G1/23 - G1/24]];CRITICAL;SOFT;1;CRITICAL - OUT bandwidth (120962256200.77%) too high
[1493547754] SERVICE ALERT: FTTH-SABANA01;TRONCAL [AMERICAN_DATA02 - Po5[G1/23 - G1/24]];OK;SOFT;2;OK - Average IN: 423.75Mb (21.19%)44089399.67 , Average OUT: 707.70Mb (35.38%)Total RX: 361180.36Gbits, Total TX: 169409.93Gbits
[1493547814] SERVICE ALERT: FTTH-SABANA01;TRONCAL [AMERICAN_DATA02 - Po5[G1/23 - G1/24]];CRITICAL;SOFT;1;CRITICAL - IN bandwidth (122978293813.56%) too high
[1493547873] SERVICE ALERT: FTTH-SABANA01;TRONCAL [AMERICAN_DATA02 - Po5[G1/23 - G1/24]];OK;SOFT;2;OK - Average IN: 931.10Mb (46.56%)44094469.15 , Average OUT: 133.53Mb (6.68%)Total RX: 361221.89Gbits, Total TX: 169425.77Gbits
[1493547934] SERVICE ALERT: FTTH-SABANA01;TRONCAL [AMERICAN_DATA02 - Po5[G1/23 - G1/24]];CRITICAL;SOFT;1;CRITICAL - OUT bandwidth (120962256199.73%) too high
[1493547994] SERVICE ALERT: FTTH-SABANA01;TRONCAL [AMERICAN_DATA02 - Po5[G1/23 - G1/24]];CRITICAL;SOFT;2;CRITICAL - IN bandwidth (122978293811.71%) too high
[1493548053] SERVICE ALERT: FTTH-SABANA01;TRONCAL [AMERICAN_DATA02 - Po5[G1/23 - G1/24]];OK;SOFT;3;OK - Average IN: 969.10Mb (48.45%)44102504.82 , Average OUT: 118.62Mb (5.93%)Total RX: 361287.72Gbits, Total TX: 169414.48Gbits
[1493548174] SERVICE ALERT: FTTH-SABANA01;TRONCAL [AMERICAN_DATA02 - Po5[G1/23 - G1/24]];CRITICAL;SOFT;1;CRITICAL - IN bandwidth (122978293816.99%) too high
[1493548233] SERVICE ALERT: FTTH-SABANA01;TRONCAL [AMERICAN_DATA02 - Po5[G1/23 - G1/24]];OK;SOFT;2;OK - Average IN: 981.11Mb (49.06%)44111196.56 , Average OUT: 722.10Mb (36.11%)Total RX: 361358.92Gbits, Total TX: 169472.21Gbits
[1493548413] SERVICE ALERT: FTTH-SABANA01;TRONCAL [AMERICAN_DATA02 - Po5[G1/23 - G1/24]];CRITICAL;SOFT;1;CRITICAL - IN bandwidth (125062671680.12%) too high
[1493548472] SERVICE ALERT: FTTH-SABANA01;TRONCAL [AMERICAN_DATA02 - Po5[G1/23 - G1/24]];OK;SOFT;2;OK - Average IN: 1.04Gb (51.76%)44124027.17 , Average OUT: 171.14Mb (8.56%)Total RX: 361464.03Gbits, Total TX: 169475.07Gbits
[1493548652] SERVICE ALERT: FTTH-SABANA01;TRONCAL [AMERICAN_DATA02 - Po5[G1/23 - G1/24]];CRITICAL;SOFT;1;CRITICAL - OUT bandwidth (122978293803.84%) too high
[1493548711] SERVICE ALERT: FTTH-SABANA01;TRONCAL [AMERICAN_DATA02 - Po5[G1/23 - G1/24]];CRITICAL;SOFT;2;CRITICAL - IN bandwidth (125062671681.27%) too high
[1493548772] SERVICE ALERT: FTTH-SABANA01;TRONCAL [AMERICAN_DATA02 - Po5[G1/23 - G1/24]];OK;SOFT;3;OK - Average IN: 420.93Mb (21.05%)44136946.47 , Average OUT: 126.81Mb (6.34%)Total RX: 361569.87Gbits, Total TX: 169519.97Gbits
[1493548951] SERVICE ALERT: FTTH-SABANA01;TRONCAL [AMERICAN_DATA02 - Po5[G1/23 - G1/24]];CRITICAL;SOFT;1;CRITICAL - IN bandwidth (125062671677.66%) too high
[1493549012] SERVICE ALERT: FTTH-SABANA01;TRONCAL [AMERICAN_DATA02 - Po5[G1/23 - G1/24]];OK;SOFT;2;OK - Average IN: 910.61Mb (45.53%)44152282.46 , Average OUT: 124.95Mb (6.25%)Total RX: 361695.50Gbits, Total TX: 169588.10Gbits
[1493549072] SERVICE ALERT: FTTH-SABANA01;TRONCAL [AMERICAN_DATA02 - Po5[G1/23 - G1/24]];CRITICAL;SOFT;1;CRITICAL - IN bandwidth (122978293814.35%) too high
[1493549131] SERVICE ALERT: FTTH-SABANA01;TRONCAL [AMERICAN_DATA02 - Po5[G1/23 - G1/24]];CRITICAL;SOFT;2;CRITICAL - OUT bandwidth (125062671663.65%) too high
[1493549192] SERVICE ALERT: FTTH-SABANA01;TRONCAL [AMERICAN_DATA02 - Po5[G1/23 - G1/24]];OK;SOFT;3;OK - Average IN: 924.37Mb (46.22%)44160418.39 , Average OUT: 136.61Mb (6.83%)Total RX: 361762.15Gbits, Total TX: 169578.02Gbits
[1493549252] SERVICE ALERT: FTTH-SABANA01;TRONCAL [AMERICAN_DATA02 - Po5[G1/23 - G1/24]];CRITICAL;SOFT;1;CRITICAL - IN bandwidth (122978293814.48%) too high
[1493549311] SERVICE ALERT: FTTH-SABANA01;TRONCAL [AMERICAN_DATA02 - Po5[G1/23 - G1/24]];OK;SOFT;2;OK - Average IN: 939.17Mb (46.96%)44165680.55 , Average OUT: 716.59Mb (35.83%)Total RX: 361805.26Gbits, Total TX: 169627.85Gbits
[1493549370] SERVICE ALERT: FTTH-SABANA01;TRONCAL [AMERICAN_DATA02 - Po5[G1/23 - G1/24]];CRITICAL;SOFT;1;CRITICAL - OUT bandwidth (125062671663.90%) too high
[1493549430] SERVICE ALERT: FTTH-SABANA01;TRONCAL [AMERICAN_DATA02 - Po5[G1/23 - G1/24]];CRITICAL;SOFT;2;CRITICAL - IN bandwidth (122978293815.01%) too high
[1493549491] SERVICE ALERT: FTTH-SABANA01;TRONCAL [AMERICAN_DATA02 - Po5[G1/23 - G1/24]];OK;SOFT;3;OK - Average IN: 922.62Mb (46.13%)44173797.94 , Average OUT: 683.49Mb (34.17%)Total RX: 361871.75Gbits, Total TX: 169650.51Gbits
[1493549610] SERVICE ALERT: FTTH-SABANA01;TRONCAL [AMERICAN_DATA02 - Po5[G1/23 - G1/24]];CRITICAL;SOFT;1;CRITICAL - IN bandwidth (122978293816.00%) too high
[1493549671] SERVICE ALERT: FTTH-SABANA01;TRONCAL [AMERICAN_DATA02 - Po5[G1/23 - G1/24]];CRITICAL;SOFT;2;CRITICAL - OUT bandwidth (120962256200.02%) too high
[1493549730] SERVICE ALERT: FTTH-SABANA01;TRONCAL [AMERICAN_DATA02 - Po5[G1/23 - G1/24]];OK;SOFT;3;OK - Average IN: 438.58Mb (21.93%)44185779.37 , Average OUT: 740.45Mb (37.02%)Total RX: 361969.90Gbits, Total TX: 169682.88Gbits
[1493549850] SERVICE ALERT: FTTH-SABANA01;TRONCAL [AMERICAN_DATA02 - Po5[G1/23 - G1/24]];CRITICAL;SOFT;1;CRITICAL - IN bandwidth (125062671677.29%) too high
[1493549910] SERVICE ALERT: FTTH-SABANA01;TRONCAL [AMERICAN_DATA02 - Po5[G1/23 - G1/24]];CRITICAL;SOFT;2;CRITICAL - OUT bandwidth (122978293802.59%) too high
[1493549971] SERVICE ALERT: FTTH-SABANA01;TRONCAL [AMERICAN_DATA02 - Po5[G1/23 - G1/24]];OK;SOFT;3;OK - Average IN: 408.41Mb (20.42%)44198289.15 , Average OUT: 137.02Mb (6.85%)Total RX: 362072.38Gbits, Total TX: 169683.62Gbits
[1493550091] SERVICE ALERT: FTTH-SABANA01;TRONCAL [AMERICAN_DATA02 - Po5[G1/23 - G1/24]];CRITICAL;SOFT;1;CRITICAL - IN bandwidth (120962256212.22%) too high
[1493550150] SERVICE ALERT: FTTH-SABANA01;TRONCAL [AMERICAN_DATA02 - Po5[G1/23 - G1/24]];OK;SOFT;2;OK - Average IN: 1.03Gb (51.29%)44207313.85 , Average OUT: 719.81Mb (35.99%)Total RX: 362146.32Gbits, Total TX: 169741.97Gbits
[1493550330] SERVICE ALERT: FTTH-SABANA01;TRONCAL [AMERICAN_DATA02 - Po5[G1/23 - G1/24]];CRITICAL;SOFT;1;CRITICAL - IN bandwidth (125062671678.08%) too high
[1493550390] SERVICE ALERT: FTTH-SABANA01;TRONCAL [AMERICAN_DATA02 - Po5[G1/23 - G1/24]];CRITICAL;SOFT;2;CRITICAL - OUT bandwidth (122978293802.07%) too high
[1493550451] SERVICE ALERT: FTTH-SABANA01;TRONCAL [AMERICAN_DATA02 - Po5[G1/23 - G1/24]];OK;SOFT;3;OK - Average IN: 362.18Mb (18.11%)44222324.89 , Average OUT: 125.19Mb (6.26%)Total RX: 362269.29Gbits, Total TX: 169746.19Gbits
[1493550511] SERVICE ALERT: FTTH-SABANA01;TRONCAL [AMERICAN_DATA02 - Po5[G1/23 - G1/24]];CRITICAL;SOFT;1;CRITICAL - IN bandwidth (122978293816.38%) too high
[1493550571] SERVICE ALERT: FTTH-SABANA01;TRONCAL [AMERICAN_DATA02 - Po5[G1/23 - G1/24]];OK;SOFT;2;OK - Average IN: 992.62Mb (49.63%)44228371.83 , Average OUT: 680.29Mb (34.01%)Total RX: 362318.82Gbits, Total TX: 169793.79Gbits
[1493550691] SERVICE ALERT: FTTH-SABANA01;TRONCAL [AMERICAN_DATA02 - Po5[G1/23 - G1/24]];CRITICAL;SOFT;1;CRITICAL - IN bandwidth (120962256211.20%) too high
[1493550750] SERVICE ALERT: FTTH-SABANA01;TRONCAL [AMERICAN_DATA02 - Po5[G1/23 - G1/24]];OK;SOFT;2;OK - Average IN: 961.09Mb (48.05%)44236619.72 , Average OUT: 101.94Mb (5.10%)Total RX: 362386.39Gbits, Total TX: 169778.65Gbits
[1493550820] Auto-save of retention data completed successfully.
[1493550991] SERVICE ALERT: FTTH-SABANA01;TRONCAL [AMERICAN_DATA02 - Po5[G1/23 - G1/24]];CRITICAL;SOFT;1;CRITICAL - IN bandwidth (120962256210.97%) too high
[1493551051] SERVICE ALERT: FTTH-SABANA01;TRONCAL [AMERICAN_DATA02 - Po5[G1/23 - G1/24]];OK;SOFT;2;OK - Average IN: 972.40Mb (48.62%)44249587.56 , Average OUT: 693.29Mb (34.66%)Total RX: 362492.62Gbits, Total TX: 169849.24Gbits
[1493551171] SERVICE ALERT: FTTH-SABANA01;TRONCAL [AMERICAN_DATA02 - Po5[G1/23 - G1/24]];CRITICAL;SOFT;1;CRITICAL - IN bandwidth (120962256211.62%) too high
[1493551231] SERVICE ALERT: FTTH-SABANA01;TRONCAL [AMERICAN_DATA02 - Po5[G1/23 - G1/24]];OK;SOFT;2;OK - Average IN: 957.87Mb (47.89%)44257946.00 , Average OUT: 120.37Mb (6.02%)Total RX: 362561.09Gbits, Total TX: 169870.93Gbits
[1493551290] SERVICE ALERT: FTTH-SABANA01;TRONCAL [AMERICAN_DATA02 - Po5[G1/23 - G1/24]];CRITICAL;SOFT;1;CRITICAL - OUT bandwidth (125062671663.21%) too high
[1493551351] SERVICE ALERT: FTTH-SABANA01;TRONCAL [AMERICAN_DATA02 - Po5[G1/23 - G1/24]];CRITICAL;SOFT;2;CRITICAL - IN bandwidth (120962256212.18%) too high
[1493551410] SERVICE ALERT: FTTH-SABANA01;TRONCAL [AMERICAN_DATA02 - Po5[G1/23 - G1/24]];OK;SOFT;3;OK - Average IN: 982.81Mb (49.14%)44266572.24 , Average OUT: 114.90Mb (5.74%)Total RX: 362631.76Gbits, Total TX: 169858.19Gbits
[1493551531] SERVICE ALERT: FTTH-SABANA01;TRONCAL [AMERICAN_DATA02 - Po5[G1/23 - G1/24]];CRITICAL;SOFT;1;CRITICAL - IN bandwidth (122978293813.72%) too high
[1493551590] SERVICE ALERT: FTTH-SABANA01;TRONCAL [AMERICAN_DATA02 - Po5[G1/23 - G1/24]];OK;SOFT;2;OK - Average IN: 949.36Mb (47.47%)44274704.74 , Average OUT: 104.81Mb (5.24%)Total RX: 362698.38Gbits, Total TX: 169877.21Gbits
[1493551710] SERVICE ALERT: FTTH-SABANA01;TRONCAL [AMERICAN_DATA02 - Po5[G1/23 - G1/24]];CRITICAL;SOFT;1;CRITICAL - IN bandwidth (125062671676.40%) too high
[1493551771] SERVICE ALERT: FTTH-SABANA01;TRONCAL [AMERICAN_DATA02 - Po5[G1/23 - G1/24]];OK;SOFT;2;OK - Average IN: 949.48Mb (47.47%)44283195.84 , Average OUT: 98.81Mb (4.94%)Total RX: 362767.94Gbits, Total TX: 169929.44Gbits
[1493551890] SERVICE ALERT: FTTH-SABANA01;TRONCAL [AMERICAN_DATA02 - Po5[G1/23 - G1/24]];CRITICAL;SOFT;1;CRITICAL - IN bandwidth (125062671677.17%) too high
[1493551951] SERVICE ALERT: FTTH-SABANA01;TRONCAL [AMERICAN_DATA02 - Po5[G1/23 - G1/24]];CRITICAL;SOFT;2;CRITICAL - OUT bandwidth (120962256198.35%) too high
[1493552010] SERVICE ALERT: FTTH-SABANA01;TRONCAL [AMERICAN_DATA02 - Po5[G1/23 - G1/24]];OK;SOFT;3;OK - Average IN: 409.80Mb (20.49%)44294752.19 , Average OUT: 111.58Mb (5.58%)Total RX: 362862.61Gbits, Total TX: 169921.19Gbits
[1493552131] SERVICE ALERT: FTTH-SABANA01;TRONCAL [AMERICAN_DATA02 - Po5[G1/23 - G1/24]];CRITICAL;SOFT;1;CRITICAL - IN bandwidth (122978293816.94%) too high
[1493552190] SERVICE ALERT: FTTH-SABANA01;TRONCAL [AMERICAN_DATA02 - Po5[G1/23 - G1/24]];OK;SOFT;2;OK - Average IN: 1.01Gb (50.41%)44303841.07 , Average OUT: 103.82Mb (5.19%)Total RX: 362937.07Gbits, Total TX: 169975.41Gbits
[1493552251] SERVICE ALERT: FTTH-SABANA01;TRONCAL [AMERICAN_DATA02 - Po5[G1/23 - G1/24]];CRITICAL;SOFT;1;CRITICAL - OUT bandwidth (120962256198.13%) too high
[1493552310] SERVICE ALERT: FTTH-SABANA01;TRONCAL [AMERICAN_DATA02 - Po5[G1/23 - G1/24]];OK;SOFT;2;OK - Average IN: 474.72Mb (23.74%)44310542.10 , Average OUT: 114.06Mb (5.70%)Total RX: 362991.96Gbits, Total TX: 169954.19Gbits
[1493552371] SERVICE ALERT: FTTH-SABANA01;TRONCAL [AMERICAN_DATA02 - Po5[G1/23 - G1/24]];CRITICAL;SOFT;1;CRITICAL - IN bandwidth (120962256216.97%) too high
[1493552430] SERVICE ALERT: FTTH-SABANA01;TRONCAL [AMERICAN_DATA02 - Po5[G1/23 - G1/24]];OK;SOFT;2;OK - Average IN: 472.97Mb (23.65%)44313342.02 , Average OUT: 123.90Mb (6.20%)Total RX: 363014.90Gbits, Total TX: 170002.49Gbits
[1493552551] SERVICE ALERT: FTTH-SABANA01;TRONCAL [AMERICAN_DATA02 - Po5[G1/23 - G1/24]];CRITICAL;SOFT;1;CRITICAL - OUT bandwidth (122978293801.70%) too high
[1493552610] SERVICE ALERT: FTTH-SABANA01;TRONCAL [AMERICAN_DATA02 - Po5[G1/23 - G1/24]];CRITICAL;SOFT;2;CRITICAL - IN bandwidth (125062671677.35%) too high
[1493552671] SERVICE ALERT: FTTH-SABANA01;TRONCAL [AMERICAN_DATA02 - Po5[G1/23 - G1/24]];OK;SOFT;3;OK - Average IN: 950.86Mb (47.54%)44329224.92 , Average OUT: 677.74Mb (33.89%)Total RX: 363145.01Gbits, Total TX: 170030.15Gbits
[1493552790] SERVICE ALERT: FTTH-SABANA01;TRONCAL [AMERICAN_DATA02 - Po5[G1/23 - G1/24]];CRITICAL;SOFT;1;CRITICAL - IN bandwidth (122978293815.46%) too high
[1493552851] SERVICE ALERT: FTTH-SABANA01;TRONCAL [AMERICAN_DATA02 - Po5[G1/23 - G1/24]];CRITICAL;SOFT;2;CRITICAL - OUT bandwidth (120962256197.95%) too high
[1493552911] SERVICE ALERT: FTTH-SABANA01;TRONCAL [AMERICAN_DATA02 - Po5[G1/23 - G1/24]];OK;SOFT;3;OK - Average IN: 409.86Mb (20.49%)44340732.28 , Average OUT: 113.65Mb (5.68%)Total RX: 363239.28Gbits, Total TX: 170022.00Gbits
[1493552970] SERVICE ALERT: FTTH-SABANA01;TRONCAL [AMERICAN_DATA02 - Po5[G1/23 - G1/24]];CRITICAL;SOFT;1;CRITICAL - IN bandwidth (125062671676.01%) too high
[1493553031] SERVICE ALERT: FTTH-SABANA01;TRONCAL [AMERICAN_DATA02 - Po5[G1/23 - G1/24]];OK;SOFT;2;OK - Average IN: 396.86Mb (19.84%)44342223.96 , Average OUT: 118.51Mb (5.93%)Total RX: 363251.50Gbits, Total TX: 170035.52Gbits
[1493553151] SERVICE ALERT: FTTH-SABANA01;TRONCAL [AMERICAN_DATA02 - Po5[G1/23 - G1/24]];CRITICAL;SOFT;1;CRITICAL - IN bandwidth (120962256209.99%) too high
[1493553210] SERVICE ALERT: FTTH-SABANA01;TRONCAL [AMERICAN_DATA02 - Po5[G1/23 - G1/24]];OK;SOFT;2;OK - Average IN: 924.02Mb (46.20%)44353866.22 , Average OUT: 101.36Mb (5.07%)Total RX: 363346.87Gbits, Total TX: 170090.52Gbits
[1493553271] SERVICE ALERT: FTTH-SABANA01;TRONCAL [AMERICAN_DATA02 - Po5[G1/23 - G1/24]];CRITICAL;SOFT;1;CRITICAL - IN bandwidth (120962256208.54%) too high
[1493553331] SERVICE ALERT: FTTH-SABANA01;TRONCAL [AMERICAN_DATA02 - Po5[G1/23 - G1/24]];OK;SOFT;2;OK - Average IN: 879.17Mb (43.96%)44358443.22 , Average OUT: 96.39Mb (4.82%)Total RX: 363384.37Gbits, Total TX: 170102.94Gbits
[1493553451] SERVICE ALERT: FTTH-SABANA01;TRONCAL [AMERICAN_DATA02 - Po5[G1/23 - G1/24]];CRITICAL;SOFT;1;CRITICAL - OUT bandwidth (120962256197.79%) too high
[1493553511] SERVICE ALERT: FTTH-SABANA01;TRONCAL [AMERICAN_DATA02 - Po5[G1/23 - G1/24]];OK;SOFT;2;OK - Average IN: 299.43Mb (14.97%)44365236.64 , Average OUT: 103.44Mb (5.17%)Total RX: 363440.02Gbits, Total TX: 170087.15Gbits
[1493553570] SERVICE ALERT: FTTH-SABANA01;TRONCAL [AMERICAN_DATA02 - Po5[G1/23 - G1/24]];CRITICAL;SOFT;1;CRITICAL - IN bandwidth (125062671675.08%) too high
[1493553631] SERVICE ALERT: FTTH-SABANA01;TRONCAL [AMERICAN_DATA02 - Po5[G1/23 - G1/24]];OK;SOFT;2;OK - Average IN: 890.70Mb (44.53%)44370271.58 , Average OUT: 100.96Mb (5.05%)Total RX: 363481.26Gbits, Total TX: 170099.77Gbits
[1493553690] SERVICE ALERT: FTTH-SABANA01;TRONCAL [AMERICAN_DATA02 - Po5[G1/23 - G1/24]];CRITICAL;SOFT;1;CRITICAL - IN bandwidth (125062671672.99%) too high
[1493553750] SERVICE ALERT: FTTH-SABANA01;TRONCAL [AMERICAN_DATA02 - Po5[G1/23 - G1/24]];OK;SOFT;2;OK - Average IN: 908.56Mb (45.43%)44375028.32 , Average OUT: 98.23Mb (4.91%)Total RX: 363520.23Gbits, Total TX: 170145.37Gbits
[1493553811] SERVICE ALERT: FTTH-SABANA01;TRONCAL [AMERICAN_DATA02 - Po5[G1/23 - G1/24]];CRITICAL;SOFT;1;CRITICAL - IN bandwidth (120962256207.90%) too high
[1493553871] SERVICE ALERT: FTTH-SABANA01;TRONCAL [AMERICAN_DATA02 - Po5[G1/23 - G1/24]];OK;SOFT;2;OK - Average IN: 865.43Mb (43.27%)44379408.92 , Average OUT: 83.21Mb (4.16%)Total RX: 363556.12Gbits, Total TX: 170121.66Gbits
[1493554230] SERVICE ALERT: FTTH-SABANA01;TRONCAL [AMERICAN_DATA02 - Po5[G1/23 - G1/24]];CRITICAL;SOFT;1;CRITICAL - OUT bandwidth (125062671661.46%) too high
[1493554291] SERVICE ALERT: FTTH-SABANA01;TRONCAL [AMERICAN_DATA02 - Po5[G1/23 - G1/24]];OK;SOFT;2;OK - Average IN: 297.77Mb (14.89%)44394687.60 , Average OUT: 78.26Mb (3.91%)Total RX: 363681.28Gbits, Total TX: 170156.69Gbits
[1493554350] SERVICE ALERT: FTTH-SABANA01;TRONCAL [AMERICAN_DATA02 - Po5[G1/23 - G1/24]];CRITICAL;SOFT;1;CRITICAL - IN bandwidth (125062671673.04%) too high
[1493554411] SERVICE ALERT: FTTH-SABANA01;TRONCAL [AMERICAN_DATA02 - Po5[G1/23 - G1/24]];OK;SOFT;2;OK - Average IN: 875.29Mb (43.76%)44399314.61 , Average OUT: 658.29Mb (32.91%)Total RX: 363719.19Gbits, Total TX: 170201.85Gbits
[1493554420] Auto-save of retention data completed successfully.
[1493554471] SERVICE ALERT: FTTH-SABANA01;TRONCAL [AMERICAN_DATA02 - Po5[G1/23 - G1/24]];CRITICAL;SOFT;1;CRITICAL - IN bandwidth (122978293811.73%) too high
[1493554531] SERVICE ALERT: FTTH-SABANA01;TRONCAL [AMERICAN_DATA02 - Po5[G1/23 - G1/24]];OK;SOFT;2;OK - Average IN: 909.95Mb (45.50%)44404074.57 , Average OUT: 93.62Mb (4.68%)Total RX: 363758.18Gbits, Total TX: 170213.10Gbits
[1493554590] SERVICE ALERT: FTTH-SABANA01;TRONCAL [AMERICAN_DATA02 - Po5[G1/23 - G1/24]];CRITICAL;SOFT;1;CRITICAL - IN bandwidth (125062671673.90%) too high
[1493554651] SERVICE ALERT: FTTH-SABANA01;TRONCAL [AMERICAN_DATA02 - Po5[G1/23 - G1/24]];CRITICAL;SOFT;2;CRITICAL - OUT bandwidth (120962256197.79%) too high
[1493554711] SERVICE ALERT: FTTH-SABANA01;TRONCAL [AMERICAN_DATA02 - Po5[G1/23 - G1/24]];CRITICAL;SOFT;3;CRITICAL - IN bandwidth (122978293809.52%) too high
